{
  "stats": {
    "suites": 1,
    "tests": 1,
    "passes": 0,
    "pending": 0,
    "failures": 1,
    "start": "2021-08-05T15:07:40.526Z",
    "end": "2021-08-05T15:08:14.498Z",
    "duration": 33972,
    "testsRegistered": 1,
    "passPercent": 0,
    "pendingPercent": 0,
    "other": 0,
    "hasOther": false,
    "skipped": 0,
    "hasSkipped": false
  },
  "results": [
    {
      "uuid": "4529c7e1-2fb9-42a8-b3c3-553be9f48e24",
      "title": "",
      "fullFile": "cypress/integration/test_coverage_spec.js",
      "file": "cypress/integration/test_coverage_spec.js",
      "beforeHooks": [],
      "afterHooks": [],
      "tests": [],
      "suites": [
        {
          "uuid": "8d852318-5698-43d3-af9f-a998ae072f2b",
          "title": "1 - Desenvolva os testes unitários de maneira que a cobertura seja de, no mínimo, 90%",
          "fullFile": "",
          "file": "",
          "beforeHooks": [],
          "afterHooks": [],
          "tests": [
            {
              "title": "Verifica a cobertura de testes unitários",
              "fullTitle": "1 - Desenvolva os testes unitários de maneira que a cobertura seja de, no mínimo, 90% Verifica a cobertura de testes unitários",
              "timedOut": null,
              "duration": 33957,
              "state": "failed",
              "speed": null,
              "pass": false,
              "fail": true,
              "pending": false,
              "context": null,
              "code": "cy.exec('npm run test-coverage -- --coverageReporters=\"json-summary\" --testFailureExitCode=0');\ncy.readFile('coverage/coverage-summary.json').its('total.lines.pct').should('be.gte', 90.00);",
              "err": {
                "message": "CypressError: Timed out retrying: expected 21.56 to be at least 90",
                "estack": "CypressError: Timed out retrying: expected 21.56 to be at least 90\n    at Object.cypressErr (http://localhost:45685/__cypress/runner/cypress_runner.js:86207:11)\n    at Object.throwErr (http://localhost:45685/__cypress/runner/cypress_runner.js:86162:18)\n    at Object.throwErrByPath (http://localhost:45685/__cypress/runner/cypress_runner.js:86194:17)\n    at retry (http://localhost:45685/__cypress/runner/cypress_runner.js:76849:16)\n    at onFailFn (http://localhost:45685/__cypress/runner/cypress_runner.js:65634:16)\n    at tryCatcher (http://localhost:45685/__cypress/runner/cypress_runner.js:120203:23)\n    at Promise._settlePromiseFromHandler (http://localhost:45685/__cypress/runner/cypress_runner.js:118139:31)\n    at Promise._settlePromise (http://localhost:45685/__cypress/runner/cypress_runner.js:118196:18)\n    at Promise._settlePromise0 (http://localhost:45685/__cypress/runner/cypress_runner.js:118241:10)\n    at Promise._settlePromises (http://localhost:45685/__cypress/runner/cypress_runner.js:118316:18)\n    at Async../node_modules/bluebird/js/release/async.js.Async._drainQueue (http://localhost:45685/__cypress/runner/cypress_runner.js:114928:16)\n    at Async../node_modules/bluebird/js/release/async.js.Async._drainQueues (http://localhost:45685/__cypress/runner/cypress_runner.js:114938:10)\n    at Async.drainQueues (http://localhost:45685/__cypress/runner/cypress_runner.js:114812:14)",
                "diff": null
              },
              "uuid": "6e08a71f-2565-4f1a-a586-7c5aa420d5d4",
              "parentUUID": "8d852318-5698-43d3-af9f-a998ae072f2b",
              "isHook": false,
              "skipped": false
            }
          ],
          "suites": [],
          "passes": [],
          "failures": [
            "6e08a71f-2565-4f1a-a586-7c5aa420d5d4"
          ],
          "pending": [],
          "skipped": [],
          "duration": 33957,
          "root": false,
          "rootEmpty": false,
          "_timeout": 2000
        }
      ],
      "passes": [],
      "failures": [],
      "pending": [],
      "skipped": [],
      "duration": 0,
      "root": true,
      "rootEmpty": true,
      "_timeout": 2000
    }
  ],
  "meta": {
    "mocha": {
      "version": "8.2.1"
    },
    "mochawesome": {
      "options": {
        "quiet": false,
        "reportFilename": "mochawesome",
        "saveHtml": false,
        "saveJson": true,
        "consoleReporter": "spec",
        "useInlineDiffs": false,
        "code": true
      },
      "version": "6.2.1"
    },
    "marge": {
      "options": {
        "id": "default",
        "reportDir": "cypress/reports",
        "overwrite": false,
        "html": false,
        "json": true
      },
      "version": "5.1.0"
    }
  }
}