{
  "stats": {
    "suites": 1,
    "tests": 2,
    "passes": 1,
    "pending": 0,
    "failures": 1,
    "start": "2021-08-06T21:29:35.311Z",
    "end": "2021-08-06T21:29:50.311Z",
    "duration": 15000,
    "testsRegistered": 2,
    "passPercent": 50,
    "pendingPercent": 0,
    "other": 0,
    "hasOther": false,
    "skipped": 0,
    "hasSkipped": false
  },
  "results": [
    {
      "uuid": "74353d7e-d7ad-4c3e-897f-9ee305848e66",
      "title": "",
      "fullFile": "cypress/integration/recipe_detail_spec.js",
      "file": "cypress/integration/recipe_detail_spec.js",
      "beforeHooks": [],
      "afterHooks": [],
      "tests": [],
      "suites": [
        {
          "uuid": "033f30b6-7d91-4c53-a4fb-41994430414c",
          "title": "35 - Desenvolva a tela de forma que contenha uma imagem da receita, o título, a categoria (ou se é ou não alcoólico), uma lista de ingredientes seguidos pelas quantidades, instruções, um vídeo do youtube \"embedado\" e recomendações",
          "fullFile": "",
          "file": "",
          "beforeHooks": [],
          "afterHooks": [],
          "tests": [
            {
              "title": "Verifica se os elementos descritos no protótipo existem na tela de detalhes de comida",
              "fullTitle": "35 - Desenvolva a tela de forma que contenha uma imagem da receita, o título, a categoria (ou se é ou não alcoólico), uma lista de ingredientes seguidos pelas quantidades, instruções, um vídeo do youtube \"embedado\" e recomendações Verifica se os elementos descritos no protótipo existem na tela de detalhes de comida",
              "timedOut": null,
              "duration": 2535,
              "state": "passed",
              "speed": "slow",
              "pass": true,
              "fail": false,
              "pending": false,
              "context": null,
              "code": "cy.visit('http://localhost:3000/comidas/52771', {\n  onBeforeLoad: function onBeforeLoad(win) {\n    win.fetch = fetchMock;\n  }\n});\ncy.get('[data-testid=\"recipe-photo\"]').should('have.prop', 'tagName').should('eq', 'IMG');\ncy.get('[data-testid=\"recipe-title\"]').contains('Spicy Arrabiata Penne');\ncy.get('[data-testid=\"recipe-category\"]').contains('Vegetarian');\ncy.get('[data-testid=\"0-ingredient-name-and-measure\"]').contains('penne rigate');\ncy.get('[data-testid=\"0-ingredient-name-and-measure\"]').contains('1 pound');\ncy.get('[data-testid=\"1-ingredient-name-and-measure\"]').contains('olive oil');\ncy.get('[data-testid=\"1-ingredient-name-and-measure\"]').contains('1/4 cup');\ncy.get('[data-testid=\"2-ingredient-name-and-measure\"]').contains('garlic');\ncy.get('[data-testid=\"2-ingredient-name-and-measure\"]').contains('3 cloves');\ncy.get('[data-testid=\"3-ingredient-name-and-measure\"]').contains('chopped tomatoes');\ncy.get('[data-testid=\"3-ingredient-name-and-measure\"]').contains('1 tin');\ncy.get('[data-testid=\"4-ingredient-name-and-measure\"]').contains('red chile flakes');\ncy.get('[data-testid=\"4-ingredient-name-and-measure\"]').contains('1/2 teaspoon');\ncy.get('[data-testid=\"5-ingredient-name-and-measure\"]').contains('italian seasoning');\ncy.get('[data-testid=\"5-ingredient-name-and-measure\"]').contains('1/2 teaspoon');\ncy.get('[data-testid=\"6-ingredient-name-and-measure\"]').contains('basil');\ncy.get('[data-testid=\"6-ingredient-name-and-measure\"]').contains('6 leaves');\ncy.get('[data-testid=\"7-ingredient-name-and-measure\"]').contains('Parmigiano-Reggiano');\ncy.get('[data-testid=\"7-ingredient-name-and-measure\"]').contains('spinkling');\ncy.get('[data-testid=\"instructions\"]').contains('Bring a large pot of water to a boil. Add kosher salt to the boiling water, then add the pasta. Cook according to the package instructions, about 9 minutes.\\r\\nIn a large skillet over medium-high heat, add the olive oil and heat until the oil starts to shimmer. Add the garlic and cook, stirring, until fragrant, 1 to 2 minutes. Add the chopped tomatoes, red chile flakes, Italian seasoning and salt and pepper to taste. Bring to a boil and cook for 5 minutes. Remove from the heat and add the chopped basil.\\r\\nDrain the pasta and add it to the sauce. Garnish with Parmigiano-Reggiano flakes and more basil and serve warm.');\ncy.get('[data-testid=\"video\"]').should('exist');\ncy.get('[data-testid*=\"recomendation-card\"]').should('exist');",
              "err": {},
              "uuid": "6174ca32-9c94-4070-8e14-417036e930d9",
              "parentUUID": "033f30b6-7d91-4c53-a4fb-41994430414c",
              "isHook": false,
              "skipped": false
            },
            {
              "title": "Verifica se os elementos descritos no protótipo existem na tela de detalhes de bebida",
              "fullTitle": "35 - Desenvolva a tela de forma que contenha uma imagem da receita, o título, a categoria (ou se é ou não alcoólico), uma lista de ingredientes seguidos pelas quantidades, instruções, um vídeo do youtube \"embedado\" e recomendações Verifica se os elementos descritos no protótipo existem na tela de detalhes de bebida",
              "timedOut": null,
              "duration": 10707,
              "state": "failed",
              "speed": null,
              "pass": false,
              "fail": true,
              "pending": false,
              "context": null,
              "code": "cy.visit('http://localhost:3000/bebidas/178319', {\n  onBeforeLoad: function onBeforeLoad(win) {\n    win.fetch = fetchMock;\n  }\n});\ncy.get('[data-testid=\"recipe-photo\"]').should('have.prop', 'tagName').should('eq', 'IMG');\ncy.get('[data-testid=\"recipe-title\"]').contains('Aquamarine');\ncy.get('[data-testid=\"recipe-category\"]').contains('Alcoholic');\ncy.get('[data-testid=\"0-ingredient-name-and-measure\"]').contains('Hpnotiq');\ncy.get('[data-testid=\"0-ingredient-name-and-measure\"]').contains('2 oz');\ncy.get('[data-testid=\"1-ingredient-name-and-measure\"]').contains('Pineapple Juice');\ncy.get('[data-testid=\"1-ingredient-name-and-measure\"]').contains('1 oz');\ncy.get('[data-testid=\"2-ingredient-name-and-measure\"]').contains('Banana Liqueur');\ncy.get('[data-testid=\"2-ingredient-name-and-measure\"]').contains('1 oz');\ncy.get('[data-testid=\"instructions\"]').contains('Shake well in a shaker with ice.\\r\\nStrain in a martini glass.');\ncy.get('[data-testid*=\"recomendation-card\"]').should('exist');",
              "err": {
                "message": "CypressError: Timed out retrying: Expected to find element: '[data-testid=\"0-ingredient-name-and-measure\"]', but never found it.",
                "estack": "CypressError: Timed out retrying: Expected to find element: '[data-testid=\"0-ingredient-name-and-measure\"]', but never found it.\n    at Object.cypressErr (http://localhost:3000/__cypress/runner/cypress_runner.js:86207:11)\n    at Object.throwErr (http://localhost:3000/__cypress/runner/cypress_runner.js:86162:18)\n    at Object.throwErrByPath (http://localhost:3000/__cypress/runner/cypress_runner.js:86194:17)\n    at retry (http://localhost:3000/__cypress/runner/cypress_runner.js:76849:16)\n    at onFailFn (http://localhost:3000/__cypress/runner/cypress_runner.js:65634:16)\n    at tryCatcher (http://localhost:3000/__cypress/runner/cypress_runner.js:120203:23)\n    at Promise._settlePromiseFromHandler (http://localhost:3000/__cypress/runner/cypress_runner.js:118139:31)\n    at Promise._settlePromise (http://localhost:3000/__cypress/runner/cypress_runner.js:118196:18)\n    at Promise._settlePromise0 (http://localhost:3000/__cypress/runner/cypress_runner.js:118241:10)\n    at Promise._settlePromises (http://localhost:3000/__cypress/runner/cypress_runner.js:118316:18)\n    at Async../node_modules/bluebird/js/release/async.js.Async._drainQueue (http://localhost:3000/__cypress/runner/cypress_runner.js:114928:16)\n    at Async../node_modules/bluebird/js/release/async.js.Async._drainQueues (http://localhost:3000/__cypress/runner/cypress_runner.js:114938:10)\n    at Async.drainQueues (http://localhost:3000/__cypress/runner/cypress_runner.js:114812:14)",
                "diff": null
              },
              "uuid": "c3904948-68e8-424f-80a8-88691ed0fdd5",
              "parentUUID": "033f30b6-7d91-4c53-a4fb-41994430414c",
              "isHook": false,
              "skipped": false
            }
          ],
          "suites": [],
          "passes": [
            "6174ca32-9c94-4070-8e14-417036e930d9"
          ],
          "failures": [
            "c3904948-68e8-424f-80a8-88691ed0fdd5"
          ],
          "pending": [],
          "skipped": [],
          "duration": 13242,
          "root": false,
          "rootEmpty": false,
          "_timeout": 2000
        }
      ],
      "passes": [],
      "failures": [],
      "pending": [],
      "skipped": [],
      "duration": 0,
      "root": true,
      "rootEmpty": true,
      "_timeout": 2000
    }
  ],
  "meta": {
    "mocha": {
      "version": "8.2.1"
    },
    "mochawesome": {
      "options": {
        "quiet": false,
        "reportFilename": "mochawesome",
        "saveHtml": false,
        "saveJson": true,
        "consoleReporter": "spec",
        "useInlineDiffs": false,
        "code": true
      },
      "version": "6.2.1"
    },
    "marge": {
      "options": {
        "id": "default",
        "reportDir": "cypress/reports",
        "overwrite": false,
        "html": false,
        "json": true
      },
      "version": "5.1.0"
    }
  }
}