{
  "stats": {
    "suites": 3,
    "tests": 4,
    "passes": 4,
    "pending": 0,
    "failures": 0,
    "start": "2021-08-05T17:49:34.836Z",
    "end": "2021-08-05T17:49:36.965Z",
    "duration": 2129,
    "testsRegistered": 4,
    "passPercent": 100,
    "pendingPercent": 0,
    "other": 0,
    "hasOther": false,
    "skipped": 0,
    "hasSkipped": false
  },
  "results": [
    {
      "uuid": "5133bbcc-6aeb-43b7-b2e7-e97955529221",
      "title": "",
      "fullFile": "cypress/integration/explore_spec.js",
      "file": "cypress/integration/explore_spec.js",
      "beforeHooks": [],
      "afterHooks": [],
      "tests": [],
      "suites": [
        {
          "uuid": "bfed842f-1cd4-4285-bc21-006481bbbb92",
          "title": "67 - Implemente os elementos da tela de explorar respeitando os atributos descritos no protótipo",
          "fullFile": "",
          "file": "",
          "beforeHooks": [],
          "afterHooks": [],
          "tests": [
            {
              "title": "Tem os data-testids explore-food e explore-drinks",
              "fullTitle": "67 - Implemente os elementos da tela de explorar respeitando os atributos descritos no protótipo Tem os data-testids explore-food e explore-drinks",
              "timedOut": null,
              "duration": 609,
              "state": "passed",
              "speed": "slow",
              "pass": true,
              "fail": false,
              "pending": false,
              "context": null,
              "code": "cy.visit('http://localhost:3000/explorar');\ncy.get('[data-testid=\"explore-food\"]');\ncy.get('[data-testid=\"explore-drinks\"]');",
              "err": {},
              "uuid": "3cc92126-040b-45b2-9c7d-60011b2bcb96",
              "parentUUID": "bfed842f-1cd4-4285-bc21-006481bbbb92",
              "isHook": false,
              "skipped": false
            }
          ],
          "suites": [],
          "passes": [
            "3cc92126-040b-45b2-9c7d-60011b2bcb96"
          ],
          "failures": [],
          "pending": [],
          "skipped": [],
          "duration": 609,
          "root": false,
          "rootEmpty": false,
          "_timeout": 2000
        },
        {
          "uuid": "4d7d91ae-c1ad-4c38-8392-e1572aceeabe",
          "title": "68 - Desenvolva a tela de maneira que tenha 2 botões: um para explorar comidas e o outro para explorar bebidas",
          "fullFile": "",
          "file": "",
          "beforeHooks": [],
          "afterHooks": [],
          "tests": [
            {
              "title": "O nomes dos botões devem ser \"Explorar Comidas\" e \"Explorar Bebidas\"",
              "fullTitle": "68 - Desenvolva a tela de maneira que tenha 2 botões: um para explorar comidas e o outro para explorar bebidas O nomes dos botões devem ser \"Explorar Comidas\" e \"Explorar Bebidas\"",
              "timedOut": null,
              "duration": 213,
              "state": "passed",
              "speed": "slow",
              "pass": true,
              "fail": false,
              "pending": false,
              "context": null,
              "code": "cy.visit('http://localhost:3000/explorar');\ncy.get('[data-testid=\"explore-food\"]').contains('Explorar Comidas');\ncy.get('[data-testid=\"explore-drinks\"]').contains('Explorar Bebidas');",
              "err": {},
              "uuid": "6ea76f9d-2192-42c5-8901-5548c446a097",
              "parentUUID": "4d7d91ae-c1ad-4c38-8392-e1572aceeabe",
              "isHook": false,
              "skipped": false
            }
          ],
          "suites": [],
          "passes": [
            "6ea76f9d-2192-42c5-8901-5548c446a097"
          ],
          "failures": [],
          "pending": [],
          "skipped": [],
          "duration": 213,
          "root": false,
          "rootEmpty": false,
          "_timeout": 2000
        },
        {
          "uuid": "0b8eb2a3-ecab-47ff-b997-3a6187e55d09",
          "title": "69 - Redirecione a pessoa usuária ao clicar em um dos botões, a rota deve mudar para a página de explorar comidas ou de explorar bebidas",
          "fullFile": "",
          "file": "",
          "beforeHooks": [],
          "afterHooks": [],
          "tests": [
            {
              "title": "Os nomes dos botões devem ser \"Explorar Comidas\" e \"Explorar Bebidas\"",
              "fullTitle": "69 - Redirecione a pessoa usuária ao clicar em um dos botões, a rota deve mudar para a página de explorar comidas ou de explorar bebidas Os nomes dos botões devem ser \"Explorar Comidas\" e \"Explorar Bebidas\"",
              "timedOut": null,
              "duration": 224,
              "state": "passed",
              "speed": "slow",
              "pass": true,
              "fail": false,
              "pending": false,
              "context": null,
              "code": "cy.visit('http://localhost:3000/explorar');\ncy.get('[data-testid=\"explore-food\"]').click();\ncy.location().should(function (loc) {\n  return expect(loc.pathname).to.eq('/explorar/comidas');\n});",
              "err": {},
              "uuid": "94557e85-0983-4d10-b058-c7ae44ed106b",
              "parentUUID": "0b8eb2a3-ecab-47ff-b997-3a6187e55d09",
              "isHook": false,
              "skipped": false
            },
            {
              "title": "Os nomes dos botões devem ser \"Explorar Comidas\" e \"Explorar Bebidas\"",
              "fullTitle": "69 - Redirecione a pessoa usuária ao clicar em um dos botões, a rota deve mudar para a página de explorar comidas ou de explorar bebidas Os nomes dos botões devem ser \"Explorar Comidas\" e \"Explorar Bebidas\"",
              "timedOut": null,
              "duration": 211,
              "state": "passed",
              "speed": "slow",
              "pass": true,
              "fail": false,
              "pending": false,
              "context": null,
              "code": "cy.visit('http://localhost:3000/explorar');\ncy.get('[data-testid=\"explore-drinks\"]').click();\ncy.location().should(function (loc) {\n  return expect(loc.pathname).to.eq('/explorar/bebidas');\n});",
              "err": {},
              "uuid": "f08bce6d-b89d-4b76-9bb8-56a22b332230",
              "parentUUID": "0b8eb2a3-ecab-47ff-b997-3a6187e55d09",
              "isHook": false,
              "skipped": false
            }
          ],
          "suites": [],
          "passes": [
            "94557e85-0983-4d10-b058-c7ae44ed106b",
            "f08bce6d-b89d-4b76-9bb8-56a22b332230"
          ],
          "failures": [],
          "pending": [],
          "skipped": [],
          "duration": 435,
          "root": false,
          "rootEmpty": false,
          "_timeout": 2000
        }
      ],
      "passes": [],
      "failures": [],
      "pending": [],
      "skipped": [],
      "duration": 0,
      "root": true,
      "rootEmpty": true,
      "_timeout": 2000
    }
  ],
  "meta": {
    "mocha": {
      "version": "8.2.1"
    },
    "mochawesome": {
      "options": {
        "quiet": false,
        "reportFilename": "mochawesome",
        "saveHtml": false,
        "saveJson": true,
        "consoleReporter": "spec",
        "useInlineDiffs": false,
        "code": true
      },
      "version": "6.2.1"
    },
    "marge": {
      "options": {
        "id": "default",
        "reportDir": "cypress/reports",
        "overwrite": false,
        "html": false,
        "json": true
      },
      "version": "5.1.0"
    }
  }
}