{
  "stats": {
    "suites": 14,
    "tests": 32,
    "passes": 31,
    "pending": 0,
    "failures": 1,
    "start": "2021-08-10T18:06:41.187Z",
    "end": "2021-08-10T18:06:56.646Z",
    "duration": 15459,
    "testsRegistered": 32,
    "passPercent": 96.875,
    "pendingPercent": 0,
    "other": 0,
    "hasOther": false,
    "skipped": 0,
    "hasSkipped": false
  },
  "results": [
    {
      "uuid": "e92caae5-bb53-4681-a8b9-6930f89f7215",
      "title": "",
      "fullFile": "cypress/integration/recipe_detail_spec.js",
      "file": "cypress/integration/recipe_detail_spec.js",
      "beforeHooks": [],
      "afterHooks": [],
      "tests": [],
      "suites": [
        {
          "uuid": "524adc55-b4c1-4ae0-a1b0-b78de0645b84",
          "title": "33 - Implemente os elementos da tela de detalhes de uma receita respeitando os atributos descritos no protótipo",
          "fullFile": "",
          "file": "",
          "beforeHooks": [],
          "afterHooks": [],
          "tests": [
            {
              "title": "A tela de comida possui todos os atributos data-testid",
              "fullTitle": "33 - Implemente os elementos da tela de detalhes de uma receita respeitando os atributos descritos no protótipo A tela de comida possui todos os atributos data-testid",
              "timedOut": null,
              "duration": 1860,
              "state": "passed",
              "speed": "slow",
              "pass": true,
              "fail": false,
              "pending": false,
              "context": null,
              "code": "cy.visit('http://localhost:3000/comidas/52771', {\n  onBeforeLoad: function onBeforeLoad(win) {\n    win.fetch = fetchMock;\n  }\n});\ncy.get('[data-testid=\"recipe-photo\"]');\ncy.get('[data-testid=\"recipe-title\"]');\ncy.get('[data-testid=\"share-btn\"]');\ncy.get('[data-testid=\"favorite-btn\"]');\ncy.get('[data-testid=\"recipe-category\"]');\ncy.get('[data-testid=\"0-ingredient-name-and-measure\"]');\ncy.get('[data-testid=\"instructions\"]');\ncy.get('[data-testid=\"video\"]');\ncy.get('[data-testid=\"0-recomendation-card\"]');\ncy.get('[data-testid=\"start-recipe-btn\"]');",
              "err": {},
              "uuid": "c6f5af74-d496-426c-b173-7272d54eba52",
              "parentUUID": "524adc55-b4c1-4ae0-a1b0-b78de0645b84",
              "isHook": false,
              "skipped": false
            },
            {
              "title": "A tela de bebidas possui todos os atributos data-testid",
              "fullTitle": "33 - Implemente os elementos da tela de detalhes de uma receita respeitando os atributos descritos no protótipo A tela de bebidas possui todos os atributos data-testid",
              "timedOut": null,
              "duration": 985,
              "state": "passed",
              "speed": "slow",
              "pass": true,
              "fail": false,
              "pending": false,
              "context": null,
              "code": "cy.visit('http://localhost:3000/bebidas/178319', {\n  onBeforeLoad: function onBeforeLoad(win) {\n    win.fetch = fetchMock;\n  }\n});\ncy.get('[data-testid=\"recipe-photo\"]');\ncy.get('[data-testid=\"recipe-title\"]');\ncy.get('[data-testid=\"share-btn\"]');\ncy.get('[data-testid=\"favorite-btn\"]');\ncy.get('[data-testid=\"recipe-category\"]');\ncy.get('[data-testid=\"0-ingredient-name-and-measure\"]');\ncy.get('[data-testid=\"instructions\"]');\ncy.get('[data-testid=\"0-recomendation-card\"]');\ncy.get('[data-testid=\"start-recipe-btn\"]');",
              "err": {},
              "uuid": "abe03ff1-d4ee-43e2-ace6-54b7a1f19a5a",
              "parentUUID": "524adc55-b4c1-4ae0-a1b0-b78de0645b84",
              "isHook": false,
              "skipped": false
            }
          ],
          "suites": [],
          "passes": [
            "c6f5af74-d496-426c-b173-7272d54eba52",
            "abe03ff1-d4ee-43e2-ace6-54b7a1f19a5a"
          ],
          "failures": [],
          "pending": [],
          "skipped": [],
          "duration": 2845,
          "root": false,
          "rootEmpty": false,
          "_timeout": 2000
        },
        {
          "uuid": "e1e0b85d-cdb0-48e2-905f-a03a7067ec33",
          "title": "34 - Realize uma request para a API passando o `id` da receita que deve estar disponível nos parâmetros da URL",
          "fullFile": "",
          "file": "",
          "beforeHooks": [],
          "afterHooks": [],
          "tests": [
            {
              "title": "Verifica se a requisição para a API de comidas foi realizada",
              "fullTitle": "34 - Realize uma request para a API passando o `id` da receita que deve estar disponível nos parâmetros da URL Verifica se a requisição para a API de comidas foi realizada",
              "timedOut": null,
              "duration": 180,
              "state": "passed",
              "speed": "slow",
              "pass": true,
              "fail": false,
              "pending": false,
              "context": null,
              "code": "cy.visit('http://localhost:3000/comidas/52771', {\n  onBeforeLoad: function onBeforeLoad(win) {\n    cy.spy(win, 'fetch');\n  }\n});\ncy.window().its('fetch').should('be.calledWith', 'https://www.themealdb.com/api/json/v1/1/lookup.php?i=52771');",
              "err": {},
              "uuid": "5618b24f-639e-4ded-9973-bf60a5e28121",
              "parentUUID": "e1e0b85d-cdb0-48e2-905f-a03a7067ec33",
              "isHook": false,
              "skipped": false
            },
            {
              "title": "Verifica se a requisição para a API de bebidas foi realizada",
              "fullTitle": "34 - Realize uma request para a API passando o `id` da receita que deve estar disponível nos parâmetros da URL Verifica se a requisição para a API de bebidas foi realizada",
              "timedOut": null,
              "duration": 175,
              "state": "passed",
              "speed": "slow",
              "pass": true,
              "fail": false,
              "pending": false,
              "context": null,
              "code": "cy.visit('http://localhost:3000/bebidas/178319', {\n  onBeforeLoad: function onBeforeLoad(win) {\n    cy.spy(win, 'fetch');\n  }\n});\ncy.window().its('fetch').should('be.calledWith', 'https://www.thecocktaildb.com/api/json/v1/1/lookup.php?i=178319');",
              "err": {},
              "uuid": "0aaef23e-6b32-4bfe-99d1-3a7f2a8fc83f",
              "parentUUID": "e1e0b85d-cdb0-48e2-905f-a03a7067ec33",
              "isHook": false,
              "skipped": false
            }
          ],
          "suites": [],
          "passes": [
            "5618b24f-639e-4ded-9973-bf60a5e28121",
            "0aaef23e-6b32-4bfe-99d1-3a7f2a8fc83f"
          ],
          "failures": [],
          "pending": [],
          "skipped": [],
          "duration": 355,
          "root": false,
          "rootEmpty": false,
          "_timeout": 2000
        },
        {
          "uuid": "63dfcc26-07e5-4c64-b75f-91a5a3cda6ee",
          "title": "35 - Desenvolva a tela de forma que contenha uma imagem da receita, o título, a categoria (ou se é ou não alcoólico), uma lista de ingredientes seguidos pelas quantidades, instruções, um vídeo do youtube \"embedado\" e recomendações",
          "fullFile": "",
          "file": "",
          "beforeHooks": [],
          "afterHooks": [],
          "tests": [
            {
              "title": "Verifica se os elementos descritos no protótipo existem na tela de detalhes de comida",
              "fullTitle": "35 - Desenvolva a tela de forma que contenha uma imagem da receita, o título, a categoria (ou se é ou não alcoólico), uma lista de ingredientes seguidos pelas quantidades, instruções, um vídeo do youtube \"embedado\" e recomendações Verifica se os elementos descritos no protótipo existem na tela de detalhes de comida",
              "timedOut": null,
              "duration": 513,
              "state": "passed",
              "speed": "slow",
              "pass": true,
              "fail": false,
              "pending": false,
              "context": null,
              "code": "cy.visit('http://localhost:3000/comidas/52771', {\n  onBeforeLoad: function onBeforeLoad(win) {\n    win.fetch = fetchMock;\n  }\n});\ncy.get('[data-testid=\"recipe-photo\"]').should('have.prop', 'tagName').should('eq', 'IMG');\ncy.get('[data-testid=\"recipe-title\"]').contains('Spicy Arrabiata Penne');\ncy.get('[data-testid=\"recipe-category\"]').contains('Vegetarian');\ncy.get('[data-testid=\"0-ingredient-name-and-measure\"]').contains('penne rigate');\ncy.get('[data-testid=\"0-ingredient-name-and-measure\"]').contains('1 pound');\ncy.get('[data-testid=\"1-ingredient-name-and-measure\"]').contains('olive oil');\ncy.get('[data-testid=\"1-ingredient-name-and-measure\"]').contains('1/4 cup');\ncy.get('[data-testid=\"2-ingredient-name-and-measure\"]').contains('garlic');\ncy.get('[data-testid=\"2-ingredient-name-and-measure\"]').contains('3 cloves');\ncy.get('[data-testid=\"3-ingredient-name-and-measure\"]').contains('chopped tomatoes');\ncy.get('[data-testid=\"3-ingredient-name-and-measure\"]').contains('1 tin');\ncy.get('[data-testid=\"4-ingredient-name-and-measure\"]').contains('red chile flakes');\ncy.get('[data-testid=\"4-ingredient-name-and-measure\"]').contains('1/2 teaspoon');\ncy.get('[data-testid=\"5-ingredient-name-and-measure\"]').contains('italian seasoning');\ncy.get('[data-testid=\"5-ingredient-name-and-measure\"]').contains('1/2 teaspoon');\ncy.get('[data-testid=\"6-ingredient-name-and-measure\"]').contains('basil');\ncy.get('[data-testid=\"6-ingredient-name-and-measure\"]').contains('6 leaves');\ncy.get('[data-testid=\"7-ingredient-name-and-measure\"]').contains('Parmigiano-Reggiano');\ncy.get('[data-testid=\"7-ingredient-name-and-measure\"]').contains('spinkling');\ncy.get('[data-testid=\"instructions\"]').contains('Bring a large pot of water to a boil. Add kosher salt to the boiling water, then add the pasta. Cook according to the package instructions, about 9 minutes.\\r\\nIn a large skillet over medium-high heat, add the olive oil and heat until the oil starts to shimmer. Add the garlic and cook, stirring, until fragrant, 1 to 2 minutes. Add the chopped tomatoes, red chile flakes, Italian seasoning and salt and pepper to taste. Bring to a boil and cook for 5 minutes. Remove from the heat and add the chopped basil.\\r\\nDrain the pasta and add it to the sauce. Garnish with Parmigiano-Reggiano flakes and more basil and serve warm.');\ncy.get('[data-testid=\"video\"]').should('exist');\ncy.get('[data-testid*=\"recomendation-card\"]').should('exist');",
              "err": {},
              "uuid": "c63110c5-d26a-4084-b9be-cfca712dedfc",
              "parentUUID": "63dfcc26-07e5-4c64-b75f-91a5a3cda6ee",
              "isHook": false,
              "skipped": false
            },
            {
              "title": "Verifica se os elementos descritos no protótipo existem na tela de detalhes de bebida",
              "fullTitle": "35 - Desenvolva a tela de forma que contenha uma imagem da receita, o título, a categoria (ou se é ou não alcoólico), uma lista de ingredientes seguidos pelas quantidades, instruções, um vídeo do youtube \"embedado\" e recomendações Verifica se os elementos descritos no protótipo existem na tela de detalhes de bebida",
              "timedOut": null,
              "duration": 256,
              "state": "passed",
              "speed": "slow",
              "pass": true,
              "fail": false,
              "pending": false,
              "context": null,
              "code": "cy.visit('http://localhost:3000/bebidas/178319', {\n  onBeforeLoad: function onBeforeLoad(win) {\n    win.fetch = fetchMock;\n  }\n});\ncy.get('[data-testid=\"recipe-photo\"]').should('have.prop', 'tagName').should('eq', 'IMG');\ncy.get('[data-testid=\"recipe-title\"]').contains('Aquamarine');\ncy.get('[data-testid=\"recipe-category\"]').contains('Alcoholic');\ncy.get('[data-testid=\"0-ingredient-name-and-measure\"]').contains('Hpnotiq');\ncy.get('[data-testid=\"0-ingredient-name-and-measure\"]').contains('2 oz');\ncy.get('[data-testid=\"1-ingredient-name-and-measure\"]').contains('Pineapple Juice');\ncy.get('[data-testid=\"1-ingredient-name-and-measure\"]').contains('1 oz');\ncy.get('[data-testid=\"2-ingredient-name-and-measure\"]').contains('Banana Liqueur');\ncy.get('[data-testid=\"2-ingredient-name-and-measure\"]').contains('1 oz');\ncy.get('[data-testid=\"instructions\"]').contains('Shake well in a shaker with ice.\\r\\nStrain in a martini glass.');\ncy.get('[data-testid*=\"recomendation-card\"]').should('exist');",
              "err": {},
              "uuid": "e96dc636-4ab3-4d68-8716-a120e82d652e",
              "parentUUID": "63dfcc26-07e5-4c64-b75f-91a5a3cda6ee",
              "isHook": false,
              "skipped": false
            }
          ],
          "suites": [],
          "passes": [
            "c63110c5-d26a-4084-b9be-cfca712dedfc",
            "e96dc636-4ab3-4d68-8716-a120e82d652e"
          ],
          "failures": [],
          "pending": [],
          "skipped": [],
          "duration": 769,
          "root": false,
          "rootEmpty": false,
          "_timeout": 2000
        },
        {
          "uuid": "6b76985a-f325-4d03-8a63-638ecfb18d85",
          "title": "36 - Implemente as recomendações, para receitas de comida, a recomendação deverá ser bebida e vice-versa",
          "fullFile": "",
          "file": "",
          "beforeHooks": [],
          "afterHooks": [],
          "tests": [
            {
              "title": "Verifica se a requisição para a API de bebidas foi realizada",
              "fullTitle": "36 - Implemente as recomendações, para receitas de comida, a recomendação deverá ser bebida e vice-versa Verifica se a requisição para a API de bebidas foi realizada",
              "timedOut": null,
              "duration": 264,
              "state": "passed",
              "speed": "slow",
              "pass": true,
              "fail": false,
              "pending": false,
              "context": null,
              "code": "cy.visit('http://localhost:3000/comidas/52771', {\n  onBeforeLoad: function onBeforeLoad(win) {\n    cy.spy(win, 'fetch');\n  }\n});\ncy.window().its('fetch').should('be.calledWith', 'https://www.thecocktaildb.com/api/json/v1/1/search.php?s=');",
              "err": {},
              "uuid": "d5f8848c-1e8d-4299-86cb-874414cec8ca",
              "parentUUID": "6b76985a-f325-4d03-8a63-638ecfb18d85",
              "isHook": false,
              "skipped": false
            },
            {
              "title": "Verifica se a requisição para a API de comidas foi realizada",
              "fullTitle": "36 - Implemente as recomendações, para receitas de comida, a recomendação deverá ser bebida e vice-versa Verifica se a requisição para a API de comidas foi realizada",
              "timedOut": null,
              "duration": 403,
              "state": "passed",
              "speed": "slow",
              "pass": true,
              "fail": false,
              "pending": false,
              "context": null,
              "code": "cy.visit('http://localhost:3000/bebidas/178319', {\n  onBeforeLoad: function onBeforeLoad(win) {\n    cy.spy(win, 'fetch');\n  }\n});\ncy.window().its('fetch').should('be.calledWith', 'https://www.themealdb.com/api/json/v1/1/search.php?s=');",
              "err": {},
              "uuid": "34dcd22b-160c-4a21-b219-ae30791405e5",
              "parentUUID": "6b76985a-f325-4d03-8a63-638ecfb18d85",
              "isHook": false,
              "skipped": false
            }
          ],
          "suites": [],
          "passes": [
            "d5f8848c-1e8d-4299-86cb-874414cec8ca",
            "34dcd22b-160c-4a21-b219-ae30791405e5"
          ],
          "failures": [],
          "pending": [],
          "skipped": [],
          "duration": 667,
          "root": false,
          "rootEmpty": false,
          "_timeout": 2000
        },
        {
          "uuid": "f0f7b4ec-317b-4d87-a0c0-b1d6d14e2080",
          "title": "37 - Implemente os cards de recomendação, onde serão 6 cards, mas mostrando apenas 2 e o scroll é horizontal, similar a um `carousel`",
          "fullFile": "",
          "file": "",
          "beforeHooks": [],
          "afterHooks": [],
          "tests": [
            {
              "title": "Verifica se existem todas as recomendações na tela de detalhes de uma comida",
              "fullTitle": "37 - Implemente os cards de recomendação, onde serão 6 cards, mas mostrando apenas 2 e o scroll é horizontal, similar a um `carousel` Verifica se existem todas as recomendações na tela de detalhes de uma comida",
              "timedOut": null,
              "duration": 476,
              "state": "passed",
              "speed": "slow",
              "pass": true,
              "fail": false,
              "pending": false,
              "context": null,
              "code": "cy.visit('http://localhost:3000/comidas/52771', {\n  onBeforeLoad: function onBeforeLoad(win) {\n    win.fetch = fetchMock;\n  }\n});\ncy.get('[data-testid*=\"recomendation-card\"]').should('have.length', 6);\ncy.get('[data-testid=\"0-recomendation-card\"]').should('exist').and('visible');\ncy.get('[data-testid=\"0-recomendation-title\"]').contains('GG');\ncy.get('[data-testid=\"1-recomendation-card\"]').should('exist').and('visible');\ncy.get('[data-testid=\"1-recomendation-title\"]').contains('A1');\ncy.get('[data-testid=\"2-recomendation-card\"]').should('exist').and('not.visible');\ncy.get('[data-testid=\"2-recomendation-title\"]').contains('ABC');\ncy.get('[data-testid=\"3-recomendation-card\"]').should('exist').and('not.visible');\ncy.get('[data-testid=\"3-recomendation-title\"]').contains('Kir');\ncy.get('[data-testid=\"4-recomendation-card\"]').should('exist').and('not.visible');\ncy.get('[data-testid=\"4-recomendation-title\"]').contains('747');\ncy.get('[data-testid=\"5-recomendation-card\"]').should('exist').and('not.visible');\ncy.get('[data-testid=\"5-recomendation-title\"]').contains('252');",
              "err": {},
              "uuid": "94add6a1-69af-4e80-894e-a72a7f329430",
              "parentUUID": "f0f7b4ec-317b-4d87-a0c0-b1d6d14e2080",
              "isHook": false,
              "skipped": false
            },
            {
              "title": "Verifica se existem todas as recomendações na tela de detalhes de uma bebida",
              "fullTitle": "37 - Implemente os cards de recomendação, onde serão 6 cards, mas mostrando apenas 2 e o scroll é horizontal, similar a um `carousel` Verifica se existem todas as recomendações na tela de detalhes de uma bebida",
              "timedOut": null,
              "duration": 242,
              "state": "passed",
              "speed": "slow",
              "pass": true,
              "fail": false,
              "pending": false,
              "context": null,
              "code": "cy.visit('http://localhost:3000/bebidas/178319', {\n  onBeforeLoad: function onBeforeLoad(win) {\n    win.fetch = fetchMock;\n  }\n});\ncy.get('[data-testid*=\"recomendation-card\"]').should('have.length', 6);\ncy.get('[data-testid=\"0-recomendation-card\"]').should('exist').and('visible');\ncy.get('[data-testid=\"0-recomendation-title\"]').contains('Corba');\ncy.get('[data-testid=\"1-recomendation-card\"]').should('exist').and('visible');\ncy.get('[data-testid=\"1-recomendation-title\"]').contains('Kumpir');\ncy.get('[data-testid=\"2-recomendation-card\"]').should('exist');\ncy.get('[data-testid=\"2-recomendation-title\"]').contains('Dal fry');\ncy.get('[data-testid=\"3-recomendation-card\"]').should('exist').and('not.visible');\ncy.get('[data-testid=\"3-recomendation-title\"]').contains('Poutine');\ncy.get('[data-testid=\"4-recomendation-card\"]').should('exist').and('not.visible');\ncy.get('[data-testid=\"4-recomendation-title\"]').contains('Lasagne');\ncy.get('[data-testid=\"5-recomendation-card\"]').should('exist').and('not.visible');\ncy.get('[data-testid=\"5-recomendation-title\"]').contains('Timbits');",
              "err": {},
              "uuid": "15822657-d974-4f2c-a2c0-127bac101ac9",
              "parentUUID": "f0f7b4ec-317b-4d87-a0c0-b1d6d14e2080",
              "isHook": false,
              "skipped": false
            }
          ],
          "suites": [],
          "passes": [
            "94add6a1-69af-4e80-894e-a72a7f329430",
            "15822657-d974-4f2c-a2c0-127bac101ac9"
          ],
          "failures": [],
          "pending": [],
          "skipped": [],
          "duration": 718,
          "root": false,
          "rootEmpty": false,
          "_timeout": 2000
        },
        {
          "uuid": "638dcef8-ea9c-46bb-981e-f80f6014a482",
          "title": "38 - Desenvolva um botão de nome \"Iniciar Receita\" que deve ficar fixo na parte de baixo da tela o tempo todo",
          "fullFile": "",
          "file": "",
          "beforeHooks": [],
          "afterHooks": [],
          "tests": [
            {
              "title": "Verifica posicionamento do botão na tela de detalhes de comida",
              "fullTitle": "38 - Desenvolva um botão de nome \"Iniciar Receita\" que deve ficar fixo na parte de baixo da tela o tempo todo Verifica posicionamento do botão na tela de detalhes de comida",
              "timedOut": null,
              "duration": 500,
              "state": "passed",
              "speed": "slow",
              "pass": true,
              "fail": false,
              "pending": false,
              "context": null,
              "code": "cy.visit('http://localhost:3000/comidas/52771', {\n  onBeforeLoad: function onBeforeLoad(win) {\n    win.fetch = fetchMock;\n  }\n});\ncy.get('[data-testid=\"start-recipe-btn\"]').should('have.css', 'position', 'fixed').and('have.css', 'bottom', '0px');",
              "err": {},
              "uuid": "0463e5d5-e9c4-405b-a2a4-3171b182ecd0",
              "parentUUID": "638dcef8-ea9c-46bb-981e-f80f6014a482",
              "isHook": false,
              "skipped": false
            },
            {
              "title": "Verifica posicionamento do botão na tela de detalhes de bebida",
              "fullTitle": "38 - Desenvolva um botão de nome \"Iniciar Receita\" que deve ficar fixo na parte de baixo da tela o tempo todo Verifica posicionamento do botão na tela de detalhes de bebida",
              "timedOut": null,
              "duration": 206,
              "state": "passed",
              "speed": "slow",
              "pass": true,
              "fail": false,
              "pending": false,
              "context": null,
              "code": "cy.visit('http://localhost:3000/bebidas/178319', {\n  onBeforeLoad: function onBeforeLoad(win) {\n    win.fetch = fetchMock;\n  }\n});\ncy.get('[data-testid=\"start-recipe-btn\"]').should('have.css', 'position', 'fixed').and('have.css', 'bottom', '0px');",
              "err": {},
              "uuid": "a89ad2ad-1afc-46fb-abab-57da4947de51",
              "parentUUID": "638dcef8-ea9c-46bb-981e-f80f6014a482",
              "isHook": false,
              "skipped": false
            }
          ],
          "suites": [],
          "passes": [
            "0463e5d5-e9c4-405b-a2a4-3171b182ecd0",
            "a89ad2ad-1afc-46fb-abab-57da4947de51"
          ],
          "failures": [],
          "pending": [],
          "skipped": [],
          "duration": 706,
          "root": false,
          "rootEmpty": false,
          "_timeout": 2000
        },
        {
          "uuid": "fe856970-a63a-43b2-9f15-0683f999a02f",
          "title": "39 - Implemente a solução de forma que caso a receita já tenha sido feita, o botão \"Iniciar Receita\" deve sumir",
          "fullFile": "",
          "file": "",
          "beforeHooks": [],
          "afterHooks": [],
          "tests": [
            {
              "title": "Verifica se botão de iniciar receita não é visível na tela de detalhes de uma comida",
              "fullTitle": "39 - Implemente a solução de forma que caso a receita já tenha sido feita, o botão \"Iniciar Receita\" deve sumir Verifica se botão de iniciar receita não é visível na tela de detalhes de uma comida",
              "timedOut": null,
              "duration": 416,
              "state": "passed",
              "speed": "slow",
              "pass": true,
              "fail": false,
              "pending": false,
              "context": null,
              "code": "cy.visit('http://localhost:3000/comidas/52771', {\n  onBeforeLoad: function onBeforeLoad(win) {\n    var doneRecipes = [{\n      \"id\": \"52771\",\n      \"type\": \"comida\",\n      \"area\": \"Italian\",\n      \"category\": \"Vegetarian\",\n      \"alcoholicOrNot\": \"\",\n      \"name\": \"Spicy Arrabiata Penne\",\n      \"image\": \"https://www.themealdb.com/images/media/meals/ustsqw1468250014.jpg\",\n      \"doneDate\": \"22/6/2020\",\n      \"tags\": [\"Pasta\", \"Curry\"]\n    }];\n    localStorage.setItem('doneRecipes', JSON.stringify(doneRecipes));\n    win.fetch = fetchMock;\n  }\n});\ncy.get('[data-testid=\"start-recipe-btn\"]').should('not.be.visible');",
              "err": {},
              "uuid": "fc37177b-590d-482a-b9d8-10a921afd92d",
              "parentUUID": "fe856970-a63a-43b2-9f15-0683f999a02f",
              "isHook": false,
              "skipped": false
            },
            {
              "title": "Verifica se botão de iniciar receita não é visível na tela de detalhes de uma bebida",
              "fullTitle": "39 - Implemente a solução de forma que caso a receita já tenha sido feita, o botão \"Iniciar Receita\" deve sumir Verifica se botão de iniciar receita não é visível na tela de detalhes de uma bebida",
              "timedOut": null,
              "duration": 263,
              "state": "passed",
              "speed": "slow",
              "pass": true,
              "fail": false,
              "pending": false,
              "context": null,
              "code": "cy.visit('http://localhost:3000/bebidas/178319', {\n  onBeforeLoad: function onBeforeLoad(win) {\n    var doneRecipes = [{\n      \"id\": \"178319\",\n      \"type\": \"bebida\",\n      \"area\": \"\",\n      \"category\": \"Cocktail\",\n      \"alcoholicOrNot\": \"Alcoholic\",\n      \"name\": \"Aquamarine\",\n      \"image\": \"https://www.thecocktaildb.com/images/media/drink/zvsre31572902738.jpg\",\n      \"doneDate\": \"23/6/2020\",\n      \"tags\": []\n    }];\n    localStorage.setItem('doneRecipes', JSON.stringify(doneRecipes));\n    win.fetch = fetchMock;\n  }\n});\ncy.get('[data-testid=\"start-recipe-btn\"]').should('not.be.visible');",
              "err": {},
              "uuid": "a2dd9e37-a530-4405-90b9-0431cc7dc414",
              "parentUUID": "fe856970-a63a-43b2-9f15-0683f999a02f",
              "isHook": false,
              "skipped": false
            }
          ],
          "suites": [],
          "passes": [
            "fc37177b-590d-482a-b9d8-10a921afd92d",
            "a2dd9e37-a530-4405-90b9-0431cc7dc414"
          ],
          "failures": [],
          "pending": [],
          "skipped": [],
          "duration": 679,
          "root": false,
          "rootEmpty": false,
          "_timeout": 2000
        },
        {
          "uuid": "b194979b-cf1e-4ced-a47b-aaa28b54c0d1",
          "title": "40 - Implemente a solução de modo que caso a receita tenha sido iniciada mas não finalizada, o texto do botão deve ser \"Continuar Receita\"",
          "fullFile": "",
          "file": "",
          "beforeHooks": [],
          "afterHooks": [],
          "tests": [
            {
              "title": "Verifica botão de \"Continuar Receita\" na tela de detalhes de uma comida",
              "fullTitle": "40 - Implemente a solução de modo que caso a receita tenha sido iniciada mas não finalizada, o texto do botão deve ser \"Continuar Receita\" Verifica botão de \"Continuar Receita\" na tela de detalhes de uma comida",
              "timedOut": null,
              "duration": 304,
              "state": "passed",
              "speed": "slow",
              "pass": true,
              "fail": false,
              "pending": false,
              "context": null,
              "code": "cy.visit('http://localhost:3000/comidas/52771', {\n  onBeforeLoad: function onBeforeLoad(win) {\n    var inProgressRecipes = {\n      meals: {\n        52771: []\n      }\n    };\n    localStorage.setItem('inProgressRecipes', JSON.stringify(inProgressRecipes));\n    win.fetch = fetchMock;\n  }\n});\ncy.get('[data-testid=\"start-recipe-btn\"]').contains('Continuar Receita');",
              "err": {},
              "uuid": "bda965be-eafd-451e-a295-096704e2ef4e",
              "parentUUID": "b194979b-cf1e-4ced-a47b-aaa28b54c0d1",
              "isHook": false,
              "skipped": false
            },
            {
              "title": "Verifica botão de \"Continuar Receita\" na tela de detalhes de uma bebida",
              "fullTitle": "40 - Implemente a solução de modo que caso a receita tenha sido iniciada mas não finalizada, o texto do botão deve ser \"Continuar Receita\" Verifica botão de \"Continuar Receita\" na tela de detalhes de uma bebida",
              "timedOut": null,
              "duration": 264,
              "state": "passed",
              "speed": "slow",
              "pass": true,
              "fail": false,
              "pending": false,
              "context": null,
              "code": "cy.visit('http://localhost:3000/bebidas/178319', {\n  onBeforeLoad: function onBeforeLoad(win) {\n    var inProgressRecipes = {\n      cocktails: {\n        178319: []\n      }\n    };\n    localStorage.setItem('inProgressRecipes', JSON.stringify(inProgressRecipes));\n    win.fetch = fetchMock;\n  }\n});\ncy.get('[data-testid=\"start-recipe-btn\"]').contains('Continuar Receita');",
              "err": {},
              "uuid": "23f51325-18b5-4b02-a31d-08d9289cacb8",
              "parentUUID": "b194979b-cf1e-4ced-a47b-aaa28b54c0d1",
              "isHook": false,
              "skipped": false
            }
          ],
          "suites": [],
          "passes": [
            "bda965be-eafd-451e-a295-096704e2ef4e",
            "23f51325-18b5-4b02-a31d-08d9289cacb8"
          ],
          "failures": [],
          "pending": [],
          "skipped": [],
          "duration": 568,
          "root": false,
          "rootEmpty": false,
          "_timeout": 2000
        },
        {
          "uuid": "77078d94-5ea0-44f2-b6b8-a49672f3b462",
          "title": "41 - Redirecione a pessoa usuário caso o botão \"Iniciar Receita\" seja clicado, a rota deve mudar para a tela de receita em processo",
          "fullFile": "",
          "file": "",
          "beforeHooks": [],
          "afterHooks": [],
          "tests": [
            {
              "title": "Redireciona para tela de receita da comida em processo",
              "fullTitle": "41 - Redirecione a pessoa usuário caso o botão \"Iniciar Receita\" seja clicado, a rota deve mudar para a tela de receita em processo Redireciona para tela de receita da comida em processo",
              "timedOut": null,
              "duration": 443,
              "state": "passed",
              "speed": "slow",
              "pass": true,
              "fail": false,
              "pending": false,
              "context": null,
              "code": "cy.visit('http://localhost:3000/comidas/52771', {\n  onBeforeLoad: function onBeforeLoad(win) {\n    win.fetch = fetchMock;\n  }\n});\ncy.get('[data-testid=\"start-recipe-btn\"]').click();\ncy.location().should(function (loc) {\n  return expect(loc.pathname).to.eq('/comidas/52771/in-progress');\n});",
              "err": {},
              "uuid": "607d2758-e26d-4071-b85c-c02d2ad71733",
              "parentUUID": "77078d94-5ea0-44f2-b6b8-a49672f3b462",
              "isHook": false,
              "skipped": false
            },
            {
              "title": "Redireciona para tela de receita da bebida em processo",
              "fullTitle": "41 - Redirecione a pessoa usuário caso o botão \"Iniciar Receita\" seja clicado, a rota deve mudar para a tela de receita em processo Redireciona para tela de receita da bebida em processo",
              "timedOut": null,
              "duration": 290,
              "state": "passed",
              "speed": "slow",
              "pass": true,
              "fail": false,
              "pending": false,
              "context": null,
              "code": "cy.visit('http://localhost:3000/bebidas/178319', {\n  onBeforeLoad: function onBeforeLoad(win) {\n    win.fetch = fetchMock;\n  }\n});\ncy.get('[data-testid=\"start-recipe-btn\"]').click();\ncy.location().should(function (loc) {\n  return expect(loc.pathname).to.eq('/bebidas/178319/in-progress');\n});",
              "err": {},
              "uuid": "eb515a18-9c32-4d52-a5f4-bd51cc9ec604",
              "parentUUID": "77078d94-5ea0-44f2-b6b8-a49672f3b462",
              "isHook": false,
              "skipped": false
            }
          ],
          "suites": [],
          "passes": [
            "607d2758-e26d-4071-b85c-c02d2ad71733",
            "eb515a18-9c32-4d52-a5f4-bd51cc9ec604"
          ],
          "failures": [],
          "pending": [],
          "skipped": [],
          "duration": 733,
          "root": false,
          "rootEmpty": false,
          "_timeout": 2000
        },
        {
          "uuid": "aae53f78-d24d-43c5-999b-e4a6efc8fc64",
          "title": "42 - Implemente um botão de compartilhar e um de favoritar a receita",
          "fullFile": "",
          "file": "",
          "beforeHooks": [],
          "afterHooks": [],
          "tests": [
            {
              "title": "Verifica se os botões estão disponíveis na tela de detalhes de uma comida",
              "fullTitle": "42 - Implemente um botão de compartilhar e um de favoritar a receita Verifica se os botões estão disponíveis na tela de detalhes de uma comida",
              "timedOut": null,
              "duration": 363,
              "state": "passed",
              "speed": "slow",
              "pass": true,
              "fail": false,
              "pending": false,
              "context": null,
              "code": "cy.visit('http://localhost:3000/comidas/52771', {\n  onBeforeLoad: function onBeforeLoad(win) {\n    win.fetch = fetchMock;\n  }\n});\ncy.get('[data-testid=\"share-btn\"]').should('exist');\ncy.get('[data-testid=\"favorite-btn\"]').should('exist');",
              "err": {},
              "uuid": "b6d49b73-4a44-4d46-a83f-aacd5bd47fb2",
              "parentUUID": "aae53f78-d24d-43c5-999b-e4a6efc8fc64",
              "isHook": false,
              "skipped": false
            },
            {
              "title": "Verifica se os botões estão disponíveis na tela de detalhes de uma bebida",
              "fullTitle": "42 - Implemente um botão de compartilhar e um de favoritar a receita Verifica se os botões estão disponíveis na tela de detalhes de uma bebida",
              "timedOut": null,
              "duration": 239,
              "state": "passed",
              "speed": "slow",
              "pass": true,
              "fail": false,
              "pending": false,
              "context": null,
              "code": "cy.visit('http://localhost:3000/bebidas/178319', {\n  onBeforeLoad: function onBeforeLoad(win) {\n    win.fetch = fetchMock;\n  }\n});\ncy.get('[data-testid=\"share-btn\"]').should('exist');\ncy.get('[data-testid=\"favorite-btn\"]').should('exist');",
              "err": {},
              "uuid": "5b519ded-ea6a-4b5d-b13f-ad6be1a333d6",
              "parentUUID": "aae53f78-d24d-43c5-999b-e4a6efc8fc64",
              "isHook": false,
              "skipped": false
            }
          ],
          "suites": [],
          "passes": [
            "b6d49b73-4a44-4d46-a83f-aacd5bd47fb2",
            "5b519ded-ea6a-4b5d-b13f-ad6be1a333d6"
          ],
          "failures": [],
          "pending": [],
          "skipped": [],
          "duration": 602,
          "root": false,
          "rootEmpty": false,
          "_timeout": 2000
        },
        {
          "uuid": "6d541863-9001-4014-ac89-5ca368859666",
          "title": "43 - Implemente a solução de forma que, ao clicar no botão de compartilhar, o link da receita dentro do app deve ser copiado para o clipboard e uma mensagem avisando que o link foi copiado deve aparecer",
          "fullFile": "",
          "file": "",
          "beforeHooks": [],
          "afterHooks": [],
          "tests": [
            {
              "title": "Verifica a mensagem \"Link copiado!\" e se o link da receita da comida foi copiado para o clipboard",
              "fullTitle": "43 - Implemente a solução de forma que, ao clicar no botão de compartilhar, o link da receita dentro do app deve ser copiado para o clipboard e uma mensagem avisando que o link foi copiado deve aparecer Verifica a mensagem \"Link copiado!\" e se o link da receita da comida foi copiado para o clipboard",
              "timedOut": null,
              "duration": 485,
              "state": "passed",
              "speed": "slow",
              "pass": true,
              "fail": false,
              "pending": false,
              "context": null,
              "code": "cy.visit('http://localhost:3000/comidas/52771', {\n  onBeforeLoad: function onBeforeLoad(win) {\n    win.fetch = fetchMock;\n  }\n});\ncy.get('[data-testid=\"share-btn\"]').click();\ncy.contains('Link copiado!');\ncy.window().then(function (win) {\n  cy.wrap(win.navigator.clipboard.readText()).should('eq', 'http://localhost:3000/comidas/52771');\n});",
              "err": {},
              "uuid": "09d7949a-8115-457f-a260-63d15e91d557",
              "parentUUID": "6d541863-9001-4014-ac89-5ca368859666",
              "isHook": false,
              "skipped": false
            },
            {
              "title": "Verifica a mensagem \"Link copiado!\" e se o link da receita da bebida foi copiado para o clipboard",
              "fullTitle": "43 - Implemente a solução de forma que, ao clicar no botão de compartilhar, o link da receita dentro do app deve ser copiado para o clipboard e uma mensagem avisando que o link foi copiado deve aparecer Verifica a mensagem \"Link copiado!\" e se o link da receita da bebida foi copiado para o clipboard",
              "timedOut": null,
              "duration": 308,
              "state": "passed",
              "speed": "slow",
              "pass": true,
              "fail": false,
              "pending": false,
              "context": null,
              "code": "cy.visit('http://localhost:3000/bebidas/178319', {\n  onBeforeLoad: function onBeforeLoad(win) {\n    win.fetch = fetchMock;\n  }\n});\ncy.get('[data-testid=\"share-btn\"]').click();\ncy.contains('Link copiado!');\ncy.window().then(function (win) {\n  cy.wrap(win.navigator.clipboard.readText()).should('eq', 'http://localhost:3000/bebidas/178319');\n});",
              "err": {},
              "uuid": "c8bad790-e0ba-4d2e-9691-f05bf4a6f879",
              "parentUUID": "6d541863-9001-4014-ac89-5ca368859666",
              "isHook": false,
              "skipped": false
            }
          ],
          "suites": [],
          "passes": [
            "09d7949a-8115-457f-a260-63d15e91d557",
            "c8bad790-e0ba-4d2e-9691-f05bf4a6f879"
          ],
          "failures": [],
          "pending": [],
          "skipped": [],
          "duration": 793,
          "root": false,
          "rootEmpty": false,
          "_timeout": 2000
        },
        {
          "uuid": "55b01cf7-6827-4c12-a543-fb86548a9cc8",
          "title": "44 - Implemente o ícone do coração (favorito) de maneira que, deve vir preenchido caso a receita esteja favoritada e \"despreenchido\" caso contrário",
          "fullFile": "",
          "file": "",
          "beforeHooks": [],
          "afterHooks": [],
          "tests": [
            {
              "title": "Verifica se a comida favoritada vem com o coração preenchido",
              "fullTitle": "44 - Implemente o ícone do coração (favorito) de maneira que, deve vir preenchido caso a receita esteja favoritada e \"despreenchido\" caso contrário Verifica se a comida favoritada vem com o coração preenchido",
              "timedOut": null,
              "duration": 351,
              "state": "passed",
              "speed": "slow",
              "pass": true,
              "fail": false,
              "pending": false,
              "context": null,
              "code": "cy.visit('http://localhost:3000/comidas/52771', {\n  onBeforeLoad: function onBeforeLoad(win) {\n    var favoriteRecipes = [{\n      \"id\": \"52771\",\n      \"type\": \"comida\",\n      \"area\": \"Italian\",\n      \"category\": \"Vegetarian\",\n      \"alcoholicOrNot\": \"\",\n      \"name\": \"Spicy Arrabiata Penne\",\n      \"image\": \"https://www.themealdb.com/images/media/meals/ustsqw1468250014.jpg\"\n    }];\n    localStorage.setItem('favoriteRecipes', JSON.stringify(favoriteRecipes));\n    win.fetch = fetchMock;\n  }\n});\ncy.get('[data-testid=\"favorite-btn\"]').should('have.attr', 'src').should('include', 'blackHeartIcon');",
              "err": {},
              "uuid": "dcef8476-e047-4dae-adf8-92b5d47fd385",
              "parentUUID": "55b01cf7-6827-4c12-a543-fb86548a9cc8",
              "isHook": false,
              "skipped": false
            },
            {
              "title": "Verifica se a comida não favoritada vem com o coração \"despreenchido\"",
              "fullTitle": "44 - Implemente o ícone do coração (favorito) de maneira que, deve vir preenchido caso a receita esteja favoritada e \"despreenchido\" caso contrário Verifica se a comida não favoritada vem com o coração \"despreenchido\"",
              "timedOut": null,
              "duration": 286,
              "state": "passed",
              "speed": "slow",
              "pass": true,
              "fail": false,
              "pending": false,
              "context": null,
              "code": "cy.visit('http://localhost:3000/comidas/52771', {\n  onBeforeLoad: function onBeforeLoad(win) {\n    win.fetch = fetchMock;\n  }\n});\ncy.get('[data-testid=\"favorite-btn\"]').should('have.attr', 'src').should('include', 'whiteHeartIcon');",
              "err": {},
              "uuid": "249e67b7-601b-4e2d-8207-c2007050bee5",
              "parentUUID": "55b01cf7-6827-4c12-a543-fb86548a9cc8",
              "isHook": false,
              "skipped": false
            },
            {
              "title": "Verifica se a bebida favoritada vem com o coração preenchido",
              "fullTitle": "44 - Implemente o ícone do coração (favorito) de maneira que, deve vir preenchido caso a receita esteja favoritada e \"despreenchido\" caso contrário Verifica se a bebida favoritada vem com o coração preenchido",
              "timedOut": null,
              "duration": 203,
              "state": "passed",
              "speed": "slow",
              "pass": true,
              "fail": false,
              "pending": false,
              "context": null,
              "code": "cy.visit('http://localhost:3000/bebidas/178319', {\n  onBeforeLoad: function onBeforeLoad(win) {\n    var favoriteRecipes = [{\n      \"id\": \"178319\",\n      \"type\": \"bebida\",\n      \"area\": \"\",\n      \"category\": \"Cocktail\",\n      \"alcoholicOrNot\": \"Alcoholic\",\n      \"name\": \"Aquamarine\",\n      \"image\": \"https://www.thecocktaildb.com/images/media/drink/zvsre31572902738.jpg\"\n    }];\n    localStorage.setItem('favoriteRecipes', JSON.stringify(favoriteRecipes));\n    win.fetch = fetchMock;\n  }\n});\ncy.get('[data-testid=\"favorite-btn\"]').should('have.attr', 'src').should('include', 'blackHeartIcon');",
              "err": {},
              "uuid": "b6b5f306-6956-4f24-8413-1b4256bc1c03",
              "parentUUID": "55b01cf7-6827-4c12-a543-fb86548a9cc8",
              "isHook": false,
              "skipped": false
            },
            {
              "title": "Verifica se a bebida não favoritada vem com o coração \"despreenchido\"",
              "fullTitle": "44 - Implemente o ícone do coração (favorito) de maneira que, deve vir preenchido caso a receita esteja favoritada e \"despreenchido\" caso contrário Verifica se a bebida não favoritada vem com o coração \"despreenchido\"",
              "timedOut": null,
              "duration": 176,
              "state": "passed",
              "speed": "slow",
              "pass": true,
              "fail": false,
              "pending": false,
              "context": null,
              "code": "cy.visit('http://localhost:3000/bebidas/178319', {\n  onBeforeLoad: function onBeforeLoad(win) {\n    win.fetch = fetchMock;\n  }\n});\ncy.get('[data-testid=\"favorite-btn\"]').should('have.attr', 'src').should('include', 'whiteHeartIcon');",
              "err": {},
              "uuid": "68c45273-a1a2-44bc-b28c-d3db7b19e645",
              "parentUUID": "55b01cf7-6827-4c12-a543-fb86548a9cc8",
              "isHook": false,
              "skipped": false
            }
          ],
          "suites": [],
          "passes": [
            "dcef8476-e047-4dae-adf8-92b5d47fd385",
            "249e67b7-601b-4e2d-8207-c2007050bee5",
            "b6b5f306-6956-4f24-8413-1b4256bc1c03",
            "68c45273-a1a2-44bc-b28c-d3db7b19e645"
          ],
          "failures": [],
          "pending": [],
          "skipped": [],
          "duration": 1016,
          "root": false,
          "rootEmpty": false,
          "_timeout": 2000
        },
        {
          "uuid": "a8cc5023-c14e-40a4-bae4-14efe45523ec",
          "title": "45 - Implemente a lógica no botão de favoritar, caso seja clicado, o ícone do coração deve mudar seu estado atual, caso esteja preenchido deve mudar para \"despreenchido\" e vice-versa",
          "fullFile": "",
          "file": "",
          "beforeHooks": [],
          "afterHooks": [],
          "tests": [
            {
              "title": "Favorita a comida",
              "fullTitle": "45 - Implemente a lógica no botão de favoritar, caso seja clicado, o ícone do coração deve mudar seu estado atual, caso esteja preenchido deve mudar para \"despreenchido\" e vice-versa Favorita a comida",
              "timedOut": null,
              "duration": 566,
              "state": "passed",
              "speed": "slow",
              "pass": true,
              "fail": false,
              "pending": false,
              "context": null,
              "code": "cy.visit('http://localhost:3000/comidas/52771', {\n  onBeforeLoad: function onBeforeLoad(win) {\n    win.fetch = fetchMock;\n  }\n});\ncy.get('[data-testid=\"favorite-btn\"]').should('have.attr', 'src').should('include', 'whiteHeartIcon');\ncy.get('[data-testid=\"favorite-btn\"]').click();\ncy.get('[data-testid=\"favorite-btn\"]').should('have.attr', 'src').should('include', 'blackHeartIcon');",
              "err": {},
              "uuid": "61af1b61-bf86-4315-a36e-3a74305ca97a",
              "parentUUID": "a8cc5023-c14e-40a4-bae4-14efe45523ec",
              "isHook": false,
              "skipped": false
            },
            {
              "title": "Desfavorita a comida",
              "fullTitle": "45 - Implemente a lógica no botão de favoritar, caso seja clicado, o ícone do coração deve mudar seu estado atual, caso esteja preenchido deve mudar para \"despreenchido\" e vice-versa Desfavorita a comida",
              "timedOut": null,
              "duration": 531,
              "state": "passed",
              "speed": "slow",
              "pass": true,
              "fail": false,
              "pending": false,
              "context": null,
              "code": "cy.visit('http://localhost:3000/comidas/52771', {\n  onBeforeLoad: function onBeforeLoad(win) {\n    var favoriteRecipes = [{\n      \"id\": \"52771\",\n      \"type\": \"comida\",\n      \"area\": \"Italian\",\n      \"category\": \"Vegetarian\",\n      \"name\": \"Spicy Arrabiata Penne\",\n      \"image\": \"https://www.themealdb.com/images/media/meals/ustsqw1468250014.jpg\"\n    }];\n    localStorage.setItem('favoriteRecipes', JSON.stringify(favoriteRecipes));\n    win.fetch = fetchMock;\n  }\n});\ncy.get('[data-testid=\"favorite-btn\"]').should('have.attr', 'src').should('include', 'blackHeartIcon');\ncy.get('[data-testid=\"favorite-btn\"]').click();\ncy.get('[data-testid=\"favorite-btn\"]').should('have.attr', 'src').should('include', 'whiteHeartIcon');",
              "err": {},
              "uuid": "e02ace90-364d-44d7-9774-d3c51a571b69",
              "parentUUID": "a8cc5023-c14e-40a4-bae4-14efe45523ec",
              "isHook": false,
              "skipped": false
            },
            {
              "title": "Favorita a bebida",
              "fullTitle": "45 - Implemente a lógica no botão de favoritar, caso seja clicado, o ícone do coração deve mudar seu estado atual, caso esteja preenchido deve mudar para \"despreenchido\" e vice-versa Favorita a bebida",
              "timedOut": null,
              "duration": 257,
              "state": "passed",
              "speed": "slow",
              "pass": true,
              "fail": false,
              "pending": false,
              "context": null,
              "code": "cy.visit('http://localhost:3000/bebidas/178319', {\n  onBeforeLoad: function onBeforeLoad(win) {\n    win.fetch = fetchMock;\n  }\n});\ncy.get('[data-testid=\"favorite-btn\"]').should('have.attr', 'src').should('include', 'whiteHeartIcon');\ncy.get('[data-testid=\"favorite-btn\"]').click();\ncy.get('[data-testid=\"favorite-btn\"]').should('have.attr', 'src').should('include', 'blackHeartIcon');",
              "err": {},
              "uuid": "2f755ea4-4c05-4ea3-b0d9-a5f054036b2b",
              "parentUUID": "a8cc5023-c14e-40a4-bae4-14efe45523ec",
              "isHook": false,
              "skipped": false
            },
            {
              "title": "Desfavorita a bebida",
              "fullTitle": "45 - Implemente a lógica no botão de favoritar, caso seja clicado, o ícone do coração deve mudar seu estado atual, caso esteja preenchido deve mudar para \"despreenchido\" e vice-versa Desfavorita a bebida",
              "timedOut": null,
              "duration": 292,
              "state": "passed",
              "speed": "slow",
              "pass": true,
              "fail": false,
              "pending": false,
              "context": null,
              "code": "cy.visit('http://localhost:3000/bebidas/178319', {\n  onBeforeLoad: function onBeforeLoad(win) {\n    var favoriteRecipes = [{\n      \"id\": \"178319\",\n      \"type\": \"bebida\",\n      \"category\": \"Cocktail\",\n      \"alcoholicOrNot\": \"Alcoholic\",\n      \"name\": \"Aquamarine\",\n      \"image\": \"https://www.thecocktaildb.com/images/media/drink/zvsre31572902738.jpg\"\n    }];\n    localStorage.setItem('favoriteRecipes', JSON.stringify(favoriteRecipes));\n    win.fetch = fetchMock;\n  }\n});\ncy.get('[data-testid=\"favorite-btn\"]').should('have.attr', 'src').should('include', 'blackHeartIcon');\ncy.get('[data-testid=\"favorite-btn\"]').click();\ncy.get('[data-testid=\"favorite-btn\"]').should('have.attr', 'src').should('include', 'whiteHeartIcon');",
              "err": {},
              "uuid": "c7cf8e6e-b1f3-428f-a351-0bc576c3ce92",
              "parentUUID": "a8cc5023-c14e-40a4-bae4-14efe45523ec",
              "isHook": false,
              "skipped": false
            }
          ],
          "suites": [],
          "passes": [
            "61af1b61-bf86-4315-a36e-3a74305ca97a",
            "e02ace90-364d-44d7-9774-d3c51a571b69",
            "2f755ea4-4c05-4ea3-b0d9-a5f054036b2b",
            "c7cf8e6e-b1f3-428f-a351-0bc576c3ce92"
          ],
          "failures": [],
          "pending": [],
          "skipped": [],
          "duration": 1646,
          "root": false,
          "rootEmpty": false,
          "_timeout": 2000
        },
        {
          "uuid": "c0742081-5944-4bc1-a6bc-fe76253e747e",
          "title": "46 - Salve as receitas favoritas no `localStorage` na chave `favoriteRecipes`",
          "fullFile": "",
          "file": "",
          "beforeHooks": [],
          "afterHooks": [],
          "tests": [
            {
              "title": "Verifica se após favoritar receita de uma comida, ela é salva corretamente no localStorage",
              "fullTitle": "46 - Salve as receitas favoritas no `localStorage` na chave `favoriteRecipes` Verifica se após favoritar receita de uma comida, ela é salva corretamente no localStorage",
              "timedOut": null,
              "duration": 702,
              "state": "passed",
              "speed": "slow",
              "pass": true,
              "fail": false,
              "pending": false,
              "context": null,
              "code": "cy.visit('http://localhost:3000/comidas/52771', {\n  onBeforeLoad: function onBeforeLoad(win) {\n    win.fetch = fetchMock;\n  }\n});\ncy.get('[data-testid=\"favorite-btn\"]').click().then(function () {\n  var favoriteRecipes = JSON.parse(localStorage.getItem('favoriteRecipes'));\n  var expectedFavoriteRecipes = [{\n    id: '52771',\n    type: 'comida',\n    area: 'Italian',\n    category: 'Vegetarian',\n    alcoholicOrNot: '',\n    name: 'Spicy Arrabiata Penne',\n    image: 'https://www.themealdb.com/images/media/meals/ustsqw1468250014.jpg'\n  }];\n  expect(favoriteRecipes).to.deep.eq(expectedFavoriteRecipes);\n});",
              "err": {},
              "uuid": "5eebe5cd-cc6a-4356-940e-df364ce6ba48",
              "parentUUID": "c0742081-5944-4bc1-a6bc-fe76253e747e",
              "isHook": false,
              "skipped": false
            },
            {
              "title": "Verifica se após favoritar receita de uma bebida, ela é salva corretamente no localStorage",
              "fullTitle": "46 - Salve as receitas favoritas no `localStorage` na chave `favoriteRecipes` Verifica se após favoritar receita de uma bebida, ela é salva corretamente no localStorage",
              "timedOut": null,
              "duration": 546,
              "state": "failed",
              "speed": null,
              "pass": false,
              "fail": true,
              "pending": false,
              "context": null,
              "code": "cy.visit('http://localhost:3000/bebidas/178319', {\n  onBeforeLoad: function onBeforeLoad(win) {\n    win.fetch = fetchMock;\n  }\n});\ncy.get('[data-testid=\"favorite-btn\"]').click().then(function () {\n  var favoriteRecipes = JSON.parse(localStorage.getItem('favoriteRecipes'));\n  var expectedFavoriteRecipes = [{\n    id: '178319',\n    type: 'bebida',\n    area: '',\n    category: 'Cocktail',\n    alcoholicOrNot: 'Alcoholic',\n    name: 'Aquamarine',\n    image: 'https://www.thecocktaildb.com/images/media/drink/zvsre31572902738.jpg'\n  }];\n  expect(favoriteRecipes).to.deep.eq(expectedFavoriteRecipes);\n});",
              "err": {
                "message": "AssertionError: expected [ Array(1) ] to deeply equal [ Array(1) ]",
                "estack": "AssertionError: expected [ Array(1) ] to deeply equal [ Array(1) ]\n    at Assertion.assertEqual (http://localhost:3000/__cypress/runner/cypress_runner.js:3018:19)\n    at Assertion.ctx.<computed> [as eq] (http://localhost:3000/__cypress/runner/cypress_runner.js:6461:25)\n    at getRet (http://localhost:3000/__cypress/runner/cypress_runner.js:69279:16)\n    at tryCatcher (http://localhost:3000/__cypress/runner/cypress_runner.js:120203:23)\n    at Function.Promise.attempt.Promise.try (http://localhost:3000/__cypress/runner/cypress_runner.js:117478:29)\n    at Context.thenFn (http://localhost:3000/__cypress/runner/cypress_runner.js:69293:23)\n    at Context.then (http://localhost:3000/__cypress/runner/cypress_runner.js:69660:21)\n    at Context.<anonymous> (http://localhost:3000/__cypress/runner/cypress_runner.js:81414:21)\n    at http://localhost:3000/__cypress/runner/cypress_runner.js:80892:33\n    at tryCatcher (http://localhost:3000/__cypress/runner/cypress_runner.js:120203:23)\n    at Promise._settlePromiseFromHandler (http://localhost:3000/__cypress/runner/cypress_runner.js:118139:31)\n    at Promise._settlePromise (http://localhost:3000/__cypress/runner/cypress_runner.js:118196:18)\n    at Promise._settlePromiseCtx (http://localhost:3000/__cypress/runner/cypress_runner.js:118233:10)\n    at Async../node_modules/bluebird/js/release/async.js.Async._drainQueue (http://localhost:3000/__cypress/runner/cypress_runner.js:114933:12)\n    at Async../node_modules/bluebird/js/release/async.js.Async._drainQueues (http://localhost:3000/__cypress/runner/cypress_runner.js:114938:10)\n    at Async.drainQueues (http://localhost:3000/__cypress/runner/cypress_runner.js:114812:14)",
                "diff": " [\n   {\n-     \"alcoholicOrNot\": \"\"\n+     \"alcoholicOrNot\": \"Alcoholic\"\n+     \"area\": \"\"\n     \"category\": \"Cocktail\"\n     \"id\": \"178319\"\n     \"image\": \"https://www.thecocktaildb.com/images/media/drink/zvsre31572902738.jpg\"\n     \"name\": \"Aquamarine\"\n"
              },
              "uuid": "56f8eb8f-88c9-4c8a-a219-0123b97de8c7",
              "parentUUID": "c0742081-5944-4bc1-a6bc-fe76253e747e",
              "isHook": false,
              "skipped": false
            }
          ],
          "suites": [],
          "passes": [
            "5eebe5cd-cc6a-4356-940e-df364ce6ba48"
          ],
          "failures": [
            "56f8eb8f-88c9-4c8a-a219-0123b97de8c7"
          ],
          "pending": [],
          "skipped": [],
          "duration": 1248,
          "root": false,
          "rootEmpty": false,
          "_timeout": 2000
        }
      ],
      "passes": [],
      "failures": [],
      "pending": [],
      "skipped": [],
      "duration": 0,
      "root": true,
      "rootEmpty": true,
      "_timeout": 2000
    }
  ],
  "meta": {
    "mocha": {
      "version": "8.2.1"
    },
    "mochawesome": {
      "options": {
        "quiet": false,
        "reportFilename": "mochawesome",
        "saveHtml": false,
        "saveJson": true,
        "consoleReporter": "spec",
        "useInlineDiffs": false,
        "code": true
      },
      "version": "6.2.1"
    },
    "marge": {
      "options": {
        "id": "default",
        "reportDir": "cypress/reports",
        "overwrite": false,
        "html": false,
        "json": true
      },
      "version": "5.1.0"
    }
  }
}