{
  "stats": {
    "suites": 7,
    "tests": 9,
    "passes": 9,
    "pending": 0,
    "failures": 0,
    "start": "2021-08-10T18:25:50.943Z",
    "end": "2021-08-10T18:25:58.942Z",
    "duration": 7999,
    "testsRegistered": 9,
    "passPercent": 100,
    "pendingPercent": 0,
    "other": 0,
    "hasOther": false,
    "skipped": 0,
    "hasSkipped": false
  },
  "results": [
    {
      "uuid": "4fb652b1-2fe9-4d14-879d-24530b37b9b7",
      "title": "",
      "fullFile": "cypress/integration/login_spec.js",
      "file": "cypress/integration/login_spec.js",
      "beforeHooks": [],
      "afterHooks": [],
      "tests": [],
      "suites": [
        {
          "uuid": "42b24341-32e5-4859-9afa-36bd7793d0fe",
          "title": "2 - Crie todos os elementos que devem respeitar os atributos descritos no protótipo para a tela de login",
          "fullFile": "",
          "file": "",
          "beforeHooks": [],
          "afterHooks": [],
          "tests": [
            {
              "title": "Tem os data-testids email-input, password-input e login-submit-btn",
              "fullTitle": "2 - Crie todos os elementos que devem respeitar os atributos descritos no protótipo para a tela de login Tem os data-testids email-input, password-input e login-submit-btn",
              "timedOut": null,
              "duration": 610,
              "state": "passed",
              "speed": "slow",
              "pass": true,
              "fail": false,
              "pending": false,
              "context": null,
              "code": "cy.visit('http://localhost:3000/');\ncy.get('[data-testid=\"email-input\"]');\ncy.get('[data-testid=\"password-input\"]');\ncy.get('[data-testid=\"login-submit-btn\"]');",
              "err": {},
              "uuid": "7c47f8f7-5405-4092-bded-23f67c60bfe1",
              "parentUUID": "42b24341-32e5-4859-9afa-36bd7793d0fe",
              "isHook": false,
              "skipped": false
            }
          ],
          "suites": [],
          "passes": [
            "7c47f8f7-5405-4092-bded-23f67c60bfe1"
          ],
          "failures": [],
          "pending": [],
          "skipped": [],
          "duration": 610,
          "root": false,
          "rootEmpty": false,
          "_timeout": 2000
        },
        {
          "uuid": "0899a915-6978-461b-811d-fa217b3d82bb",
          "title": "3 - Desenvolva a tela de maneira que a pessoa deve conseguir escrever seu email no input de email",
          "fullFile": "",
          "file": "",
          "beforeHooks": [],
          "afterHooks": [],
          "tests": [
            {
              "title": "É possível escrever o email",
              "fullTitle": "3 - Desenvolva a tela de maneira que a pessoa deve conseguir escrever seu email no input de email É possível escrever o email",
              "timedOut": null,
              "duration": 567,
              "state": "passed",
              "speed": "slow",
              "pass": true,
              "fail": false,
              "pending": false,
              "context": null,
              "code": "cy.visit('http://localhost:3000/');\ncy.get('[data-testid=\"email-input\"]').type('email@mail.com');\ncy.get('[data-testid=\"email-input\"]').should('have.value', 'email@mail.com');",
              "err": {},
              "uuid": "2538bfb5-c8bb-43e2-9858-98f14112a172",
              "parentUUID": "0899a915-6978-461b-811d-fa217b3d82bb",
              "isHook": false,
              "skipped": false
            }
          ],
          "suites": [],
          "passes": [
            "2538bfb5-c8bb-43e2-9858-98f14112a172"
          ],
          "failures": [],
          "pending": [],
          "skipped": [],
          "duration": 567,
          "root": false,
          "rootEmpty": false,
          "_timeout": 2000
        },
        {
          "uuid": "331a38c9-341f-4d7e-b1fa-bd389bfeb1bb",
          "title": "4 - Desenvolva a tela de maneira que a pessoa deve conseguir escrever sua senha no input de senha",
          "fullFile": "",
          "file": "",
          "beforeHooks": [],
          "afterHooks": [],
          "tests": [
            {
              "title": "É possível escrever a senha",
              "fullTitle": "4 - Desenvolva a tela de maneira que a pessoa deve conseguir escrever sua senha no input de senha É possível escrever a senha",
              "timedOut": null,
              "duration": 438,
              "state": "passed",
              "speed": "slow",
              "pass": true,
              "fail": false,
              "pending": false,
              "context": null,
              "code": "cy.visit('http://localhost:3000/');\ncy.get('[data-testid=\"password-input\"]').type('1234567');\ncy.get('[data-testid=\"password-input\"]').should('have.value', '1234567');",
              "err": {},
              "uuid": "326ebae6-c200-46c3-8928-ee56c1e28c61",
              "parentUUID": "331a38c9-341f-4d7e-b1fa-bd389bfeb1bb",
              "isHook": false,
              "skipped": false
            }
          ],
          "suites": [],
          "passes": [
            "326ebae6-c200-46c3-8928-ee56c1e28c61"
          ],
          "failures": [],
          "pending": [],
          "skipped": [],
          "duration": 438,
          "root": false,
          "rootEmpty": false,
          "_timeout": 2000
        },
        {
          "uuid": "c60bc448-aa86-4c6e-acdb-667e1bfe526e",
          "title": "5 - Desenvolva a tela de maneira que o formulário só seja válido após um email válido e uma senha de mais de 6 caracteres serem preenchidos",
          "fullFile": "",
          "file": "",
          "beforeHooks": [],
          "afterHooks": [],
          "tests": [
            {
              "title": "O botão deve estar desativado se o email for inválido",
              "fullTitle": "5 - Desenvolva a tela de maneira que o formulário só seja válido após um email válido e uma senha de mais de 6 caracteres serem preenchidos O botão deve estar desativado se o email for inválido",
              "timedOut": null,
              "duration": 1139,
              "state": "passed",
              "speed": "slow",
              "pass": true,
              "fail": false,
              "pending": false,
              "context": null,
              "code": "cy.visit('http://localhost:3000/');\ncy.get('[data-testid=\"login-submit-btn\"]').should('be.disabled');\ncy.get('[data-testid=\"email-input\"]').type('email@mail');\ncy.get('[data-testid=\"password-input\"]').type('1234567');\ncy.get('[data-testid=\"login-submit-btn\"]').should('be.disabled');\ncy.get('[data-testid=\"email-input\"]').clear().type('email.com');\ncy.get('[data-testid=\"login-submit-btn\"]').should('be.disabled');",
              "err": {},
              "uuid": "5467fcd8-0a57-43bc-998f-8921b56f58da",
              "parentUUID": "c60bc448-aa86-4c6e-acdb-667e1bfe526e",
              "isHook": false,
              "skipped": false
            },
            {
              "title": "O botão deve estar desativado se a senha deve tiver 6 caracteres ou menos",
              "fullTitle": "5 - Desenvolva a tela de maneira que o formulário só seja válido após um email válido e uma senha de mais de 6 caracteres serem preenchidos O botão deve estar desativado se a senha deve tiver 6 caracteres ou menos",
              "timedOut": null,
              "duration": 771,
              "state": "passed",
              "speed": "slow",
              "pass": true,
              "fail": false,
              "pending": false,
              "context": null,
              "code": "cy.visit('http://localhost:3000/');\ncy.get('[data-testid=\"login-submit-btn\"]').should('be.disabled');\ncy.get('[data-testid=\"email-input\"]').type('email@mail.com');\ncy.get('[data-testid=\"password-input\"]').type('123456');\ncy.get('[data-testid=\"login-submit-btn\"]').should('be.disabled');",
              "err": {},
              "uuid": "f70cdc06-4889-425a-871b-9a5a99599369",
              "parentUUID": "c60bc448-aa86-4c6e-acdb-667e1bfe526e",
              "isHook": false,
              "skipped": false
            },
            {
              "title": "O botão deve estar ativado se o email e a senha forem válidos",
              "fullTitle": "5 - Desenvolva a tela de maneira que o formulário só seja válido após um email válido e uma senha de mais de 6 caracteres serem preenchidos O botão deve estar ativado se o email e a senha forem válidos",
              "timedOut": null,
              "duration": 766,
              "state": "passed",
              "speed": "slow",
              "pass": true,
              "fail": false,
              "pending": false,
              "context": null,
              "code": "cy.visit('http://localhost:3000/');\ncy.get('[data-testid=\"login-submit-btn\"]').should('be.disabled');\ncy.get('[data-testid=\"email-input\"]').type('email@mail.com');\ncy.get('[data-testid=\"password-input\"]').type('1234567');\ncy.get('[data-testid=\"login-submit-btn\"]').should('not.be.disabled');",
              "err": {},
              "uuid": "ffb3b62e-c6be-46d0-a6ab-724cc6c11fb1",
              "parentUUID": "c60bc448-aa86-4c6e-acdb-667e1bfe526e",
              "isHook": false,
              "skipped": false
            }
          ],
          "suites": [],
          "passes": [
            "5467fcd8-0a57-43bc-998f-8921b56f58da",
            "f70cdc06-4889-425a-871b-9a5a99599369",
            "ffb3b62e-c6be-46d0-a6ab-724cc6c11fb1"
          ],
          "failures": [],
          "pending": [],
          "skipped": [],
          "duration": 2676,
          "root": false,
          "rootEmpty": false,
          "_timeout": 2000
        },
        {
          "uuid": "7a8fcf6c-7601-4236-8f9d-f5c642f20149",
          "title": "6 - Salve 2 tokens no localStorage após a submissão, identificados pelas chaves mealsToken e cocktailsToken",
          "fullFile": "",
          "file": "",
          "beforeHooks": [],
          "afterHooks": [],
          "tests": [
            {
              "title": "Após a submissão mealsToken e cocktailsToken devem estar salvos em localStorage",
              "fullTitle": "6 - Salve 2 tokens no localStorage após a submissão, identificados pelas chaves mealsToken e cocktailsToken Após a submissão mealsToken e cocktailsToken devem estar salvos em localStorage",
              "timedOut": null,
              "duration": 946,
              "state": "passed",
              "speed": "slow",
              "pass": true,
              "fail": false,
              "pending": false,
              "context": null,
              "code": "cy.visit('http://localhost:3000/', {\n  onBeforeLoad: function onBeforeLoad(win) {\n    win.localStorage.clear();\n  }\n});\ncy.get('[data-testid=\"login-submit-btn\"]').should('be.disabled');\ncy.window().then(function (win) {\n  expect(win.localStorage.getItem('mealsToken')).to.be.null;\n  expect(win.localStorage.getItem('cocktailsToken')).to.be.null;\n});\ncy.get('[data-testid=\"email-input\"]').type('email@mail.com');\ncy.get('[data-testid=\"password-input\"]').type('1234567');\ncy.get('[data-testid=\"login-submit-btn\"]').click();\ncy.window().then(function (win) {\n  expect(win.localStorage.getItem('mealsToken')).to.eq('1');\n  expect(win.localStorage.getItem('cocktailsToken')).to.eq('1');\n  win.localStorage.clear();\n});",
              "err": {},
              "uuid": "a02ae02d-0224-46d3-a733-c6304b79fb19",
              "parentUUID": "7a8fcf6c-7601-4236-8f9d-f5c642f20149",
              "isHook": false,
              "skipped": false
            }
          ],
          "suites": [],
          "passes": [
            "a02ae02d-0224-46d3-a733-c6304b79fb19"
          ],
          "failures": [],
          "pending": [],
          "skipped": [],
          "duration": 946,
          "root": false,
          "rootEmpty": false,
          "_timeout": 2000
        },
        {
          "uuid": "283f1c0e-d9f3-4079-b0e3-75625ea61156",
          "title": "7 - Salve o e-mail da pessoa usuária no localStorage na chave user após a submissão",
          "fullFile": "",
          "file": "",
          "beforeHooks": [],
          "afterHooks": [],
          "tests": [
            {
              "title": "Após a submissão a chave user deve estar salva em localStorage",
              "fullTitle": "7 - Salve o e-mail da pessoa usuária no localStorage na chave user após a submissão Após a submissão a chave user deve estar salva em localStorage",
              "timedOut": null,
              "duration": 871,
              "state": "passed",
              "speed": "slow",
              "pass": true,
              "fail": false,
              "pending": false,
              "context": null,
              "code": "cy.visit('http://localhost:3000/', {\n  onBeforeLoad: function onBeforeLoad(win) {\n    win.localStorage.clear();\n  }\n});\ncy.get('[data-testid=\"login-submit-btn\"]').should('be.disabled');\ncy.window().then(function (win) {\n  expect(win.localStorage.getItem('user')).to.be.null;\n});\ncy.get('[data-testid=\"email-input\"]').type('email@mail.com');\ncy.get('[data-testid=\"password-input\"]').type('1234567');\ncy.get('[data-testid=\"login-submit-btn\"]').click();\ncy.window().then(function (win) {\n  expect(JSON.parse(win.localStorage.getItem('user'))).to.deep.eq({\n    email: 'email@mail.com'\n  });\n  win.localStorage.clear();\n});",
              "err": {},
              "uuid": "c521dbba-5e46-446a-89c1-c4ca1b082b8c",
              "parentUUID": "283f1c0e-d9f3-4079-b0e3-75625ea61156",
              "isHook": false,
              "skipped": false
            }
          ],
          "suites": [],
          "passes": [
            "c521dbba-5e46-446a-89c1-c4ca1b082b8c"
          ],
          "failures": [],
          "pending": [],
          "skipped": [],
          "duration": 871,
          "root": false,
          "rootEmpty": false,
          "_timeout": 2000
        },
        {
          "uuid": "dd250550-396a-4e36-80ab-41726781ce98",
          "title": "8 - Redirecione a pessoa usuária para a tela principal de receitas de comidas após a submissão e validação com sucesso do login",
          "fullFile": "",
          "file": "",
          "beforeHooks": [],
          "afterHooks": [],
          "tests": [
            {
              "title": "A rota muda para a tela principal de receitas de comidas",
              "fullTitle": "8 - Redirecione a pessoa usuária para a tela principal de receitas de comidas após a submissão e validação com sucesso do login A rota muda para a tela principal de receitas de comidas",
              "timedOut": null,
              "duration": 857,
              "state": "passed",
              "speed": "slow",
              "pass": true,
              "fail": false,
              "pending": false,
              "context": null,
              "code": "cy.visit('http://localhost:3000/', {\n  onBeforeLoad: function onBeforeLoad(win) {\n    win.localStorage.clear();\n  }\n});\ncy.get('[data-testid=\"login-submit-btn\"]').should('be.disabled');\ncy.window().then(function (win) {\n  expect(win.localStorage.getItem('user')).to.be.null;\n});\ncy.get('[data-testid=\"email-input\"]').type('email@mail.com');\ncy.get('[data-testid=\"password-input\"]').type('1234567');\ncy.get('[data-testid=\"login-submit-btn\"]').click();\ncy.location().should(function (loc) {\n  return expect(loc.pathname).to.eq('/comidas');\n});\ncy.window().then(function (win) {\n  win.localStorage.clear();\n});",
              "err": {},
              "uuid": "c8460864-919d-4488-8bf7-e3230d083771",
              "parentUUID": "dd250550-396a-4e36-80ab-41726781ce98",
              "isHook": false,
              "skipped": false
            }
          ],
          "suites": [],
          "passes": [
            "c8460864-919d-4488-8bf7-e3230d083771"
          ],
          "failures": [],
          "pending": [],
          "skipped": [],
          "duration": 857,
          "root": false,
          "rootEmpty": false,
          "_timeout": 2000
        }
      ],
      "passes": [],
      "failures": [],
      "pending": [],
      "skipped": [],
      "duration": 0,
      "root": true,
      "rootEmpty": true,
      "_timeout": 2000
    }
  ],
  "meta": {
    "mocha": {
      "version": "8.2.1"
    },
    "mochawesome": {
      "options": {
        "quiet": false,
        "reportFilename": "mochawesome",
        "saveHtml": false,
        "saveJson": true,
        "consoleReporter": "spec",
        "useInlineDiffs": false,
        "code": true
      },
      "version": "6.2.1"
    },
    "marge": {
      "options": {
        "id": "default",
        "reportDir": "cypress/reports",
        "overwrite": false,
        "html": false,
        "json": true
      },
      "version": "5.1.0"
    }
  }
}