{
  "stats": {
    "suites": 3,
    "tests": 4,
    "passes": 4,
    "pending": 0,
    "failures": 0,
    "start": "2021-08-11T17:50:55.883Z",
    "end": "2021-08-11T17:50:59.138Z",
    "duration": 3255,
    "testsRegistered": 4,
    "passPercent": 100,
    "pendingPercent": 0,
    "other": 0,
    "hasOther": false,
    "skipped": 0,
    "hasSkipped": false
  },
  "results": [
    {
      "uuid": "0be15010-ece6-47d1-862a-73d13045ec75",
      "title": "",
      "fullFile": "cypress/integration/explore_spec.js",
      "file": "cypress/integration/explore_spec.js",
      "beforeHooks": [],
      "afterHooks": [],
      "tests": [],
      "suites": [
        {
          "uuid": "d6c7dd41-3b98-494f-a8a9-4183d22d1e03",
          "title": "67 - Implemente os elementos da tela de explorar respeitando os atributos descritos no protótipo",
          "fullFile": "",
          "file": "",
          "beforeHooks": [],
          "afterHooks": [],
          "tests": [
            {
              "title": "Tem os data-testids explore-food e explore-drinks",
              "fullTitle": "67 - Implemente os elementos da tela de explorar respeitando os atributos descritos no protótipo Tem os data-testids explore-food e explore-drinks",
              "timedOut": null,
              "duration": 982,
              "state": "passed",
              "speed": "slow",
              "pass": true,
              "fail": false,
              "pending": false,
              "context": null,
              "code": "cy.visit('http://localhost:3000/explorar');\ncy.get('[data-testid=\"explore-food\"]');\ncy.get('[data-testid=\"explore-drinks\"]');",
              "err": {},
              "uuid": "b63f3488-2778-4737-afd3-f09d575a6c64",
              "parentUUID": "d6c7dd41-3b98-494f-a8a9-4183d22d1e03",
              "isHook": false,
              "skipped": false
            }
          ],
          "suites": [],
          "passes": [
            "b63f3488-2778-4737-afd3-f09d575a6c64"
          ],
          "failures": [],
          "pending": [],
          "skipped": [],
          "duration": 982,
          "root": false,
          "rootEmpty": false,
          "_timeout": 2000
        },
        {
          "uuid": "fe5a2f26-2044-4fc6-9e8c-f2d3d5076dec",
          "title": "68 - Desenvolva a tela de maneira que tenha 2 botões: um para explorar comidas e o outro para explorar bebidas",
          "fullFile": "",
          "file": "",
          "beforeHooks": [],
          "afterHooks": [],
          "tests": [
            {
              "title": "O nomes dos botões devem ser \"Explorar Comidas\" e \"Explorar Bebidas\"",
              "fullTitle": "68 - Desenvolva a tela de maneira que tenha 2 botões: um para explorar comidas e o outro para explorar bebidas O nomes dos botões devem ser \"Explorar Comidas\" e \"Explorar Bebidas\"",
              "timedOut": null,
              "duration": 300,
              "state": "passed",
              "speed": "slow",
              "pass": true,
              "fail": false,
              "pending": false,
              "context": null,
              "code": "cy.visit('http://localhost:3000/explorar');\ncy.get('[data-testid=\"explore-food\"]').contains('Explorar Comidas');\ncy.get('[data-testid=\"explore-drinks\"]').contains('Explorar Bebidas');",
              "err": {},
              "uuid": "a77c06c1-0ded-46f5-a44f-b33226db685e",
              "parentUUID": "fe5a2f26-2044-4fc6-9e8c-f2d3d5076dec",
              "isHook": false,
              "skipped": false
            }
          ],
          "suites": [],
          "passes": [
            "a77c06c1-0ded-46f5-a44f-b33226db685e"
          ],
          "failures": [],
          "pending": [],
          "skipped": [],
          "duration": 300,
          "root": false,
          "rootEmpty": false,
          "_timeout": 2000
        },
        {
          "uuid": "6d906972-8139-450c-adc6-db28d1594607",
          "title": "69 - Redirecione a pessoa usuária ao clicar em um dos botões, a rota deve mudar para a página de explorar comidas ou de explorar bebidas",
          "fullFile": "",
          "file": "",
          "beforeHooks": [],
          "afterHooks": [],
          "tests": [
            {
              "title": "Os nomes dos botões devem ser \"Explorar Comidas\" e \"Explorar Bebidas\"",
              "fullTitle": "69 - Redirecione a pessoa usuária ao clicar em um dos botões, a rota deve mudar para a página de explorar comidas ou de explorar bebidas Os nomes dos botões devem ser \"Explorar Comidas\" e \"Explorar Bebidas\"",
              "timedOut": null,
              "duration": 345,
              "state": "passed",
              "speed": "slow",
              "pass": true,
              "fail": false,
              "pending": false,
              "context": null,
              "code": "cy.visit('http://localhost:3000/explorar');\ncy.get('[data-testid=\"explore-food\"]').click();\ncy.location().should(function (loc) {\n  return expect(loc.pathname).to.eq('/explorar/comidas');\n});",
              "err": {},
              "uuid": "01c4363a-702b-4df9-b5a7-6110926f35ea",
              "parentUUID": "6d906972-8139-450c-adc6-db28d1594607",
              "isHook": false,
              "skipped": false
            },
            {
              "title": "Os nomes dos botões devem ser \"Explorar Comidas\" e \"Explorar Bebidas\"",
              "fullTitle": "69 - Redirecione a pessoa usuária ao clicar em um dos botões, a rota deve mudar para a página de explorar comidas ou de explorar bebidas Os nomes dos botões devem ser \"Explorar Comidas\" e \"Explorar Bebidas\"",
              "timedOut": null,
              "duration": 401,
              "state": "passed",
              "speed": "slow",
              "pass": true,
              "fail": false,
              "pending": false,
              "context": null,
              "code": "cy.visit('http://localhost:3000/explorar');\ncy.get('[data-testid=\"explore-drinks\"]').click();\ncy.location().should(function (loc) {\n  return expect(loc.pathname).to.eq('/explorar/bebidas');\n});",
              "err": {},
              "uuid": "016f3c0e-0036-467d-ac4c-49a9f0f48c1d",
              "parentUUID": "6d906972-8139-450c-adc6-db28d1594607",
              "isHook": false,
              "skipped": false
            }
          ],
          "suites": [],
          "passes": [
            "01c4363a-702b-4df9-b5a7-6110926f35ea",
            "016f3c0e-0036-467d-ac4c-49a9f0f48c1d"
          ],
          "failures": [],
          "pending": [],
          "skipped": [],
          "duration": 746,
          "root": false,
          "rootEmpty": false,
          "_timeout": 2000
        }
      ],
      "passes": [],
      "failures": [],
      "pending": [],
      "skipped": [],
      "duration": 0,
      "root": true,
      "rootEmpty": true,
      "_timeout": 2000
    }
  ],
  "meta": {
    "mocha": {
      "version": "8.2.1"
    },
    "mochawesome": {
      "options": {
        "quiet": false,
        "reportFilename": "mochawesome",
        "saveHtml": false,
        "saveJson": true,
        "consoleReporter": "spec",
        "useInlineDiffs": false,
        "code": true
      },
      "version": "6.2.1"
    },
    "marge": {
      "options": {
        "id": "default",
        "reportDir": "cypress/reports",
        "overwrite": false,
        "html": false,
        "json": true
      },
      "version": "5.1.0"
    }
  }
}