{
  "stats": {
    "suites": 5,
    "tests": 9,
    "passes": 8,
    "pending": 0,
    "failures": 1,
    "start": "2021-08-10T18:25:03.583Z",
    "end": "2021-08-10T18:25:07.513Z",
    "duration": 3930,
    "testsRegistered": 9,
    "passPercent": 88.88888888888889,
    "pendingPercent": 0,
    "other": 0,
    "hasOther": false,
    "skipped": 0,
    "hasSkipped": false
  },
  "results": [
    {
      "uuid": "7e7b5633-ce38-4c59-ac1d-2c55c54d9664",
      "title": "",
      "fullFile": "cypress/integration/explore_drinks_or_meals_spec.js",
      "file": "cypress/integration/explore_drinks_or_meals_spec.js",
      "beforeHooks": [],
      "afterHooks": [],
      "tests": [],
      "suites": [
        {
          "uuid": "f2b428a4-adf4-4513-b7b5-a7f8f92e6c90",
          "title": "70 - Implemente os elementos da tela de explorar bebidas ou comidas respeitando os atributos descritos no protótipo",
          "fullFile": "",
          "file": "",
          "beforeHooks": [],
          "afterHooks": [],
          "tests": [
            {
              "title": "Tem os data-testids corretos para a tela de explorar comidas",
              "fullTitle": "70 - Implemente os elementos da tela de explorar bebidas ou comidas respeitando os atributos descritos no protótipo Tem os data-testids corretos para a tela de explorar comidas",
              "timedOut": null,
              "duration": 675,
              "state": "passed",
              "speed": "slow",
              "pass": true,
              "fail": false,
              "pending": false,
              "context": null,
              "code": "cy.visit('http://localhost:3000/explorar/comidas');\ncy.get('[data-testid=\"explore-by-ingredient\"]');\ncy.get('[data-testid=\"explore-by-area\"]');\ncy.get('[data-testid=\"explore-surprise\"]');",
              "err": {},
              "uuid": "0991ed32-fc34-4877-bd70-9cd9a774c1bd",
              "parentUUID": "f2b428a4-adf4-4513-b7b5-a7f8f92e6c90",
              "isHook": false,
              "skipped": false
            },
            {
              "title": "Tem os data-testids corretos para a tela de explorar bebidas",
              "fullTitle": "70 - Implemente os elementos da tela de explorar bebidas ou comidas respeitando os atributos descritos no protótipo Tem os data-testids corretos para a tela de explorar bebidas",
              "timedOut": null,
              "duration": 166,
              "state": "passed",
              "speed": "slow",
              "pass": true,
              "fail": false,
              "pending": false,
              "context": null,
              "code": "cy.visit('http://localhost:3000/explorar/bebidas');\ncy.get('[data-testid=\"explore-by-ingredient\"]');\ncy.get('[data-testid=\"explore-by-area\"]').should('not.exist');\ncy.get('[data-testid=\"explore-surprise\"]');",
              "err": {},
              "uuid": "ab30a10d-749a-4fec-9a96-69404a334181",
              "parentUUID": "f2b428a4-adf4-4513-b7b5-a7f8f92e6c90",
              "isHook": false,
              "skipped": false
            }
          ],
          "suites": [],
          "passes": [
            "0991ed32-fc34-4877-bd70-9cd9a774c1bd",
            "ab30a10d-749a-4fec-9a96-69404a334181"
          ],
          "failures": [],
          "pending": [],
          "skipped": [],
          "duration": 841,
          "root": false,
          "rootEmpty": false,
          "_timeout": 2000
        },
        {
          "uuid": "dc057201-89c8-423e-aab3-408c3f4fea62",
          "title": "71 - Desenvolva 3 botões: um para explorar por ingrediente, um para explorar por local de origem e um para pegar uma receita aleatória",
          "fullFile": "",
          "file": "",
          "beforeHooks": [],
          "afterHooks": [],
          "tests": [
            {
              "title": "Tem os botões \"Por Ingredientes\", \"Por Local de Origem\" e \"Me Surpreenda!\" para a tela de explorar comidas",
              "fullTitle": "71 - Desenvolva 3 botões: um para explorar por ingrediente, um para explorar por local de origem e um para pegar uma receita aleatória Tem os botões \"Por Ingredientes\", \"Por Local de Origem\" e \"Me Surpreenda!\" para a tela de explorar comidas",
              "timedOut": null,
              "duration": 167,
              "state": "passed",
              "speed": "slow",
              "pass": true,
              "fail": false,
              "pending": false,
              "context": null,
              "code": "cy.visit('http://localhost:3000/explorar/comidas');\ncy.get('[data-testid=\"explore-by-ingredient\"]').contains('Por Ingredientes');\ncy.get('[data-testid=\"explore-by-area\"]').contains('Por Local de Origem');\ncy.get('[data-testid=\"explore-surprise\"]').contains('Me Surpreenda!');",
              "err": {},
              "uuid": "d4fdc8ff-1085-4c3d-bb97-a1ae4653ed19",
              "parentUUID": "dc057201-89c8-423e-aab3-408c3f4fea62",
              "isHook": false,
              "skipped": false
            },
            {
              "title": "Tem apenas os botões \"Por Ingredientes\" e \"Me Surpreenda!\" para a tela de explorar bebidas",
              "fullTitle": "71 - Desenvolva 3 botões: um para explorar por ingrediente, um para explorar por local de origem e um para pegar uma receita aleatória Tem apenas os botões \"Por Ingredientes\" e \"Me Surpreenda!\" para a tela de explorar bebidas",
              "timedOut": null,
              "duration": 172,
              "state": "passed",
              "speed": "slow",
              "pass": true,
              "fail": false,
              "pending": false,
              "context": null,
              "code": "cy.visit('http://localhost:3000/explorar/bebidas');\ncy.get('[data-testid=\"explore-by-ingredient\"]').contains('Por Ingredientes');\ncy.get('[data-testid=\"explore-by-area\"]').should('not.exist');\ncy.get('[data-testid=\"explore-surprise\"]').contains('Me Surpreenda!');",
              "err": {},
              "uuid": "77725bd6-4c39-4212-9823-4946cd1c0a1f",
              "parentUUID": "dc057201-89c8-423e-aab3-408c3f4fea62",
              "isHook": false,
              "skipped": false
            }
          ],
          "suites": [],
          "passes": [
            "d4fdc8ff-1085-4c3d-bb97-a1ae4653ed19",
            "77725bd6-4c39-4212-9823-4946cd1c0a1f"
          ],
          "failures": [],
          "pending": [],
          "skipped": [],
          "duration": 339,
          "root": false,
          "rootEmpty": false,
          "_timeout": 2000
        },
        {
          "uuid": "ebd92ccc-413f-4f3c-80d0-2c61888c0050",
          "title": "72 - Redirecione a pessoa usuária ao clicar em \"Por Ingredientes\", a rota deve mudar para a tela de explorar por ingredientes",
          "fullFile": "",
          "file": "",
          "beforeHooks": [],
          "afterHooks": [],
          "tests": [
            {
              "title": "Ao clicar no botão \"Por Ingredientes\" da tela de explorar comidas a rota muda para a página de explorar comidas por ingrediente",
              "fullTitle": "72 - Redirecione a pessoa usuária ao clicar em \"Por Ingredientes\", a rota deve mudar para a tela de explorar por ingredientes Ao clicar no botão \"Por Ingredientes\" da tela de explorar comidas a rota muda para a página de explorar comidas por ingrediente",
              "timedOut": null,
              "duration": 448,
              "state": "passed",
              "speed": "slow",
              "pass": true,
              "fail": false,
              "pending": false,
              "context": null,
              "code": "cy.visit('http://localhost:3000/explorar/comidas');\ncy.get('[data-testid=\"explore-by-ingredient\"]').click();\ncy.location().should(function (loc) {\n  return expect(loc.pathname).to.eq('/explorar/comidas/ingredientes');\n});",
              "err": {},
              "uuid": "b95f05aa-4560-413a-96d4-bfb3d1830aa1",
              "parentUUID": "ebd92ccc-413f-4f3c-80d0-2c61888c0050",
              "isHook": false,
              "skipped": false
            },
            {
              "title": "Ao clicar no botão \"Explorar Bebidas\" da tela de explorar bebidas a rota muda para a página de explorar bebidas por ingrediente",
              "fullTitle": "72 - Redirecione a pessoa usuária ao clicar em \"Por Ingredientes\", a rota deve mudar para a tela de explorar por ingredientes Ao clicar no botão \"Explorar Bebidas\" da tela de explorar bebidas a rota muda para a página de explorar bebidas por ingrediente",
              "timedOut": null,
              "duration": 288,
              "state": "passed",
              "speed": "slow",
              "pass": true,
              "fail": false,
              "pending": false,
              "context": null,
              "code": "cy.visit('http://localhost:3000/explorar/bebidas');\ncy.get('[data-testid=\"explore-by-ingredient\"]').click();\ncy.location().should(function (loc) {\n  return expect(loc.pathname).to.eq('/explorar/bebidas/ingredientes');\n});",
              "err": {},
              "uuid": "5af75552-5fc9-4e96-9aff-36aa67364e9c",
              "parentUUID": "ebd92ccc-413f-4f3c-80d0-2c61888c0050",
              "isHook": false,
              "skipped": false
            }
          ],
          "suites": [],
          "passes": [
            "b95f05aa-4560-413a-96d4-bfb3d1830aa1",
            "5af75552-5fc9-4e96-9aff-36aa67364e9c"
          ],
          "failures": [],
          "pending": [],
          "skipped": [],
          "duration": 736,
          "root": false,
          "rootEmpty": false,
          "_timeout": 2000
        },
        {
          "uuid": "a7438a98-0450-4ef6-bad6-97c4855db9b8",
          "title": "73 - Redirecione a pessoa usuária ao clicar em \"Por Local de Origem\", a rota deve mudar para tela de explorar por local de origem",
          "fullFile": "",
          "file": "",
          "beforeHooks": [],
          "afterHooks": [],
          "tests": [
            {
              "title": "A rota deve mudar para tela de explorar por local de origem",
              "fullTitle": "73 - Redirecione a pessoa usuária ao clicar em \"Por Local de Origem\", a rota deve mudar para tela de explorar por local de origem A rota deve mudar para tela de explorar por local de origem",
              "timedOut": null,
              "duration": 351,
              "state": "passed",
              "speed": "slow",
              "pass": true,
              "fail": false,
              "pending": false,
              "context": null,
              "code": "cy.visit('http://localhost:3000/explorar/comidas');\ncy.get('[data-testid=\"explore-by-area\"]').click();\ncy.location().should(function (loc) {\n  return expect(loc.pathname).to.eq('/explorar/comidas/area');\n});",
              "err": {},
              "uuid": "5f21e29b-798b-4b6f-8eb8-f152124f453f",
              "parentUUID": "a7438a98-0450-4ef6-bad6-97c4855db9b8",
              "isHook": false,
              "skipped": false
            }
          ],
          "suites": [],
          "passes": [
            "5f21e29b-798b-4b6f-8eb8-f152124f453f"
          ],
          "failures": [],
          "pending": [],
          "skipped": [],
          "duration": 351,
          "root": false,
          "rootEmpty": false,
          "_timeout": 2000
        },
        {
          "uuid": "012ef62e-5efc-42cd-86f6-482b16d8c108",
          "title": "74 - Redirecione a pessoa usuária ao clicar em \"Me Surpreenda!\", a rota deve mudar para a tela de detalhes de uma receita, que deve ser escolhida de forma aleatória através da API",
          "fullFile": "",
          "file": "",
          "beforeHooks": [],
          "afterHooks": [],
          "tests": [
            {
              "title": "Ao clicar no botão \"Por Ingredientes\" da tela de explorar comidas a rota muda para a página de detalhes de uma comida aleatória",
              "fullTitle": "74 - Redirecione a pessoa usuária ao clicar em \"Me Surpreenda!\", a rota deve mudar para a tela de detalhes de uma receita, que deve ser escolhida de forma aleatória através da API Ao clicar no botão \"Por Ingredientes\" da tela de explorar comidas a rota muda para a página de detalhes de uma comida aleatória",
              "timedOut": null,
              "duration": 228,
              "state": "failed",
              "speed": null,
              "pass": false,
              "fail": true,
              "pending": false,
              "context": null,
              "code": "cy.visit('http://localhost:3000/explorar/comidas', {\n  onBeforeLoad: function onBeforeLoad(win) {\n    win.fetch = fetchMock;\n  }\n});\ncy.get('[data-testid=\"explore-surprise\"]').click();\ncy.location().should(function (loc) {\n  return expect(loc.pathname).to.eq('/comidas/52771');\n});",
              "err": {
                "message": "Uncaught TypeError: Cannot read property 'map' of undefined\n\nThis error originated from your application code, not from Cypress.\n\nWhen Cypress detects uncaught errors originating from your application it will automatically fail the current test.\n\nThis behavior is configurable, and you can choose to turn this off by listening to the 'uncaught:exception' event.\n\nhttps://on.cypress.io/uncaught-exception-from-application",
                "estack": "Uncaught TypeError: Cannot read property 'map' of undefined\n\nThis error originated from your application code, not from Cypress.\n\nWhen Cypress detects uncaught errors originating from your application it will automatically fail the current test.\n\nThis behavior is configurable, and you can choose to turn this off by listening to the 'uncaught:exception' event.\n\nhttps://on.cypress.io/uncaught-exception-from-application\n    at ExploreFoodByArea.render (http://localhost:3000/static/js/main.chunk.js:3852:17)\n    at finishClassComponent (http://localhost:3000/static/js/0.chunk.js:35167:35)\n    at updateClassComponent (http://localhost:3000/static/js/0.chunk.js:35120:28)\n    at beginWork (http://localhost:3000/static/js/0.chunk.js:36580:20)\n    at HTMLUnknownElement.callCallback (http://localhost:3000/static/js/0.chunk.js:18259:18)\n    at Object.invokeGuardedCallbackDev (http://localhost:3000/static/js/0.chunk.js:18308:20)\n    at invokeGuardedCallback (http://localhost:3000/static/js/0.chunk.js:18361:35)\n    at beginWork$1 (http://localhost:3000/static/js/0.chunk.js:41122:11)\n    at performUnitOfWork (http://localhost:3000/static/js/0.chunk.js:40089:16)\n    at workLoopSync (http://localhost:3000/static/js/0.chunk.js:40062:26)\n    at performSyncWorkOnRoot (http://localhost:3000/static/js/0.chunk.js:39680:13)\n    at http://localhost:3000/static/js/0.chunk.js:29200:28\n    at unstable_runWithPriority (http://localhost:3000/static/js/0.chunk.js:56892:16)\n    at runWithPriority$1 (http://localhost:3000/static/js/0.chunk.js:29146:14)\n    at flushSyncCallbackQueueImpl (http://localhost:3000/static/js/0.chunk.js:29195:11)\n    at flushSyncCallbackQueue (http://localhost:3000/static/js/0.chunk.js:29183:7)\n    at batchedUpdates$1 (http://localhost:3000/static/js/0.chunk.js:39786:11)\n    at Object.notify (http://localhost:3000/static/js/0.chunk.js:48578:7)\n    at Subscription.notifyNestedSubs (http://localhost:3000/static/js/0.chunk.js:48649:20)\n    at Subscription.handleChangeWrapper (http://localhost:3000/static/js/0.chunk.js:48654:12)\n    at dispatch (http://localhost:3000/static/js/0.chunk.js:55401:7)\n    at http://localhost:3000/static/js/0.chunk.js:55076:16\n    at dispatch (http://localhost:3000/static/js/0.chunk.js:55765:28)\n    at http://localhost:3000/static/js/main.chunk.js:5346:3",
                "diff": null
              },
              "uuid": "6aac87a4-fdb5-40e6-aa07-3a8388fb93df",
              "parentUUID": "012ef62e-5efc-42cd-86f6-482b16d8c108",
              "isHook": false,
              "skipped": false
            },
            {
              "title": "Ao clicar no botão \"Explorar Bebidas\" da tela de explorar bebidas a rota muda para a página de detalhes de uma bebida aleatória",
              "fullTitle": "74 - Redirecione a pessoa usuária ao clicar em \"Me Surpreenda!\", a rota deve mudar para a tela de detalhes de uma receita, que deve ser escolhida de forma aleatória através da API Ao clicar no botão \"Explorar Bebidas\" da tela de explorar bebidas a rota muda para a página de detalhes de uma bebida aleatória",
              "timedOut": null,
              "duration": 360,
              "state": "passed",
              "speed": "slow",
              "pass": true,
              "fail": false,
              "pending": false,
              "context": null,
              "code": "cy.visit('http://localhost:3000/explorar/bebidas', {\n  onBeforeLoad: function onBeforeLoad(win) {\n    win.fetch = fetchMock;\n  }\n});\ncy.get('[data-testid=\"explore-surprise\"]').click();\ncy.location().should(function (loc) {\n  return expect(loc.pathname).to.eq('/bebidas/178319');\n});",
              "err": {},
              "uuid": "8f63218a-06df-4fb2-9729-486c19ca80ae",
              "parentUUID": "012ef62e-5efc-42cd-86f6-482b16d8c108",
              "isHook": false,
              "skipped": false
            }
          ],
          "suites": [],
          "passes": [
            "8f63218a-06df-4fb2-9729-486c19ca80ae"
          ],
          "failures": [
            "6aac87a4-fdb5-40e6-aa07-3a8388fb93df"
          ],
          "pending": [],
          "skipped": [],
          "duration": 588,
          "root": false,
          "rootEmpty": false,
          "_timeout": 2000
        }
      ],
      "passes": [],
      "failures": [],
      "pending": [],
      "skipped": [],
      "duration": 0,
      "root": true,
      "rootEmpty": true,
      "_timeout": 2000
    }
  ],
  "meta": {
    "mocha": {
      "version": "8.2.1"
    },
    "mochawesome": {
      "options": {
        "quiet": false,
        "reportFilename": "mochawesome",
        "saveHtml": false,
        "saveJson": true,
        "consoleReporter": "spec",
        "useInlineDiffs": false,
        "code": true
      },
      "version": "6.2.1"
    },
    "marge": {
      "options": {
        "id": "default",
        "reportDir": "cypress/reports",
        "overwrite": false,
        "html": false,
        "json": true
      },
      "version": "5.1.0"
    }
  }
}