{
  "stats": {
    "suites": 14,
    "tests": 32,
    "passes": 12,
    "pending": 0,
    "failures": 20,
    "start": "2021-08-06T18:57:20.920Z",
    "end": "2021-08-06T19:00:56.540Z",
    "duration": 215620,
    "testsRegistered": 32,
    "passPercent": 37.5,
    "pendingPercent": 0,
    "other": 0,
    "hasOther": false,
    "skipped": 0,
    "hasSkipped": false
  },
  "results": [
    {
      "uuid": "895e0af9-0d4b-4df6-8fa7-6930fa91dabf",
      "title": "",
      "fullFile": "cypress/integration/recipe_detail_spec.js",
      "file": "cypress/integration/recipe_detail_spec.js",
      "beforeHooks": [],
      "afterHooks": [],
      "tests": [],
      "suites": [
        {
          "uuid": "f4bfb7cc-e2d5-43aa-bb3d-a40d42f10a2e",
          "title": "33 - Implemente os elementos da tela de detalhes de uma receita respeitando os atributos descritos no protótipo",
          "fullFile": "",
          "file": "",
          "beforeHooks": [],
          "afterHooks": [],
          "tests": [
            {
              "title": "A tela de comida possui todos os atributos data-testid",
              "fullTitle": "33 - Implemente os elementos da tela de detalhes de uma receita respeitando os atributos descritos no protótipo A tela de comida possui todos os atributos data-testid",
              "timedOut": null,
              "duration": 2364,
              "state": "passed",
              "speed": "slow",
              "pass": true,
              "fail": false,
              "pending": false,
              "context": null,
              "code": "cy.visit('http://localhost:3000/comidas/52771', {\n  onBeforeLoad: function onBeforeLoad(win) {\n    win.fetch = fetchMock;\n  }\n});\ncy.get('[data-testid=\"recipe-photo\"]');\ncy.get('[data-testid=\"recipe-title\"]');\ncy.get('[data-testid=\"share-btn\"]');\ncy.get('[data-testid=\"favorite-btn\"]');\ncy.get('[data-testid=\"recipe-category\"]');\ncy.get('[data-testid=\"0-ingredient-name-and-measure\"]');\ncy.get('[data-testid=\"instructions\"]');\ncy.get('[data-testid=\"video\"]');\ncy.get('[data-testid=\"0-recomendation-card\"]');\ncy.get('[data-testid=\"start-recipe-btn\"]');",
              "err": {},
              "uuid": "cdb376a3-93a0-434d-9c4c-aac51f417514",
              "parentUUID": "f4bfb7cc-e2d5-43aa-bb3d-a40d42f10a2e",
              "isHook": false,
              "skipped": false
            },
            {
              "title": "A tela de bebidas possui todos os atributos data-testid",
              "fullTitle": "33 - Implemente os elementos da tela de detalhes de uma receita respeitando os atributos descritos no protótipo A tela de bebidas possui todos os atributos data-testid",
              "timedOut": null,
              "duration": 10487,
              "state": "failed",
              "speed": null,
              "pass": false,
              "fail": true,
              "pending": false,
              "context": null,
              "code": "cy.visit('http://localhost:3000/bebidas/178319', {\n  onBeforeLoad: function onBeforeLoad(win) {\n    win.fetch = fetchMock;\n  }\n});\ncy.get('[data-testid=\"recipe-photo\"]');\ncy.get('[data-testid=\"recipe-title\"]');\ncy.get('[data-testid=\"share-btn\"]');\ncy.get('[data-testid=\"favorite-btn\"]');\ncy.get('[data-testid=\"recipe-category\"]');\ncy.get('[data-testid=\"0-ingredient-name-and-measure\"]');\ncy.get('[data-testid=\"instructions\"]');\ncy.get('[data-testid=\"0-recomendation-card\"]');\ncy.get('[data-testid=\"start-recipe-btn\"]');",
              "err": {
                "message": "CypressError: Timed out retrying: Expected to find element: '[data-testid=\"recipe-photo\"]', but never found it.",
                "estack": "CypressError: Timed out retrying: Expected to find element: '[data-testid=\"recipe-photo\"]', but never found it.\n    at Object.cypressErr (http://localhost:3000/__cypress/runner/cypress_runner.js:86207:11)\n    at Object.throwErr (http://localhost:3000/__cypress/runner/cypress_runner.js:86162:18)\n    at Object.throwErrByPath (http://localhost:3000/__cypress/runner/cypress_runner.js:86194:17)\n    at retry (http://localhost:3000/__cypress/runner/cypress_runner.js:76849:16)\n    at onFailFn (http://localhost:3000/__cypress/runner/cypress_runner.js:65634:16)\n    at tryCatcher (http://localhost:3000/__cypress/runner/cypress_runner.js:120203:23)\n    at Promise._settlePromiseFromHandler (http://localhost:3000/__cypress/runner/cypress_runner.js:118139:31)\n    at Promise._settlePromise (http://localhost:3000/__cypress/runner/cypress_runner.js:118196:18)\n    at Promise._settlePromise0 (http://localhost:3000/__cypress/runner/cypress_runner.js:118241:10)\n    at Promise._settlePromises (http://localhost:3000/__cypress/runner/cypress_runner.js:118316:18)\n    at Async../node_modules/bluebird/js/release/async.js.Async._drainQueue (http://localhost:3000/__cypress/runner/cypress_runner.js:114928:16)\n    at Async../node_modules/bluebird/js/release/async.js.Async._drainQueues (http://localhost:3000/__cypress/runner/cypress_runner.js:114938:10)\n    at Async.drainQueues (http://localhost:3000/__cypress/runner/cypress_runner.js:114812:14)",
                "diff": null
              },
              "uuid": "63ac4865-96c2-460e-a753-53e4480a3aec",
              "parentUUID": "f4bfb7cc-e2d5-43aa-bb3d-a40d42f10a2e",
              "isHook": false,
              "skipped": false
            }
          ],
          "suites": [],
          "passes": [
            "cdb376a3-93a0-434d-9c4c-aac51f417514"
          ],
          "failures": [
            "63ac4865-96c2-460e-a753-53e4480a3aec"
          ],
          "pending": [],
          "skipped": [],
          "duration": 12851,
          "root": false,
          "rootEmpty": false,
          "_timeout": 2000
        },
        {
          "uuid": "82829c3e-ab1e-4700-9b33-b4f6100c1f0d",
          "title": "34 - Realize uma request para a API passando o `id` da receita que deve estar disponível nos parâmetros da URL",
          "fullFile": "",
          "file": "",
          "beforeHooks": [],
          "afterHooks": [],
          "tests": [
            {
              "title": "Verifica se a requisição para a API de comidas foi realizada",
              "fullTitle": "34 - Realize uma request para a API passando o `id` da receita que deve estar disponível nos parâmetros da URL Verifica se a requisição para a API de comidas foi realizada",
              "timedOut": null,
              "duration": 682,
              "state": "passed",
              "speed": "slow",
              "pass": true,
              "fail": false,
              "pending": false,
              "context": null,
              "code": "cy.visit('http://localhost:3000/comidas/52771', {\n  onBeforeLoad: function onBeforeLoad(win) {\n    cy.spy(win, 'fetch');\n  }\n});\ncy.window().its('fetch').should('be.calledWith', 'https://www.themealdb.com/api/json/v1/1/lookup.php?i=52771');",
              "err": {},
              "uuid": "7d0aa7c2-482d-4ce5-833e-9dd572879140",
              "parentUUID": "82829c3e-ab1e-4700-9b33-b4f6100c1f0d",
              "isHook": false,
              "skipped": false
            },
            {
              "title": "Verifica se a requisição para a API de bebidas foi realizada",
              "fullTitle": "34 - Realize uma request para a API passando o `id` da receita que deve estar disponível nos parâmetros da URL Verifica se a requisição para a API de bebidas foi realizada",
              "timedOut": null,
              "duration": 10541,
              "state": "failed",
              "speed": null,
              "pass": false,
              "fail": true,
              "pending": false,
              "context": null,
              "code": "cy.visit('http://localhost:3000/bebidas/178319', {\n  onBeforeLoad: function onBeforeLoad(win) {\n    cy.spy(win, 'fetch');\n  }\n});\ncy.window().its('fetch').should('be.calledWith', 'https://www.thecocktaildb.com/api/json/v1/1/lookup.php?i=178319');",
              "err": {
                "message": "CypressError: Timed out retrying: expected fetch to have been called with arguments \"https://www.thecocktaildb.com/api/json/v1/1/lookup.php?i=178319\", but it was never called",
                "estack": "CypressError: Timed out retrying: expected fetch to have been called with arguments \"https://www.thecocktaildb.com/api/json/v1/1/lookup.php?i=178319\", but it was never called\n    at Object.cypressErr (http://localhost:3000/__cypress/runner/cypress_runner.js:86207:11)\n    at Object.throwErr (http://localhost:3000/__cypress/runner/cypress_runner.js:86162:18)\n    at Object.throwErrByPath (http://localhost:3000/__cypress/runner/cypress_runner.js:86194:17)\n    at retry (http://localhost:3000/__cypress/runner/cypress_runner.js:76849:16)\n    at onFailFn (http://localhost:3000/__cypress/runner/cypress_runner.js:65634:16)\n    at tryCatcher (http://localhost:3000/__cypress/runner/cypress_runner.js:120203:23)\n    at Promise._settlePromiseFromHandler (http://localhost:3000/__cypress/runner/cypress_runner.js:118139:31)\n    at Promise._settlePromise (http://localhost:3000/__cypress/runner/cypress_runner.js:118196:18)\n    at Promise._settlePromise0 (http://localhost:3000/__cypress/runner/cypress_runner.js:118241:10)\n    at Promise._settlePromises (http://localhost:3000/__cypress/runner/cypress_runner.js:118316:18)\n    at Async../node_modules/bluebird/js/release/async.js.Async._drainQueue (http://localhost:3000/__cypress/runner/cypress_runner.js:114928:16)\n    at Async../node_modules/bluebird/js/release/async.js.Async._drainQueues (http://localhost:3000/__cypress/runner/cypress_runner.js:114938:10)\n    at Async.drainQueues (http://localhost:3000/__cypress/runner/cypress_runner.js:114812:14)",
                "diff": null
              },
              "uuid": "45f4f2ec-0a29-4de9-87f0-15b34568142b",
              "parentUUID": "82829c3e-ab1e-4700-9b33-b4f6100c1f0d",
              "isHook": false,
              "skipped": false
            }
          ],
          "suites": [],
          "passes": [
            "7d0aa7c2-482d-4ce5-833e-9dd572879140"
          ],
          "failures": [
            "45f4f2ec-0a29-4de9-87f0-15b34568142b"
          ],
          "pending": [],
          "skipped": [],
          "duration": 11223,
          "root": false,
          "rootEmpty": false,
          "_timeout": 2000
        },
        {
          "uuid": "29204136-2c08-4b57-a545-d290a339bd7b",
          "title": "35 - Desenvolva a tela de forma que contenha uma imagem da receita, o título, a categoria (ou se é ou não alcoólico), uma lista de ingredientes seguidos pelas quantidades, instruções, um vídeo do youtube \"embedado\" e recomendações",
          "fullFile": "",
          "file": "",
          "beforeHooks": [],
          "afterHooks": [],
          "tests": [
            {
              "title": "Verifica se os elementos descritos no protótipo existem na tela de detalhes de comida",
              "fullTitle": "35 - Desenvolva a tela de forma que contenha uma imagem da receita, o título, a categoria (ou se é ou não alcoólico), uma lista de ingredientes seguidos pelas quantidades, instruções, um vídeo do youtube \"embedado\" e recomendações Verifica se os elementos descritos no protótipo existem na tela de detalhes de comida",
              "timedOut": null,
              "duration": 573,
              "state": "passed",
              "speed": "slow",
              "pass": true,
              "fail": false,
              "pending": false,
              "context": null,
              "code": "cy.visit('http://localhost:3000/comidas/52771', {\n  onBeforeLoad: function onBeforeLoad(win) {\n    win.fetch = fetchMock;\n  }\n});\ncy.get('[data-testid=\"recipe-photo\"]').should('have.prop', 'tagName').should('eq', 'IMG');\ncy.get('[data-testid=\"recipe-title\"]').contains('Spicy Arrabiata Penne');\ncy.get('[data-testid=\"recipe-category\"]').contains('Vegetarian');\ncy.get('[data-testid=\"0-ingredient-name-and-measure\"]').contains('penne rigate');\ncy.get('[data-testid=\"0-ingredient-name-and-measure\"]').contains('1 pound');\ncy.get('[data-testid=\"1-ingredient-name-and-measure\"]').contains('olive oil');\ncy.get('[data-testid=\"1-ingredient-name-and-measure\"]').contains('1/4 cup');\ncy.get('[data-testid=\"2-ingredient-name-and-measure\"]').contains('garlic');\ncy.get('[data-testid=\"2-ingredient-name-and-measure\"]').contains('3 cloves');\ncy.get('[data-testid=\"3-ingredient-name-and-measure\"]').contains('chopped tomatoes');\ncy.get('[data-testid=\"3-ingredient-name-and-measure\"]').contains('1 tin');\ncy.get('[data-testid=\"4-ingredient-name-and-measure\"]').contains('red chile flakes');\ncy.get('[data-testid=\"4-ingredient-name-and-measure\"]').contains('1/2 teaspoon');\ncy.get('[data-testid=\"5-ingredient-name-and-measure\"]').contains('italian seasoning');\ncy.get('[data-testid=\"5-ingredient-name-and-measure\"]').contains('1/2 teaspoon');\ncy.get('[data-testid=\"6-ingredient-name-and-measure\"]').contains('basil');\ncy.get('[data-testid=\"6-ingredient-name-and-measure\"]').contains('6 leaves');\ncy.get('[data-testid=\"7-ingredient-name-and-measure\"]').contains('Parmigiano-Reggiano');\ncy.get('[data-testid=\"7-ingredient-name-and-measure\"]').contains('spinkling');\ncy.get('[data-testid=\"instructions\"]').contains('Bring a large pot of water to a boil. Add kosher salt to the boiling water, then add the pasta. Cook according to the package instructions, about 9 minutes.\\r\\nIn a large skillet over medium-high heat, add the olive oil and heat until the oil starts to shimmer. Add the garlic and cook, stirring, until fragrant, 1 to 2 minutes. Add the chopped tomatoes, red chile flakes, Italian seasoning and salt and pepper to taste. Bring to a boil and cook for 5 minutes. Remove from the heat and add the chopped basil.\\r\\nDrain the pasta and add it to the sauce. Garnish with Parmigiano-Reggiano flakes and more basil and serve warm.');\ncy.get('[data-testid=\"video\"]').should('exist');\ncy.get('[data-testid*=\"recomendation-card\"]').should('exist');",
              "err": {},
              "uuid": "62f34bf8-782b-42e3-9010-2efdcf9d8f01",
              "parentUUID": "29204136-2c08-4b57-a545-d290a339bd7b",
              "isHook": false,
              "skipped": false
            },
            {
              "title": "Verifica se os elementos descritos no protótipo existem na tela de detalhes de bebida",
              "fullTitle": "35 - Desenvolva a tela de forma que contenha uma imagem da receita, o título, a categoria (ou se é ou não alcoólico), uma lista de ingredientes seguidos pelas quantidades, instruções, um vídeo do youtube \"embedado\" e recomendações Verifica se os elementos descritos no protótipo existem na tela de detalhes de bebida",
              "timedOut": null,
              "duration": 10574,
              "state": "failed",
              "speed": null,
              "pass": false,
              "fail": true,
              "pending": false,
              "context": null,
              "code": "cy.visit('http://localhost:3000/bebidas/178319', {\n  onBeforeLoad: function onBeforeLoad(win) {\n    win.fetch = fetchMock;\n  }\n});\ncy.get('[data-testid=\"recipe-photo\"]').should('have.prop', 'tagName').should('eq', 'IMG');\ncy.get('[data-testid=\"recipe-title\"]').contains('Aquamarine');\ncy.get('[data-testid=\"recipe-category\"]').contains('Alcoholic');\ncy.get('[data-testid=\"0-ingredient-name-and-measure\"]').contains('Hpnotiq');\ncy.get('[data-testid=\"0-ingredient-name-and-measure\"]').contains('2 oz');\ncy.get('[data-testid=\"1-ingredient-name-and-measure\"]').contains('Pineapple Juice');\ncy.get('[data-testid=\"1-ingredient-name-and-measure\"]').contains('1 oz');\ncy.get('[data-testid=\"2-ingredient-name-and-measure\"]').contains('Banana Liqueur');\ncy.get('[data-testid=\"2-ingredient-name-and-measure\"]').contains('1 oz');\ncy.get('[data-testid=\"instructions\"]').contains('Shake well in a shaker with ice.\\r\\nStrain in a martini glass.');\ncy.get('[data-testid*=\"recomendation-card\"]').should('exist');",
              "err": {
                "message": "CypressError: Timed out retrying: Expected to find element: '[data-testid=\"recipe-photo\"]', but never found it.",
                "estack": "CypressError: Timed out retrying: Expected to find element: '[data-testid=\"recipe-photo\"]', but never found it.\n    at Object.cypressErr (http://localhost:3000/__cypress/runner/cypress_runner.js:86207:11)\n    at Object.throwErr (http://localhost:3000/__cypress/runner/cypress_runner.js:86162:18)\n    at Object.throwErrByPath (http://localhost:3000/__cypress/runner/cypress_runner.js:86194:17)\n    at retry (http://localhost:3000/__cypress/runner/cypress_runner.js:76849:16)\n    at onFailFn (http://localhost:3000/__cypress/runner/cypress_runner.js:65634:16)\n    at tryCatcher (http://localhost:3000/__cypress/runner/cypress_runner.js:120203:23)\n    at Promise._settlePromiseFromHandler (http://localhost:3000/__cypress/runner/cypress_runner.js:118139:31)\n    at Promise._settlePromise (http://localhost:3000/__cypress/runner/cypress_runner.js:118196:18)\n    at Promise._settlePromise0 (http://localhost:3000/__cypress/runner/cypress_runner.js:118241:10)\n    at Promise._settlePromises (http://localhost:3000/__cypress/runner/cypress_runner.js:118316:18)\n    at Async../node_modules/bluebird/js/release/async.js.Async._drainQueue (http://localhost:3000/__cypress/runner/cypress_runner.js:114928:16)\n    at Async../node_modules/bluebird/js/release/async.js.Async._drainQueues (http://localhost:3000/__cypress/runner/cypress_runner.js:114938:10)\n    at Async.drainQueues (http://localhost:3000/__cypress/runner/cypress_runner.js:114812:14)",
                "diff": null
              },
              "uuid": "22b8e56f-565a-4066-a20b-47d799e974b8",
              "parentUUID": "29204136-2c08-4b57-a545-d290a339bd7b",
              "isHook": false,
              "skipped": false
            }
          ],
          "suites": [],
          "passes": [
            "62f34bf8-782b-42e3-9010-2efdcf9d8f01"
          ],
          "failures": [
            "22b8e56f-565a-4066-a20b-47d799e974b8"
          ],
          "pending": [],
          "skipped": [],
          "duration": 11147,
          "root": false,
          "rootEmpty": false,
          "_timeout": 2000
        },
        {
          "uuid": "3caefe8c-cd26-47be-8c43-fc7064b943cb",
          "title": "36 - Implemente as recomendações, para receitas de comida, a recomendação deverá ser bebida e vice-versa",
          "fullFile": "",
          "file": "",
          "beforeHooks": [],
          "afterHooks": [],
          "tests": [
            {
              "title": "Verifica se a requisição para a API de bebidas foi realizada",
              "fullTitle": "36 - Implemente as recomendações, para receitas de comida, a recomendação deverá ser bebida e vice-versa Verifica se a requisição para a API de bebidas foi realizada",
              "timedOut": null,
              "duration": 339,
              "state": "passed",
              "speed": "slow",
              "pass": true,
              "fail": false,
              "pending": false,
              "context": null,
              "code": "cy.visit('http://localhost:3000/comidas/52771', {\n  onBeforeLoad: function onBeforeLoad(win) {\n    cy.spy(win, 'fetch');\n  }\n});\ncy.window().its('fetch').should('be.calledWith', 'https://www.thecocktaildb.com/api/json/v1/1/search.php?s=');",
              "err": {},
              "uuid": "59ff9176-1225-4dc5-9b84-a32149fd05c6",
              "parentUUID": "3caefe8c-cd26-47be-8c43-fc7064b943cb",
              "isHook": false,
              "skipped": false
            },
            {
              "title": "Verifica se a requisição para a API de comidas foi realizada",
              "fullTitle": "36 - Implemente as recomendações, para receitas de comida, a recomendação deverá ser bebida e vice-versa Verifica se a requisição para a API de comidas foi realizada",
              "timedOut": null,
              "duration": 10492,
              "state": "failed",
              "speed": null,
              "pass": false,
              "fail": true,
              "pending": false,
              "context": null,
              "code": "cy.visit('http://localhost:3000/bebidas/178319', {\n  onBeforeLoad: function onBeforeLoad(win) {\n    cy.spy(win, 'fetch');\n  }\n});\ncy.window().its('fetch').should('be.calledWith', 'https://www.themealdb.com/api/json/v1/1/search.php?s=');",
              "err": {
                "message": "CypressError: Timed out retrying: expected fetch to have been called with arguments \"https://www.themealdb.com/api/json/v1/1/search.php?s=\", but it was never called",
                "estack": "CypressError: Timed out retrying: expected fetch to have been called with arguments \"https://www.themealdb.com/api/json/v1/1/search.php?s=\", but it was never called\n    at Object.cypressErr (http://localhost:3000/__cypress/runner/cypress_runner.js:86207:11)\n    at Object.throwErr (http://localhost:3000/__cypress/runner/cypress_runner.js:86162:18)\n    at Object.throwErrByPath (http://localhost:3000/__cypress/runner/cypress_runner.js:86194:17)\n    at retry (http://localhost:3000/__cypress/runner/cypress_runner.js:76849:16)\n    at onFailFn (http://localhost:3000/__cypress/runner/cypress_runner.js:65634:16)\n    at tryCatcher (http://localhost:3000/__cypress/runner/cypress_runner.js:120203:23)\n    at Promise._settlePromiseFromHandler (http://localhost:3000/__cypress/runner/cypress_runner.js:118139:31)\n    at Promise._settlePromise (http://localhost:3000/__cypress/runner/cypress_runner.js:118196:18)\n    at Promise._settlePromise0 (http://localhost:3000/__cypress/runner/cypress_runner.js:118241:10)\n    at Promise._settlePromises (http://localhost:3000/__cypress/runner/cypress_runner.js:118316:18)\n    at Async../node_modules/bluebird/js/release/async.js.Async._drainQueue (http://localhost:3000/__cypress/runner/cypress_runner.js:114928:16)\n    at Async../node_modules/bluebird/js/release/async.js.Async._drainQueues (http://localhost:3000/__cypress/runner/cypress_runner.js:114938:10)\n    at Async.drainQueues (http://localhost:3000/__cypress/runner/cypress_runner.js:114812:14)",
                "diff": null
              },
              "uuid": "e06ff555-3615-4446-ad67-d88fe6328b04",
              "parentUUID": "3caefe8c-cd26-47be-8c43-fc7064b943cb",
              "isHook": false,
              "skipped": false
            }
          ],
          "suites": [],
          "passes": [
            "59ff9176-1225-4dc5-9b84-a32149fd05c6"
          ],
          "failures": [
            "e06ff555-3615-4446-ad67-d88fe6328b04"
          ],
          "pending": [],
          "skipped": [],
          "duration": 10831,
          "root": false,
          "rootEmpty": false,
          "_timeout": 2000
        },
        {
          "uuid": "c8dbe94e-ea1b-40c8-9c04-a9d23d719e73",
          "title": "37 - Implemente os cards de recomendação, onde serão 6 cards, mas mostrando apenas 2 e o scroll é horizontal, similar a um `carousel`",
          "fullFile": "",
          "file": "",
          "beforeHooks": [],
          "afterHooks": [],
          "tests": [
            {
              "title": "Verifica se existem todas as recomendações na tela de detalhes de uma comida",
              "fullTitle": "37 - Implemente os cards de recomendação, onde serão 6 cards, mas mostrando apenas 2 e o scroll é horizontal, similar a um `carousel` Verifica se existem todas as recomendações na tela de detalhes de uma comida",
              "timedOut": null,
              "duration": 494,
              "state": "passed",
              "speed": "slow",
              "pass": true,
              "fail": false,
              "pending": false,
              "context": null,
              "code": "cy.visit('http://localhost:3000/comidas/52771', {\n  onBeforeLoad: function onBeforeLoad(win) {\n    win.fetch = fetchMock;\n  }\n});\ncy.get('[data-testid*=\"recomendation-card\"]').should('have.length', 6);\ncy.get('[data-testid=\"0-recomendation-card\"]').should('exist').and('visible');\ncy.get('[data-testid=\"0-recomendation-title\"]').contains('GG');\ncy.get('[data-testid=\"1-recomendation-card\"]').should('exist').and('visible');\ncy.get('[data-testid=\"1-recomendation-title\"]').contains('A1');\ncy.get('[data-testid=\"2-recomendation-card\"]').should('exist').and('not.visible');\ncy.get('[data-testid=\"2-recomendation-title\"]').contains('ABC');\ncy.get('[data-testid=\"3-recomendation-card\"]').should('exist').and('not.visible');\ncy.get('[data-testid=\"3-recomendation-title\"]').contains('Kir');\ncy.get('[data-testid=\"4-recomendation-card\"]').should('exist').and('not.visible');\ncy.get('[data-testid=\"4-recomendation-title\"]').contains('747');\ncy.get('[data-testid=\"5-recomendation-card\"]').should('exist').and('not.visible');\ncy.get('[data-testid=\"5-recomendation-title\"]').contains('252');",
              "err": {},
              "uuid": "e8144573-480c-4789-8843-4b3dde801da6",
              "parentUUID": "c8dbe94e-ea1b-40c8-9c04-a9d23d719e73",
              "isHook": false,
              "skipped": false
            },
            {
              "title": "Verifica se existem todas as recomendações na tela de detalhes de uma bebida",
              "fullTitle": "37 - Implemente os cards de recomendação, onde serão 6 cards, mas mostrando apenas 2 e o scroll é horizontal, similar a um `carousel` Verifica se existem todas as recomendações na tela de detalhes de uma bebida",
              "timedOut": null,
              "duration": 10454,
              "state": "failed",
              "speed": null,
              "pass": false,
              "fail": true,
              "pending": false,
              "context": null,
              "code": "cy.visit('http://localhost:3000/bebidas/178319', {\n  onBeforeLoad: function onBeforeLoad(win) {\n    win.fetch = fetchMock;\n  }\n});\ncy.get('[data-testid*=\"recomendation-card\"]').should('have.length', 6);\ncy.get('[data-testid=\"0-recomendation-card\"]').should('exist').and('visible');\ncy.get('[data-testid=\"0-recomendation-title\"]').contains('Corba');\ncy.get('[data-testid=\"1-recomendation-card\"]').should('exist').and('visible');\ncy.get('[data-testid=\"1-recomendation-title\"]').contains('Kumpir');\ncy.get('[data-testid=\"2-recomendation-card\"]').should('exist');\ncy.get('[data-testid=\"2-recomendation-title\"]').contains('Dal fry');\ncy.get('[data-testid=\"3-recomendation-card\"]').should('exist').and('not.visible');\ncy.get('[data-testid=\"3-recomendation-title\"]').contains('Poutine');\ncy.get('[data-testid=\"4-recomendation-card\"]').should('exist').and('not.visible');\ncy.get('[data-testid=\"4-recomendation-title\"]').contains('Lasagne');\ncy.get('[data-testid=\"5-recomendation-card\"]').should('exist').and('not.visible');\ncy.get('[data-testid=\"5-recomendation-title\"]').contains('Timbits');",
              "err": {
                "message": "CypressError: Timed out retrying: Expected to find element: '[data-testid*=\"recomendation-card\"]', but never found it.",
                "estack": "CypressError: Timed out retrying: Expected to find element: '[data-testid*=\"recomendation-card\"]', but never found it.\n    at Object.cypressErr (http://localhost:3000/__cypress/runner/cypress_runner.js:86207:11)\n    at Object.throwErr (http://localhost:3000/__cypress/runner/cypress_runner.js:86162:18)\n    at Object.throwErrByPath (http://localhost:3000/__cypress/runner/cypress_runner.js:86194:17)\n    at retry (http://localhost:3000/__cypress/runner/cypress_runner.js:76849:16)\n    at onFailFn (http://localhost:3000/__cypress/runner/cypress_runner.js:65634:16)\n    at tryCatcher (http://localhost:3000/__cypress/runner/cypress_runner.js:120203:23)\n    at Promise._settlePromiseFromHandler (http://localhost:3000/__cypress/runner/cypress_runner.js:118139:31)\n    at Promise._settlePromise (http://localhost:3000/__cypress/runner/cypress_runner.js:118196:18)\n    at Promise._settlePromise0 (http://localhost:3000/__cypress/runner/cypress_runner.js:118241:10)\n    at Promise._settlePromises (http://localhost:3000/__cypress/runner/cypress_runner.js:118316:18)\n    at Async../node_modules/bluebird/js/release/async.js.Async._drainQueue (http://localhost:3000/__cypress/runner/cypress_runner.js:114928:16)\n    at Async../node_modules/bluebird/js/release/async.js.Async._drainQueues (http://localhost:3000/__cypress/runner/cypress_runner.js:114938:10)\n    at Async.drainQueues (http://localhost:3000/__cypress/runner/cypress_runner.js:114812:14)",
                "diff": null
              },
              "uuid": "b8c50b37-dd34-4bdd-83e1-c45b99096394",
              "parentUUID": "c8dbe94e-ea1b-40c8-9c04-a9d23d719e73",
              "isHook": false,
              "skipped": false
            }
          ],
          "suites": [],
          "passes": [
            "e8144573-480c-4789-8843-4b3dde801da6"
          ],
          "failures": [
            "b8c50b37-dd34-4bdd-83e1-c45b99096394"
          ],
          "pending": [],
          "skipped": [],
          "duration": 10948,
          "root": false,
          "rootEmpty": false,
          "_timeout": 2000
        },
        {
          "uuid": "d18b5109-cfcf-4e99-ab17-ab0988dd7d67",
          "title": "38 - Desenvolva um botão de nome \"Iniciar Receita\" que deve ficar fixo na parte de baixo da tela o tempo todo",
          "fullFile": "",
          "file": "",
          "beforeHooks": [],
          "afterHooks": [],
          "tests": [
            {
              "title": "Verifica posicionamento do botão na tela de detalhes de comida",
              "fullTitle": "38 - Desenvolva um botão de nome \"Iniciar Receita\" que deve ficar fixo na parte de baixo da tela o tempo todo Verifica posicionamento do botão na tela de detalhes de comida",
              "timedOut": null,
              "duration": 502,
              "state": "passed",
              "speed": "slow",
              "pass": true,
              "fail": false,
              "pending": false,
              "context": null,
              "code": "cy.visit('http://localhost:3000/comidas/52771', {\n  onBeforeLoad: function onBeforeLoad(win) {\n    win.fetch = fetchMock;\n  }\n});\ncy.get('[data-testid=\"start-recipe-btn\"]').should('have.css', 'position', 'fixed').and('have.css', 'bottom', '0px');",
              "err": {},
              "uuid": "dd2743a6-26c1-4692-9be8-1b8f8fa58da8",
              "parentUUID": "d18b5109-cfcf-4e99-ab17-ab0988dd7d67",
              "isHook": false,
              "skipped": false
            },
            {
              "title": "Verifica posicionamento do botão na tela de detalhes de bebida",
              "fullTitle": "38 - Desenvolva um botão de nome \"Iniciar Receita\" que deve ficar fixo na parte de baixo da tela o tempo todo Verifica posicionamento do botão na tela de detalhes de bebida",
              "timedOut": null,
              "duration": 10518,
              "state": "failed",
              "speed": null,
              "pass": false,
              "fail": true,
              "pending": false,
              "context": null,
              "code": "cy.visit('http://localhost:3000/bebidas/178319', {\n  onBeforeLoad: function onBeforeLoad(win) {\n    win.fetch = fetchMock;\n  }\n});\ncy.get('[data-testid=\"start-recipe-btn\"]').should('have.css', 'position', 'fixed').and('have.css', 'bottom', '0px');",
              "err": {
                "message": "CypressError: Timed out retrying: Expected to find element: '[data-testid=\"start-recipe-btn\"]', but never found it.",
                "estack": "CypressError: Timed out retrying: Expected to find element: '[data-testid=\"start-recipe-btn\"]', but never found it.\n    at Object.cypressErr (http://localhost:3000/__cypress/runner/cypress_runner.js:86207:11)\n    at Object.throwErr (http://localhost:3000/__cypress/runner/cypress_runner.js:86162:18)\n    at Object.throwErrByPath (http://localhost:3000/__cypress/runner/cypress_runner.js:86194:17)\n    at retry (http://localhost:3000/__cypress/runner/cypress_runner.js:76849:16)\n    at onFailFn (http://localhost:3000/__cypress/runner/cypress_runner.js:65634:16)\n    at tryCatcher (http://localhost:3000/__cypress/runner/cypress_runner.js:120203:23)\n    at Promise._settlePromiseFromHandler (http://localhost:3000/__cypress/runner/cypress_runner.js:118139:31)\n    at Promise._settlePromise (http://localhost:3000/__cypress/runner/cypress_runner.js:118196:18)\n    at Promise._settlePromise0 (http://localhost:3000/__cypress/runner/cypress_runner.js:118241:10)\n    at Promise._settlePromises (http://localhost:3000/__cypress/runner/cypress_runner.js:118316:18)\n    at Async../node_modules/bluebird/js/release/async.js.Async._drainQueue (http://localhost:3000/__cypress/runner/cypress_runner.js:114928:16)\n    at Async../node_modules/bluebird/js/release/async.js.Async._drainQueues (http://localhost:3000/__cypress/runner/cypress_runner.js:114938:10)\n    at Async.drainQueues (http://localhost:3000/__cypress/runner/cypress_runner.js:114812:14)",
                "diff": null
              },
              "uuid": "e19bf1f2-44a5-44e6-a877-8501936d205f",
              "parentUUID": "d18b5109-cfcf-4e99-ab17-ab0988dd7d67",
              "isHook": false,
              "skipped": false
            }
          ],
          "suites": [],
          "passes": [
            "dd2743a6-26c1-4692-9be8-1b8f8fa58da8"
          ],
          "failures": [
            "e19bf1f2-44a5-44e6-a877-8501936d205f"
          ],
          "pending": [],
          "skipped": [],
          "duration": 11020,
          "root": false,
          "rootEmpty": false,
          "_timeout": 2000
        },
        {
          "uuid": "c88f1d51-c94f-4e98-899e-2077ddbd4c10",
          "title": "39 - Implemente a solução de forma que caso a receita já tenha sido feita, o botão \"Iniciar Receita\" deve sumir",
          "fullFile": "",
          "file": "",
          "beforeHooks": [],
          "afterHooks": [],
          "tests": [
            {
              "title": "Verifica se botão de iniciar receita não é visível na tela de detalhes de uma comida",
              "fullTitle": "39 - Implemente a solução de forma que caso a receita já tenha sido feita, o botão \"Iniciar Receita\" deve sumir Verifica se botão de iniciar receita não é visível na tela de detalhes de uma comida",
              "timedOut": null,
              "duration": 498,
              "state": "passed",
              "speed": "slow",
              "pass": true,
              "fail": false,
              "pending": false,
              "context": null,
              "code": "cy.visit('http://localhost:3000/comidas/52771', {\n  onBeforeLoad: function onBeforeLoad(win) {\n    var doneRecipes = [{\n      \"id\": \"52771\",\n      \"type\": \"comida\",\n      \"area\": \"Italian\",\n      \"category\": \"Vegetarian\",\n      \"alcoholicOrNot\": \"\",\n      \"name\": \"Spicy Arrabiata Penne\",\n      \"image\": \"https://www.themealdb.com/images/media/meals/ustsqw1468250014.jpg\",\n      \"doneDate\": \"22/6/2020\",\n      \"tags\": [\"Pasta\", \"Curry\"]\n    }];\n    localStorage.setItem('doneRecipes', JSON.stringify(doneRecipes));\n    win.fetch = fetchMock;\n  }\n});\ncy.get('[data-testid=\"start-recipe-btn\"]').should('not.be.visible');",
              "err": {},
              "uuid": "b6677264-7f2a-44b7-bdc3-db42768537c4",
              "parentUUID": "c88f1d51-c94f-4e98-899e-2077ddbd4c10",
              "isHook": false,
              "skipped": false
            },
            {
              "title": "Verifica se botão de iniciar receita não é visível na tela de detalhes de uma bebida",
              "fullTitle": "39 - Implemente a solução de forma que caso a receita já tenha sido feita, o botão \"Iniciar Receita\" deve sumir Verifica se botão de iniciar receita não é visível na tela de detalhes de uma bebida",
              "timedOut": null,
              "duration": 208,
              "state": "passed",
              "speed": "slow",
              "pass": true,
              "fail": false,
              "pending": false,
              "context": null,
              "code": "cy.visit('http://localhost:3000/bebidas/178319', {\n  onBeforeLoad: function onBeforeLoad(win) {\n    var doneRecipes = [{\n      \"id\": \"178319\",\n      \"type\": \"bebida\",\n      \"area\": \"\",\n      \"category\": \"Cocktail\",\n      \"alcoholicOrNot\": \"Alcoholic\",\n      \"name\": \"Aquamarine\",\n      \"image\": \"https://www.thecocktaildb.com/images/media/drink/zvsre31572902738.jpg\",\n      \"doneDate\": \"23/6/2020\",\n      \"tags\": []\n    }];\n    localStorage.setItem('doneRecipes', JSON.stringify(doneRecipes));\n    win.fetch = fetchMock;\n  }\n});\ncy.get('[data-testid=\"start-recipe-btn\"]').should('not.be.visible');",
              "err": {},
              "uuid": "112ee203-4e3e-4c06-afab-a1606628e61f",
              "parentUUID": "c88f1d51-c94f-4e98-899e-2077ddbd4c10",
              "isHook": false,
              "skipped": false
            }
          ],
          "suites": [],
          "passes": [
            "b6677264-7f2a-44b7-bdc3-db42768537c4",
            "112ee203-4e3e-4c06-afab-a1606628e61f"
          ],
          "failures": [],
          "pending": [],
          "skipped": [],
          "duration": 706,
          "root": false,
          "rootEmpty": false,
          "_timeout": 2000
        },
        {
          "uuid": "f9a38212-868d-45c7-b22a-2fd099864696",
          "title": "40 - Implemente a solução de modo que caso a receita tenha sido iniciada mas não finalizada, o texto do botão deve ser \"Continuar Receita\"",
          "fullFile": "",
          "file": "",
          "beforeHooks": [],
          "afterHooks": [],
          "tests": [
            {
              "title": "Verifica botão de \"Continuar Receita\" na tela de detalhes de uma comida",
              "fullTitle": "40 - Implemente a solução de modo que caso a receita tenha sido iniciada mas não finalizada, o texto do botão deve ser \"Continuar Receita\" Verifica botão de \"Continuar Receita\" na tela de detalhes de uma comida",
              "timedOut": null,
              "duration": 435,
              "state": "passed",
              "speed": "slow",
              "pass": true,
              "fail": false,
              "pending": false,
              "context": null,
              "code": "cy.visit('http://localhost:3000/comidas/52771', {\n  onBeforeLoad: function onBeforeLoad(win) {\n    var inProgressRecipes = {\n      meals: {\n        52771: []\n      }\n    };\n    localStorage.setItem('inProgressRecipes', JSON.stringify(inProgressRecipes));\n    win.fetch = fetchMock;\n  }\n});\ncy.get('[data-testid=\"start-recipe-btn\"]').contains('Continuar Receita');",
              "err": {},
              "uuid": "845fed38-9e09-4bc7-990d-9dde1bd926b2",
              "parentUUID": "f9a38212-868d-45c7-b22a-2fd099864696",
              "isHook": false,
              "skipped": false
            },
            {
              "title": "Verifica botão de \"Continuar Receita\" na tela de detalhes de uma bebida",
              "fullTitle": "40 - Implemente a solução de modo que caso a receita tenha sido iniciada mas não finalizada, o texto do botão deve ser \"Continuar Receita\" Verifica botão de \"Continuar Receita\" na tela de detalhes de uma bebida",
              "timedOut": null,
              "duration": 10504,
              "state": "failed",
              "speed": null,
              "pass": false,
              "fail": true,
              "pending": false,
              "context": null,
              "code": "cy.visit('http://localhost:3000/bebidas/178319', {\n  onBeforeLoad: function onBeforeLoad(win) {\n    var inProgressRecipes = {\n      cocktails: {\n        178319: []\n      }\n    };\n    localStorage.setItem('inProgressRecipes', JSON.stringify(inProgressRecipes));\n    win.fetch = fetchMock;\n  }\n});\ncy.get('[data-testid=\"start-recipe-btn\"]').contains('Continuar Receita');",
              "err": {
                "message": "CypressError: Timed out retrying: Expected to find element: '[data-testid=\"start-recipe-btn\"]', but never found it.",
                "estack": "CypressError: Timed out retrying: Expected to find element: '[data-testid=\"start-recipe-btn\"]', but never found it.\n    at Object.cypressErr (http://localhost:3000/__cypress/runner/cypress_runner.js:86207:11)\n    at Object.throwErr (http://localhost:3000/__cypress/runner/cypress_runner.js:86162:18)\n    at Object.throwErrByPath (http://localhost:3000/__cypress/runner/cypress_runner.js:86194:17)\n    at retry (http://localhost:3000/__cypress/runner/cypress_runner.js:76849:16)\n    at onFailFn (http://localhost:3000/__cypress/runner/cypress_runner.js:65634:16)\n    at tryCatcher (http://localhost:3000/__cypress/runner/cypress_runner.js:120203:23)\n    at Promise._settlePromiseFromHandler (http://localhost:3000/__cypress/runner/cypress_runner.js:118139:31)\n    at Promise._settlePromise (http://localhost:3000/__cypress/runner/cypress_runner.js:118196:18)\n    at Promise._settlePromise0 (http://localhost:3000/__cypress/runner/cypress_runner.js:118241:10)\n    at Promise._settlePromises (http://localhost:3000/__cypress/runner/cypress_runner.js:118316:18)\n    at Async../node_modules/bluebird/js/release/async.js.Async._drainQueue (http://localhost:3000/__cypress/runner/cypress_runner.js:114928:16)\n    at Async../node_modules/bluebird/js/release/async.js.Async._drainQueues (http://localhost:3000/__cypress/runner/cypress_runner.js:114938:10)\n    at Async.drainQueues (http://localhost:3000/__cypress/runner/cypress_runner.js:114812:14)",
                "diff": null
              },
              "uuid": "520e0d30-5e47-4431-921e-7074e15dfd9f",
              "parentUUID": "f9a38212-868d-45c7-b22a-2fd099864696",
              "isHook": false,
              "skipped": false
            }
          ],
          "suites": [],
          "passes": [
            "845fed38-9e09-4bc7-990d-9dde1bd926b2"
          ],
          "failures": [
            "520e0d30-5e47-4431-921e-7074e15dfd9f"
          ],
          "pending": [],
          "skipped": [],
          "duration": 10939,
          "root": false,
          "rootEmpty": false,
          "_timeout": 2000
        },
        {
          "uuid": "a9c49a6d-4fb5-4cec-8e6a-c600f1941e96",
          "title": "41 - Redirecione a pessoa usuário caso o botão \"Iniciar Receita\" seja clicado, a rota deve mudar para a tela de receita em processo",
          "fullFile": "",
          "file": "",
          "beforeHooks": [],
          "afterHooks": [],
          "tests": [
            {
              "title": "Redireciona para tela de receita da comida em processo",
              "fullTitle": "41 - Redirecione a pessoa usuário caso o botão \"Iniciar Receita\" seja clicado, a rota deve mudar para a tela de receita em processo Redireciona para tela de receita da comida em processo",
              "timedOut": null,
              "duration": 582,
              "state": "passed",
              "speed": "slow",
              "pass": true,
              "fail": false,
              "pending": false,
              "context": null,
              "code": "cy.visit('http://localhost:3000/comidas/52771', {\n  onBeforeLoad: function onBeforeLoad(win) {\n    win.fetch = fetchMock;\n  }\n});\ncy.get('[data-testid=\"start-recipe-btn\"]').click();\ncy.location().should(function (loc) {\n  return expect(loc.pathname).to.eq('/comidas/52771/in-progress');\n});",
              "err": {},
              "uuid": "cfb9fe65-0d10-45f9-bfbe-38e06d865cfe",
              "parentUUID": "a9c49a6d-4fb5-4cec-8e6a-c600f1941e96",
              "isHook": false,
              "skipped": false
            },
            {
              "title": "Redireciona para tela de receita da bebida em processo",
              "fullTitle": "41 - Redirecione a pessoa usuário caso o botão \"Iniciar Receita\" seja clicado, a rota deve mudar para a tela de receita em processo Redireciona para tela de receita da bebida em processo",
              "timedOut": null,
              "duration": 10518,
              "state": "failed",
              "speed": null,
              "pass": false,
              "fail": true,
              "pending": false,
              "context": null,
              "code": "cy.visit('http://localhost:3000/bebidas/178319', {\n  onBeforeLoad: function onBeforeLoad(win) {\n    win.fetch = fetchMock;\n  }\n});\ncy.get('[data-testid=\"start-recipe-btn\"]').click();\ncy.location().should(function (loc) {\n  return expect(loc.pathname).to.eq('/bebidas/178319/in-progress');\n});",
              "err": {
                "message": "CypressError: Timed out retrying: Expected to find element: '[data-testid=\"start-recipe-btn\"]', but never found it.",
                "estack": "CypressError: Timed out retrying: Expected to find element: '[data-testid=\"start-recipe-btn\"]', but never found it.\n    at Object.cypressErr (http://localhost:3000/__cypress/runner/cypress_runner.js:86207:11)\n    at Object.throwErr (http://localhost:3000/__cypress/runner/cypress_runner.js:86162:18)\n    at Object.throwErrByPath (http://localhost:3000/__cypress/runner/cypress_runner.js:86194:17)\n    at retry (http://localhost:3000/__cypress/runner/cypress_runner.js:76849:16)\n    at onFailFn (http://localhost:3000/__cypress/runner/cypress_runner.js:65634:16)\n    at tryCatcher (http://localhost:3000/__cypress/runner/cypress_runner.js:120203:23)\n    at Promise._settlePromiseFromHandler (http://localhost:3000/__cypress/runner/cypress_runner.js:118139:31)\n    at Promise._settlePromise (http://localhost:3000/__cypress/runner/cypress_runner.js:118196:18)\n    at Promise._settlePromise0 (http://localhost:3000/__cypress/runner/cypress_runner.js:118241:10)\n    at Promise._settlePromises (http://localhost:3000/__cypress/runner/cypress_runner.js:118316:18)\n    at Async../node_modules/bluebird/js/release/async.js.Async._drainQueue (http://localhost:3000/__cypress/runner/cypress_runner.js:114928:16)\n    at Async../node_modules/bluebird/js/release/async.js.Async._drainQueues (http://localhost:3000/__cypress/runner/cypress_runner.js:114938:10)\n    at Async.drainQueues (http://localhost:3000/__cypress/runner/cypress_runner.js:114812:14)",
                "diff": null
              },
              "uuid": "83669131-3531-4d48-8d8f-5cdd78b1c86d",
              "parentUUID": "a9c49a6d-4fb5-4cec-8e6a-c600f1941e96",
              "isHook": false,
              "skipped": false
            }
          ],
          "suites": [],
          "passes": [
            "cfb9fe65-0d10-45f9-bfbe-38e06d865cfe"
          ],
          "failures": [
            "83669131-3531-4d48-8d8f-5cdd78b1c86d"
          ],
          "pending": [],
          "skipped": [],
          "duration": 11100,
          "root": false,
          "rootEmpty": false,
          "_timeout": 2000
        },
        {
          "uuid": "0027553c-41a4-4cd0-9e73-6bbcaa3c05b3",
          "title": "42 - Implemente um botão de compartilhar e um de favoritar a receita",
          "fullFile": "",
          "file": "",
          "beforeHooks": [],
          "afterHooks": [],
          "tests": [
            {
              "title": "Verifica se os botões estão disponíveis na tela de detalhes de uma comida",
              "fullTitle": "42 - Implemente um botão de compartilhar e um de favoritar a receita Verifica se os botões estão disponíveis na tela de detalhes de uma comida",
              "timedOut": null,
              "duration": 509,
              "state": "passed",
              "speed": "slow",
              "pass": true,
              "fail": false,
              "pending": false,
              "context": null,
              "code": "cy.visit('http://localhost:3000/comidas/52771', {\n  onBeforeLoad: function onBeforeLoad(win) {\n    win.fetch = fetchMock;\n  }\n});\ncy.get('[data-testid=\"share-btn\"]').should('exist');\ncy.get('[data-testid=\"favorite-btn\"]').should('exist');",
              "err": {},
              "uuid": "8d1588ae-cde1-43f6-abd8-53938721ca6b",
              "parentUUID": "0027553c-41a4-4cd0-9e73-6bbcaa3c05b3",
              "isHook": false,
              "skipped": false
            },
            {
              "title": "Verifica se os botões estão disponíveis na tela de detalhes de uma bebida",
              "fullTitle": "42 - Implemente um botão de compartilhar e um de favoritar a receita Verifica se os botões estão disponíveis na tela de detalhes de uma bebida",
              "timedOut": null,
              "duration": 10455,
              "state": "failed",
              "speed": null,
              "pass": false,
              "fail": true,
              "pending": false,
              "context": null,
              "code": "cy.visit('http://localhost:3000/bebidas/178319', {\n  onBeforeLoad: function onBeforeLoad(win) {\n    win.fetch = fetchMock;\n  }\n});\ncy.get('[data-testid=\"share-btn\"]').should('exist');\ncy.get('[data-testid=\"favorite-btn\"]').should('exist');",
              "err": {
                "message": "CypressError: Timed out retrying: Expected to find element: '[data-testid=\"share-btn\"]', but never found it.",
                "estack": "CypressError: Timed out retrying: Expected to find element: '[data-testid=\"share-btn\"]', but never found it.\n    at Object.cypressErr (http://localhost:3000/__cypress/runner/cypress_runner.js:86207:11)\n    at Object.throwErr (http://localhost:3000/__cypress/runner/cypress_runner.js:86162:18)\n    at Object.throwErrByPath (http://localhost:3000/__cypress/runner/cypress_runner.js:86194:17)\n    at retry (http://localhost:3000/__cypress/runner/cypress_runner.js:76849:16)\n    at onFailFn (http://localhost:3000/__cypress/runner/cypress_runner.js:65634:16)\n    at tryCatcher (http://localhost:3000/__cypress/runner/cypress_runner.js:120203:23)\n    at Promise._settlePromiseFromHandler (http://localhost:3000/__cypress/runner/cypress_runner.js:118139:31)\n    at Promise._settlePromise (http://localhost:3000/__cypress/runner/cypress_runner.js:118196:18)\n    at Promise._settlePromise0 (http://localhost:3000/__cypress/runner/cypress_runner.js:118241:10)\n    at Promise._settlePromises (http://localhost:3000/__cypress/runner/cypress_runner.js:118316:18)\n    at Async../node_modules/bluebird/js/release/async.js.Async._drainQueue (http://localhost:3000/__cypress/runner/cypress_runner.js:114928:16)\n    at Async../node_modules/bluebird/js/release/async.js.Async._drainQueues (http://localhost:3000/__cypress/runner/cypress_runner.js:114938:10)\n    at Async.drainQueues (http://localhost:3000/__cypress/runner/cypress_runner.js:114812:14)",
                "diff": null
              },
              "uuid": "f36438dd-dc5b-441a-ae2a-7609c5b652fd",
              "parentUUID": "0027553c-41a4-4cd0-9e73-6bbcaa3c05b3",
              "isHook": false,
              "skipped": false
            }
          ],
          "suites": [],
          "passes": [
            "8d1588ae-cde1-43f6-abd8-53938721ca6b"
          ],
          "failures": [
            "f36438dd-dc5b-441a-ae2a-7609c5b652fd"
          ],
          "pending": [],
          "skipped": [],
          "duration": 10964,
          "root": false,
          "rootEmpty": false,
          "_timeout": 2000
        },
        {
          "uuid": "fc66660d-52d6-446e-ad7d-88947b4a87f0",
          "title": "43 - Implemente a solução de forma que, ao clicar no botão de compartilhar, o link da receita dentro do app deve ser copiado para o clipboard e uma mensagem avisando que o link foi copiado deve aparecer",
          "fullFile": "",
          "file": "",
          "beforeHooks": [],
          "afterHooks": [],
          "tests": [
            {
              "title": "Verifica a mensagem \"Link copiado!\" e se o link da receita da comida foi copiado para o clipboard",
              "fullTitle": "43 - Implemente a solução de forma que, ao clicar no botão de compartilhar, o link da receita dentro do app deve ser copiado para o clipboard e uma mensagem avisando que o link foi copiado deve aparecer Verifica a mensagem \"Link copiado!\" e se o link da receita da comida foi copiado para o clipboard",
              "timedOut": null,
              "duration": 644,
              "state": "passed",
              "speed": "slow",
              "pass": true,
              "fail": false,
              "pending": false,
              "context": null,
              "code": "cy.visit('http://localhost:3000/comidas/52771', {\n  onBeforeLoad: function onBeforeLoad(win) {\n    win.fetch = fetchMock;\n  }\n});\ncy.get('[data-testid=\"share-btn\"]').click();\ncy.contains('Link copiado!');\ncy.window().then(function (win) {\n  cy.wrap(win.navigator.clipboard.readText()).should('eq', 'http://localhost:3000/comidas/52771');\n});",
              "err": {},
              "uuid": "fc932dae-c664-40b1-98c3-f471cde82187",
              "parentUUID": "fc66660d-52d6-446e-ad7d-88947b4a87f0",
              "isHook": false,
              "skipped": false
            },
            {
              "title": "Verifica a mensagem \"Link copiado!\" e se o link da receita da bebida foi copiado para o clipboard",
              "fullTitle": "43 - Implemente a solução de forma que, ao clicar no botão de compartilhar, o link da receita dentro do app deve ser copiado para o clipboard e uma mensagem avisando que o link foi copiado deve aparecer Verifica a mensagem \"Link copiado!\" e se o link da receita da bebida foi copiado para o clipboard",
              "timedOut": null,
              "duration": 10547,
              "state": "failed",
              "speed": null,
              "pass": false,
              "fail": true,
              "pending": false,
              "context": null,
              "code": "cy.visit('http://localhost:3000/bebidas/178319', {\n  onBeforeLoad: function onBeforeLoad(win) {\n    win.fetch = fetchMock;\n  }\n});\ncy.get('[data-testid=\"share-btn\"]').click();\ncy.contains('Link copiado!');\ncy.window().then(function (win) {\n  cy.wrap(win.navigator.clipboard.readText()).should('eq', 'http://localhost:3000/bebidas/178319');\n});",
              "err": {
                "message": "CypressError: Timed out retrying: Expected to find element: '[data-testid=\"share-btn\"]', but never found it.",
                "estack": "CypressError: Timed out retrying: Expected to find element: '[data-testid=\"share-btn\"]', but never found it.\n    at Object.cypressErr (http://localhost:3000/__cypress/runner/cypress_runner.js:86207:11)\n    at Object.throwErr (http://localhost:3000/__cypress/runner/cypress_runner.js:86162:18)\n    at Object.throwErrByPath (http://localhost:3000/__cypress/runner/cypress_runner.js:86194:17)\n    at retry (http://localhost:3000/__cypress/runner/cypress_runner.js:76849:16)\n    at onFailFn (http://localhost:3000/__cypress/runner/cypress_runner.js:65634:16)\n    at tryCatcher (http://localhost:3000/__cypress/runner/cypress_runner.js:120203:23)\n    at Promise._settlePromiseFromHandler (http://localhost:3000/__cypress/runner/cypress_runner.js:118139:31)\n    at Promise._settlePromise (http://localhost:3000/__cypress/runner/cypress_runner.js:118196:18)\n    at Promise._settlePromise0 (http://localhost:3000/__cypress/runner/cypress_runner.js:118241:10)\n    at Promise._settlePromises (http://localhost:3000/__cypress/runner/cypress_runner.js:118316:18)\n    at Async../node_modules/bluebird/js/release/async.js.Async._drainQueue (http://localhost:3000/__cypress/runner/cypress_runner.js:114928:16)\n    at Async../node_modules/bluebird/js/release/async.js.Async._drainQueues (http://localhost:3000/__cypress/runner/cypress_runner.js:114938:10)\n    at Async.drainQueues (http://localhost:3000/__cypress/runner/cypress_runner.js:114812:14)",
                "diff": null
              },
              "uuid": "88c55fbe-9788-4a53-ada2-e8d9766c3c69",
              "parentUUID": "fc66660d-52d6-446e-ad7d-88947b4a87f0",
              "isHook": false,
              "skipped": false
            }
          ],
          "suites": [],
          "passes": [
            "fc932dae-c664-40b1-98c3-f471cde82187"
          ],
          "failures": [
            "88c55fbe-9788-4a53-ada2-e8d9766c3c69"
          ],
          "pending": [],
          "skipped": [],
          "duration": 11191,
          "root": false,
          "rootEmpty": false,
          "_timeout": 2000
        },
        {
          "uuid": "b7f35874-38da-415b-907e-324b1f5197c4",
          "title": "44 - Implemente o ícone do coração (favorito) de maneira que, deve vir preenchido caso a receita esteja favoritada e \"despreenchido\" caso contrário",
          "fullFile": "",
          "file": "",
          "beforeHooks": [],
          "afterHooks": [],
          "tests": [
            {
              "title": "Verifica se a comida favoritada vem com o coração preenchido",
              "fullTitle": "44 - Implemente o ícone do coração (favorito) de maneira que, deve vir preenchido caso a receita esteja favoritada e \"despreenchido\" caso contrário Verifica se a comida favoritada vem com o coração preenchido",
              "timedOut": null,
              "duration": 10708,
              "state": "failed",
              "speed": null,
              "pass": false,
              "fail": true,
              "pending": false,
              "context": null,
              "code": "cy.visit('http://localhost:3000/comidas/52771', {\n  onBeforeLoad: function onBeforeLoad(win) {\n    var favoriteRecipes = [{\n      \"id\": \"52771\",\n      \"type\": \"comida\",\n      \"area\": \"Italian\",\n      \"category\": \"Vegetarian\",\n      \"alcoholicOrNot\": \"\",\n      \"name\": \"Spicy Arrabiata Penne\",\n      \"image\": \"https://www.themealdb.com/images/media/meals/ustsqw1468250014.jpg\"\n    }];\n    localStorage.setItem('favoriteRecipes', JSON.stringify(favoriteRecipes));\n    win.fetch = fetchMock;\n  }\n});\ncy.get('[data-testid=\"favorite-btn\"]').should('have.attr', 'src').should('include', 'blackHeartIcon');",
              "err": {
                "message": "CypressError: Timed out retrying: expected '<button>' to have attribute 'src'",
                "estack": "CypressError: Timed out retrying: expected '<button>' to have attribute 'src'\n    at Object.cypressErr (http://localhost:3000/__cypress/runner/cypress_runner.js:86207:11)\n    at Object.throwErr (http://localhost:3000/__cypress/runner/cypress_runner.js:86162:18)\n    at Object.throwErrByPath (http://localhost:3000/__cypress/runner/cypress_runner.js:86194:17)\n    at retry (http://localhost:3000/__cypress/runner/cypress_runner.js:76849:16)\n    at onFailFn (http://localhost:3000/__cypress/runner/cypress_runner.js:65634:16)\n    at tryCatcher (http://localhost:3000/__cypress/runner/cypress_runner.js:120203:23)\n    at Promise._settlePromiseFromHandler (http://localhost:3000/__cypress/runner/cypress_runner.js:118139:31)\n    at Promise._settlePromise (http://localhost:3000/__cypress/runner/cypress_runner.js:118196:18)\n    at Promise._settlePromise0 (http://localhost:3000/__cypress/runner/cypress_runner.js:118241:10)\n    at Promise._settlePromises (http://localhost:3000/__cypress/runner/cypress_runner.js:118316:18)\n    at Async../node_modules/bluebird/js/release/async.js.Async._drainQueue (http://localhost:3000/__cypress/runner/cypress_runner.js:114928:16)\n    at Async../node_modules/bluebird/js/release/async.js.Async._drainQueues (http://localhost:3000/__cypress/runner/cypress_runner.js:114938:10)\n    at Async.drainQueues (http://localhost:3000/__cypress/runner/cypress_runner.js:114812:14)",
                "diff": null
              },
              "uuid": "12c70312-471a-46a7-abbd-26f0609e1acf",
              "parentUUID": "b7f35874-38da-415b-907e-324b1f5197c4",
              "isHook": false,
              "skipped": false
            },
            {
              "title": "Verifica se a comida não favoritada vem com o coração \"despreenchido\"",
              "fullTitle": "44 - Implemente o ícone do coração (favorito) de maneira que, deve vir preenchido caso a receita esteja favoritada e \"despreenchido\" caso contrário Verifica se a comida não favoritada vem com o coração \"despreenchido\"",
              "timedOut": null,
              "duration": 10721,
              "state": "failed",
              "speed": null,
              "pass": false,
              "fail": true,
              "pending": false,
              "context": null,
              "code": "cy.visit('http://localhost:3000/comidas/52771', {\n  onBeforeLoad: function onBeforeLoad(win) {\n    win.fetch = fetchMock;\n  }\n});\ncy.get('[data-testid=\"favorite-btn\"]').should('have.attr', 'src').should('include', 'whiteHeartIcon');",
              "err": {
                "message": "CypressError: Timed out retrying: expected '<button>' to have attribute 'src'",
                "estack": "CypressError: Timed out retrying: expected '<button>' to have attribute 'src'\n    at Object.cypressErr (http://localhost:3000/__cypress/runner/cypress_runner.js:86207:11)\n    at Object.throwErr (http://localhost:3000/__cypress/runner/cypress_runner.js:86162:18)\n    at Object.throwErrByPath (http://localhost:3000/__cypress/runner/cypress_runner.js:86194:17)\n    at retry (http://localhost:3000/__cypress/runner/cypress_runner.js:76849:16)\n    at onFailFn (http://localhost:3000/__cypress/runner/cypress_runner.js:65634:16)\n    at tryCatcher (http://localhost:3000/__cypress/runner/cypress_runner.js:120203:23)\n    at Promise._settlePromiseFromHandler (http://localhost:3000/__cypress/runner/cypress_runner.js:118139:31)\n    at Promise._settlePromise (http://localhost:3000/__cypress/runner/cypress_runner.js:118196:18)\n    at Promise._settlePromise0 (http://localhost:3000/__cypress/runner/cypress_runner.js:118241:10)\n    at Promise._settlePromises (http://localhost:3000/__cypress/runner/cypress_runner.js:118316:18)\n    at Async../node_modules/bluebird/js/release/async.js.Async._drainQueue (http://localhost:3000/__cypress/runner/cypress_runner.js:114928:16)\n    at Async../node_modules/bluebird/js/release/async.js.Async._drainQueues (http://localhost:3000/__cypress/runner/cypress_runner.js:114938:10)\n    at Async.drainQueues (http://localhost:3000/__cypress/runner/cypress_runner.js:114812:14)",
                "diff": null
              },
              "uuid": "3ed81498-a787-4917-894a-f4f5b7d84792",
              "parentUUID": "b7f35874-38da-415b-907e-324b1f5197c4",
              "isHook": false,
              "skipped": false
            },
            {
              "title": "Verifica se a bebida favoritada vem com o coração preenchido",
              "fullTitle": "44 - Implemente o ícone do coração (favorito) de maneira que, deve vir preenchido caso a receita esteja favoritada e \"despreenchido\" caso contrário Verifica se a bebida favoritada vem com o coração preenchido",
              "timedOut": null,
              "duration": 10715,
              "state": "failed",
              "speed": null,
              "pass": false,
              "fail": true,
              "pending": false,
              "context": null,
              "code": "cy.visit('http://localhost:3000/bebidas/178319', {\n  onBeforeLoad: function onBeforeLoad(win) {\n    var favoriteRecipes = [{\n      \"id\": \"178319\",\n      \"type\": \"bebida\",\n      \"area\": \"\",\n      \"category\": \"Cocktail\",\n      \"alcoholicOrNot\": \"Alcoholic\",\n      \"name\": \"Aquamarine\",\n      \"image\": \"https://www.thecocktaildb.com/images/media/drink/zvsre31572902738.jpg\"\n    }];\n    localStorage.setItem('favoriteRecipes', JSON.stringify(favoriteRecipes));\n    win.fetch = fetchMock;\n  }\n});\ncy.get('[data-testid=\"favorite-btn\"]').should('have.attr', 'src').should('include', 'blackHeartIcon');",
              "err": {
                "message": "CypressError: Timed out retrying: Expected to find element: '[data-testid=\"favorite-btn\"]', but never found it.",
                "estack": "CypressError: Timed out retrying: Expected to find element: '[data-testid=\"favorite-btn\"]', but never found it.\n    at Object.cypressErr (http://localhost:3000/__cypress/runner/cypress_runner.js:86207:11)\n    at Object.throwErr (http://localhost:3000/__cypress/runner/cypress_runner.js:86162:18)\n    at Object.throwErrByPath (http://localhost:3000/__cypress/runner/cypress_runner.js:86194:17)\n    at retry (http://localhost:3000/__cypress/runner/cypress_runner.js:76849:16)\n    at onFailFn (http://localhost:3000/__cypress/runner/cypress_runner.js:65634:16)\n    at tryCatcher (http://localhost:3000/__cypress/runner/cypress_runner.js:120203:23)\n    at Promise._settlePromiseFromHandler (http://localhost:3000/__cypress/runner/cypress_runner.js:118139:31)\n    at Promise._settlePromise (http://localhost:3000/__cypress/runner/cypress_runner.js:118196:18)\n    at Promise._settlePromise0 (http://localhost:3000/__cypress/runner/cypress_runner.js:118241:10)\n    at Promise._settlePromises (http://localhost:3000/__cypress/runner/cypress_runner.js:118316:18)\n    at Async../node_modules/bluebird/js/release/async.js.Async._drainQueue (http://localhost:3000/__cypress/runner/cypress_runner.js:114928:16)\n    at Async../node_modules/bluebird/js/release/async.js.Async._drainQueues (http://localhost:3000/__cypress/runner/cypress_runner.js:114938:10)\n    at Async.drainQueues (http://localhost:3000/__cypress/runner/cypress_runner.js:114812:14)",
                "diff": null
              },
              "uuid": "c99d8b08-cf71-4bd4-8e77-6a795150989f",
              "parentUUID": "b7f35874-38da-415b-907e-324b1f5197c4",
              "isHook": false,
              "skipped": false
            },
            {
              "title": "Verifica se a bebida não favoritada vem com o coração \"despreenchido\"",
              "fullTitle": "44 - Implemente o ícone do coração (favorito) de maneira que, deve vir preenchido caso a receita esteja favoritada e \"despreenchido\" caso contrário Verifica se a bebida não favoritada vem com o coração \"despreenchido\"",
              "timedOut": null,
              "duration": 10958,
              "state": "failed",
              "speed": null,
              "pass": false,
              "fail": true,
              "pending": false,
              "context": null,
              "code": "cy.visit('http://localhost:3000/bebidas/178319', {\n  onBeforeLoad: function onBeforeLoad(win) {\n    win.fetch = fetchMock;\n  }\n});\ncy.get('[data-testid=\"favorite-btn\"]').should('have.attr', 'src').should('include', 'whiteHeartIcon');",
              "err": {
                "message": "CypressError: Timed out retrying: Expected to find element: '[data-testid=\"favorite-btn\"]', but never found it.",
                "estack": "CypressError: Timed out retrying: Expected to find element: '[data-testid=\"favorite-btn\"]', but never found it.\n    at Object.cypressErr (http://localhost:3000/__cypress/runner/cypress_runner.js:86207:11)\n    at Object.throwErr (http://localhost:3000/__cypress/runner/cypress_runner.js:86162:18)\n    at Object.throwErrByPath (http://localhost:3000/__cypress/runner/cypress_runner.js:86194:17)\n    at retry (http://localhost:3000/__cypress/runner/cypress_runner.js:76849:16)\n    at onFailFn (http://localhost:3000/__cypress/runner/cypress_runner.js:65634:16)\n    at tryCatcher (http://localhost:3000/__cypress/runner/cypress_runner.js:120203:23)\n    at Promise._settlePromiseFromHandler (http://localhost:3000/__cypress/runner/cypress_runner.js:118139:31)\n    at Promise._settlePromise (http://localhost:3000/__cypress/runner/cypress_runner.js:118196:18)\n    at Promise._settlePromise0 (http://localhost:3000/__cypress/runner/cypress_runner.js:118241:10)\n    at Promise._settlePromises (http://localhost:3000/__cypress/runner/cypress_runner.js:118316:18)\n    at Async../node_modules/bluebird/js/release/async.js.Async._drainQueue (http://localhost:3000/__cypress/runner/cypress_runner.js:114928:16)\n    at Async../node_modules/bluebird/js/release/async.js.Async._drainQueues (http://localhost:3000/__cypress/runner/cypress_runner.js:114938:10)\n    at Async.drainQueues (http://localhost:3000/__cypress/runner/cypress_runner.js:114812:14)",
                "diff": null
              },
              "uuid": "aa6726de-cde9-4e70-a1b5-f06ccc74353f",
              "parentUUID": "b7f35874-38da-415b-907e-324b1f5197c4",
              "isHook": false,
              "skipped": false
            }
          ],
          "suites": [],
          "passes": [],
          "failures": [
            "12c70312-471a-46a7-abbd-26f0609e1acf",
            "3ed81498-a787-4917-894a-f4f5b7d84792",
            "c99d8b08-cf71-4bd4-8e77-6a795150989f",
            "aa6726de-cde9-4e70-a1b5-f06ccc74353f"
          ],
          "pending": [],
          "skipped": [],
          "duration": 43102,
          "root": false,
          "rootEmpty": false,
          "_timeout": 2000
        },
        {
          "uuid": "814af57d-9c80-4bc8-9194-7271e6d66177",
          "title": "45 - Implemente a lógica no botão de favoritar, caso seja clicado, o ícone do coração deve mudar seu estado atual, caso esteja preenchido deve mudar para \"despreenchido\" e vice-versa",
          "fullFile": "",
          "file": "",
          "beforeHooks": [],
          "afterHooks": [],
          "tests": [
            {
              "title": "Favorita a comida",
              "fullTitle": "45 - Implemente a lógica no botão de favoritar, caso seja clicado, o ícone do coração deve mudar seu estado atual, caso esteja preenchido deve mudar para \"despreenchido\" e vice-versa Favorita a comida",
              "timedOut": null,
              "duration": 11122,
              "state": "failed",
              "speed": null,
              "pass": false,
              "fail": true,
              "pending": false,
              "context": null,
              "code": "cy.visit('http://localhost:3000/comidas/52771', {\n  onBeforeLoad: function onBeforeLoad(win) {\n    win.fetch = fetchMock;\n  }\n});\ncy.get('[data-testid=\"favorite-btn\"]').should('have.attr', 'src').should('include', 'whiteHeartIcon');\ncy.get('[data-testid=\"favorite-btn\"]').click();\ncy.get('[data-testid=\"favorite-btn\"]').should('have.attr', 'src').should('include', 'blackHeartIcon');",
              "err": {
                "message": "CypressError: Timed out retrying: expected '<button>' to have attribute 'src'",
                "estack": "CypressError: Timed out retrying: expected '<button>' to have attribute 'src'\n    at Object.cypressErr (http://localhost:3000/__cypress/runner/cypress_runner.js:86207:11)\n    at Object.throwErr (http://localhost:3000/__cypress/runner/cypress_runner.js:86162:18)\n    at Object.throwErrByPath (http://localhost:3000/__cypress/runner/cypress_runner.js:86194:17)\n    at retry (http://localhost:3000/__cypress/runner/cypress_runner.js:76849:16)\n    at onFailFn (http://localhost:3000/__cypress/runner/cypress_runner.js:65634:16)\n    at tryCatcher (http://localhost:3000/__cypress/runner/cypress_runner.js:120203:23)\n    at Promise._settlePromiseFromHandler (http://localhost:3000/__cypress/runner/cypress_runner.js:118139:31)\n    at Promise._settlePromise (http://localhost:3000/__cypress/runner/cypress_runner.js:118196:18)\n    at Promise._settlePromise0 (http://localhost:3000/__cypress/runner/cypress_runner.js:118241:10)\n    at Promise._settlePromises (http://localhost:3000/__cypress/runner/cypress_runner.js:118316:18)\n    at Async../node_modules/bluebird/js/release/async.js.Async._drainQueue (http://localhost:3000/__cypress/runner/cypress_runner.js:114928:16)\n    at Async../node_modules/bluebird/js/release/async.js.Async._drainQueues (http://localhost:3000/__cypress/runner/cypress_runner.js:114938:10)\n    at Async.drainQueues (http://localhost:3000/__cypress/runner/cypress_runner.js:114812:14)",
                "diff": null
              },
              "uuid": "401da82e-860e-437b-a282-1e2ba3895509",
              "parentUUID": "814af57d-9c80-4bc8-9194-7271e6d66177",
              "isHook": false,
              "skipped": false
            },
            {
              "title": "Desfavorita a comida",
              "fullTitle": "45 - Implemente a lógica no botão de favoritar, caso seja clicado, o ícone do coração deve mudar seu estado atual, caso esteja preenchido deve mudar para \"despreenchido\" e vice-versa Desfavorita a comida",
              "timedOut": null,
              "duration": 10880,
              "state": "failed",
              "speed": null,
              "pass": false,
              "fail": true,
              "pending": false,
              "context": null,
              "code": "cy.visit('http://localhost:3000/comidas/52771', {\n  onBeforeLoad: function onBeforeLoad(win) {\n    var favoriteRecipes = [{\n      \"id\": \"52771\",\n      \"type\": \"comida\",\n      \"area\": \"Italian\",\n      \"category\": \"Vegetarian\",\n      \"name\": \"Spicy Arrabiata Penne\",\n      \"image\": \"https://www.themealdb.com/images/media/meals/ustsqw1468250014.jpg\"\n    }];\n    localStorage.setItem('favoriteRecipes', JSON.stringify(favoriteRecipes));\n    win.fetch = fetchMock;\n  }\n});\ncy.get('[data-testid=\"favorite-btn\"]').should('have.attr', 'src').should('include', 'blackHeartIcon');\ncy.get('[data-testid=\"favorite-btn\"]').click();\ncy.get('[data-testid=\"favorite-btn\"]').should('have.attr', 'src').should('include', 'whiteHeartIcon');",
              "err": {
                "message": "CypressError: Timed out retrying: expected '<button>' to have attribute 'src'",
                "estack": "CypressError: Timed out retrying: expected '<button>' to have attribute 'src'\n    at Object.cypressErr (http://localhost:3000/__cypress/runner/cypress_runner.js:86207:11)\n    at Object.throwErr (http://localhost:3000/__cypress/runner/cypress_runner.js:86162:18)\n    at Object.throwErrByPath (http://localhost:3000/__cypress/runner/cypress_runner.js:86194:17)\n    at retry (http://localhost:3000/__cypress/runner/cypress_runner.js:76849:16)\n    at onFailFn (http://localhost:3000/__cypress/runner/cypress_runner.js:65634:16)\n    at tryCatcher (http://localhost:3000/__cypress/runner/cypress_runner.js:120203:23)\n    at Promise._settlePromiseFromHandler (http://localhost:3000/__cypress/runner/cypress_runner.js:118139:31)\n    at Promise._settlePromise (http://localhost:3000/__cypress/runner/cypress_runner.js:118196:18)\n    at Promise._settlePromise0 (http://localhost:3000/__cypress/runner/cypress_runner.js:118241:10)\n    at Promise._settlePromises (http://localhost:3000/__cypress/runner/cypress_runner.js:118316:18)\n    at Async../node_modules/bluebird/js/release/async.js.Async._drainQueue (http://localhost:3000/__cypress/runner/cypress_runner.js:114928:16)\n    at Async../node_modules/bluebird/js/release/async.js.Async._drainQueues (http://localhost:3000/__cypress/runner/cypress_runner.js:114938:10)\n    at Async.drainQueues (http://localhost:3000/__cypress/runner/cypress_runner.js:114812:14)",
                "diff": null
              },
              "uuid": "5825685e-85db-4ab5-ad1f-df180a29af6d",
              "parentUUID": "814af57d-9c80-4bc8-9194-7271e6d66177",
              "isHook": false,
              "skipped": false
            },
            {
              "title": "Favorita a bebida",
              "fullTitle": "45 - Implemente a lógica no botão de favoritar, caso seja clicado, o ícone do coração deve mudar seu estado atual, caso esteja preenchido deve mudar para \"despreenchido\" e vice-versa Favorita a bebida",
              "timedOut": null,
              "duration": 10598,
              "state": "failed",
              "speed": null,
              "pass": false,
              "fail": true,
              "pending": false,
              "context": null,
              "code": "cy.visit('http://localhost:3000/bebidas/178319', {\n  onBeforeLoad: function onBeforeLoad(win) {\n    win.fetch = fetchMock;\n  }\n});\ncy.get('[data-testid=\"favorite-btn\"]').should('have.attr', 'src').should('include', 'whiteHeartIcon');\ncy.get('[data-testid=\"favorite-btn\"]').click();\ncy.get('[data-testid=\"favorite-btn\"]').should('have.attr', 'src').should('include', 'blackHeartIcon');",
              "err": {
                "message": "CypressError: Timed out retrying: Expected to find element: '[data-testid=\"favorite-btn\"]', but never found it.",
                "estack": "CypressError: Timed out retrying: Expected to find element: '[data-testid=\"favorite-btn\"]', but never found it.\n    at Object.cypressErr (http://localhost:3000/__cypress/runner/cypress_runner.js:86207:11)\n    at Object.throwErr (http://localhost:3000/__cypress/runner/cypress_runner.js:86162:18)\n    at Object.throwErrByPath (http://localhost:3000/__cypress/runner/cypress_runner.js:86194:17)\n    at retry (http://localhost:3000/__cypress/runner/cypress_runner.js:76849:16)\n    at onFailFn (http://localhost:3000/__cypress/runner/cypress_runner.js:65634:16)\n    at tryCatcher (http://localhost:3000/__cypress/runner/cypress_runner.js:120203:23)\n    at Promise._settlePromiseFromHandler (http://localhost:3000/__cypress/runner/cypress_runner.js:118139:31)\n    at Promise._settlePromise (http://localhost:3000/__cypress/runner/cypress_runner.js:118196:18)\n    at Promise._settlePromise0 (http://localhost:3000/__cypress/runner/cypress_runner.js:118241:10)\n    at Promise._settlePromises (http://localhost:3000/__cypress/runner/cypress_runner.js:118316:18)\n    at Async../node_modules/bluebird/js/release/async.js.Async._drainQueue (http://localhost:3000/__cypress/runner/cypress_runner.js:114928:16)\n    at Async../node_modules/bluebird/js/release/async.js.Async._drainQueues (http://localhost:3000/__cypress/runner/cypress_runner.js:114938:10)\n    at Async.drainQueues (http://localhost:3000/__cypress/runner/cypress_runner.js:114812:14)",
                "diff": null
              },
              "uuid": "c6f27b45-04cd-41be-9139-8f2ed0f84743",
              "parentUUID": "814af57d-9c80-4bc8-9194-7271e6d66177",
              "isHook": false,
              "skipped": false
            },
            {
              "title": "Desfavorita a bebida",
              "fullTitle": "45 - Implemente a lógica no botão de favoritar, caso seja clicado, o ícone do coração deve mudar seu estado atual, caso esteja preenchido deve mudar para \"despreenchido\" e vice-versa Desfavorita a bebida",
              "timedOut": null,
              "duration": 10525,
              "state": "failed",
              "speed": null,
              "pass": false,
              "fail": true,
              "pending": false,
              "context": null,
              "code": "cy.visit('http://localhost:3000/bebidas/178319', {\n  onBeforeLoad: function onBeforeLoad(win) {\n    var favoriteRecipes = [{\n      \"id\": \"178319\",\n      \"type\": \"bebida\",\n      \"category\": \"Cocktail\",\n      \"alcoholicOrNot\": \"Alcoholic\",\n      \"name\": \"Aquamarine\",\n      \"image\": \"https://www.thecocktaildb.com/images/media/drink/zvsre31572902738.jpg\"\n    }];\n    localStorage.setItem('favoriteRecipes', JSON.stringify(favoriteRecipes));\n    win.fetch = fetchMock;\n  }\n});\ncy.get('[data-testid=\"favorite-btn\"]').should('have.attr', 'src').should('include', 'blackHeartIcon');\ncy.get('[data-testid=\"favorite-btn\"]').click();\ncy.get('[data-testid=\"favorite-btn\"]').should('have.attr', 'src').should('include', 'whiteHeartIcon');",
              "err": {
                "message": "CypressError: Timed out retrying: Expected to find element: '[data-testid=\"favorite-btn\"]', but never found it.",
                "estack": "CypressError: Timed out retrying: Expected to find element: '[data-testid=\"favorite-btn\"]', but never found it.\n    at Object.cypressErr (http://localhost:3000/__cypress/runner/cypress_runner.js:86207:11)\n    at Object.throwErr (http://localhost:3000/__cypress/runner/cypress_runner.js:86162:18)\n    at Object.throwErrByPath (http://localhost:3000/__cypress/runner/cypress_runner.js:86194:17)\n    at retry (http://localhost:3000/__cypress/runner/cypress_runner.js:76849:16)\n    at onFailFn (http://localhost:3000/__cypress/runner/cypress_runner.js:65634:16)\n    at tryCatcher (http://localhost:3000/__cypress/runner/cypress_runner.js:120203:23)\n    at Promise._settlePromiseFromHandler (http://localhost:3000/__cypress/runner/cypress_runner.js:118139:31)\n    at Promise._settlePromise (http://localhost:3000/__cypress/runner/cypress_runner.js:118196:18)\n    at Promise._settlePromise0 (http://localhost:3000/__cypress/runner/cypress_runner.js:118241:10)\n    at Promise._settlePromises (http://localhost:3000/__cypress/runner/cypress_runner.js:118316:18)\n    at Async../node_modules/bluebird/js/release/async.js.Async._drainQueue (http://localhost:3000/__cypress/runner/cypress_runner.js:114928:16)\n    at Async../node_modules/bluebird/js/release/async.js.Async._drainQueues (http://localhost:3000/__cypress/runner/cypress_runner.js:114938:10)\n    at Async.drainQueues (http://localhost:3000/__cypress/runner/cypress_runner.js:114812:14)",
                "diff": null
              },
              "uuid": "aa222bf6-0c75-429f-bcaf-56717ee1fed2",
              "parentUUID": "814af57d-9c80-4bc8-9194-7271e6d66177",
              "isHook": false,
              "skipped": false
            }
          ],
          "suites": [],
          "passes": [],
          "failures": [
            "401da82e-860e-437b-a282-1e2ba3895509",
            "5825685e-85db-4ab5-ad1f-df180a29af6d",
            "c6f27b45-04cd-41be-9139-8f2ed0f84743",
            "aa222bf6-0c75-429f-bcaf-56717ee1fed2"
          ],
          "pending": [],
          "skipped": [],
          "duration": 43125,
          "root": false,
          "rootEmpty": false,
          "_timeout": 2000
        },
        {
          "uuid": "6704a1c4-f4d6-46d2-8a40-3b93f523de7f",
          "title": "46 - Salve as receitas favoritas no `localStorage` na chave `favoriteRecipes`",
          "fullFile": "",
          "file": "",
          "beforeHooks": [],
          "afterHooks": [],
          "tests": [
            {
              "title": "Verifica se após favoritar receita de uma comida, ela é salva corretamente no localStorage",
              "fullTitle": "46 - Salve as receitas favoritas no `localStorage` na chave `favoriteRecipes` Verifica se após favoritar receita de uma comida, ela é salva corretamente no localStorage",
              "timedOut": null,
              "duration": 1436,
              "state": "failed",
              "speed": null,
              "pass": false,
              "fail": true,
              "pending": false,
              "context": null,
              "code": "cy.visit('http://localhost:3000/comidas/52771', {\n  onBeforeLoad: function onBeforeLoad(win) {\n    win.fetch = fetchMock;\n  }\n});\ncy.get('[data-testid=\"favorite-btn\"]').click().then(function () {\n  var favoriteRecipes = JSON.parse(localStorage.getItem('favoriteRecipes'));\n  var expectedFavoriteRecipes = [{\n    id: '52771',\n    type: 'comida',\n    area: 'Italian',\n    category: 'Vegetarian',\n    alcoholicOrNot: '',\n    name: 'Spicy Arrabiata Penne',\n    image: 'https://www.themealdb.com/images/media/meals/ustsqw1468250014.jpg'\n  }];\n  expect(favoriteRecipes).to.deep.eq(expectedFavoriteRecipes);\n});",
              "err": {
                "message": "AssertionError: expected [ Array(1) ] to deeply equal [ Array(1) ]",
                "estack": "AssertionError: expected [ Array(1) ] to deeply equal [ Array(1) ]\n    at Assertion.assertEqual (http://localhost:3000/__cypress/runner/cypress_runner.js:3018:19)\n    at Assertion.ctx.<computed> [as eq] (http://localhost:3000/__cypress/runner/cypress_runner.js:6461:25)\n    at getRet (http://localhost:3000/__cypress/runner/cypress_runner.js:69279:16)\n    at tryCatcher (http://localhost:3000/__cypress/runner/cypress_runner.js:120203:23)\n    at Function.Promise.attempt.Promise.try (http://localhost:3000/__cypress/runner/cypress_runner.js:117478:29)\n    at Context.thenFn (http://localhost:3000/__cypress/runner/cypress_runner.js:69293:23)\n    at Context.then (http://localhost:3000/__cypress/runner/cypress_runner.js:69660:21)\n    at Context.<anonymous> (http://localhost:3000/__cypress/runner/cypress_runner.js:81414:21)\n    at http://localhost:3000/__cypress/runner/cypress_runner.js:80892:33\n    at tryCatcher (http://localhost:3000/__cypress/runner/cypress_runner.js:120203:23)\n    at Promise._settlePromiseFromHandler (http://localhost:3000/__cypress/runner/cypress_runner.js:118139:31)\n    at Promise._settlePromise (http://localhost:3000/__cypress/runner/cypress_runner.js:118196:18)\n    at Promise._settlePromiseCtx (http://localhost:3000/__cypress/runner/cypress_runner.js:118233:10)\n    at Async../node_modules/bluebird/js/release/async.js.Async._drainQueue (http://localhost:3000/__cypress/runner/cypress_runner.js:114933:12)\n    at Async../node_modules/bluebird/js/release/async.js.Async._drainQueues (http://localhost:3000/__cypress/runner/cypress_runner.js:114938:10)\n    at Async.drainQueues (http://localhost:3000/__cypress/runner/cypress_runner.js:114812:14)",
                "diff": " [\n   {\n     \"alcoholicOrNot\": \"\"\n+     \"area\": \"Italian\"\n+     \"category\": \"Vegetarian\"\n+     \"id\": \"52771\"\n+     \"image\": \"https://www.themealdb.com/images/media/meals/ustsqw1468250014.jpg\"\n+     \"name\": \"Spicy Arrabiata Penne\"\n     \"type\": \"comida\"\n   }\n ]\n"
              },
              "uuid": "94d14a44-1723-43b8-9829-d4a039a0bb8a",
              "parentUUID": "6704a1c4-f4d6-46d2-8a40-3b93f523de7f",
              "isHook": false,
              "skipped": false
            },
            {
              "title": "Verifica se após favoritar receita de uma bebida, ela é salva corretamente no localStorage",
              "fullTitle": "46 - Salve as receitas favoritas no `localStorage` na chave `favoriteRecipes` Verifica se após favoritar receita de uma bebida, ela é salva corretamente no localStorage",
              "timedOut": null,
              "duration": 10580,
              "state": "failed",
              "speed": null,
              "pass": false,
              "fail": true,
              "pending": false,
              "context": null,
              "code": "cy.visit('http://localhost:3000/bebidas/178319', {\n  onBeforeLoad: function onBeforeLoad(win) {\n    win.fetch = fetchMock;\n  }\n});\ncy.get('[data-testid=\"favorite-btn\"]').click().then(function () {\n  var favoriteRecipes = JSON.parse(localStorage.getItem('favoriteRecipes'));\n  var expectedFavoriteRecipes = [{\n    id: '178319',\n    type: 'bebida',\n    area: '',\n    category: 'Cocktail',\n    alcoholicOrNot: 'Alcoholic',\n    name: 'Aquamarine',\n    image: 'https://www.thecocktaildb.com/images/media/drink/zvsre31572902738.jpg'\n  }];\n  expect(favoriteRecipes).to.deep.eq(expectedFavoriteRecipes);\n});",
              "err": {
                "message": "CypressError: Timed out retrying: Expected to find element: '[data-testid=\"favorite-btn\"]', but never found it.",
                "estack": "CypressError: Timed out retrying: Expected to find element: '[data-testid=\"favorite-btn\"]', but never found it.\n    at Object.cypressErr (http://localhost:3000/__cypress/runner/cypress_runner.js:86207:11)\n    at Object.throwErr (http://localhost:3000/__cypress/runner/cypress_runner.js:86162:18)\n    at Object.throwErrByPath (http://localhost:3000/__cypress/runner/cypress_runner.js:86194:17)\n    at retry (http://localhost:3000/__cypress/runner/cypress_runner.js:76849:16)\n    at onFailFn (http://localhost:3000/__cypress/runner/cypress_runner.js:65634:16)\n    at tryCatcher (http://localhost:3000/__cypress/runner/cypress_runner.js:120203:23)\n    at Promise._settlePromiseFromHandler (http://localhost:3000/__cypress/runner/cypress_runner.js:118139:31)\n    at Promise._settlePromise (http://localhost:3000/__cypress/runner/cypress_runner.js:118196:18)\n    at Promise._settlePromise0 (http://localhost:3000/__cypress/runner/cypress_runner.js:118241:10)\n    at Promise._settlePromises (http://localhost:3000/__cypress/runner/cypress_runner.js:118316:18)\n    at Async../node_modules/bluebird/js/release/async.js.Async._drainQueue (http://localhost:3000/__cypress/runner/cypress_runner.js:114928:16)\n    at Async../node_modules/bluebird/js/release/async.js.Async._drainQueues (http://localhost:3000/__cypress/runner/cypress_runner.js:114938:10)\n    at Async.drainQueues (http://localhost:3000/__cypress/runner/cypress_runner.js:114812:14)",
                "diff": null
              },
              "uuid": "9c350112-d201-4a19-b7cd-2cd2cc7f6263",
              "parentUUID": "6704a1c4-f4d6-46d2-8a40-3b93f523de7f",
              "isHook": false,
              "skipped": false
            }
          ],
          "suites": [],
          "passes": [],
          "failures": [
            "94d14a44-1723-43b8-9829-d4a039a0bb8a",
            "9c350112-d201-4a19-b7cd-2cd2cc7f6263"
          ],
          "pending": [],
          "skipped": [],
          "duration": 12016,
          "root": false,
          "rootEmpty": false,
          "_timeout": 2000
        }
      ],
      "passes": [],
      "failures": [],
      "pending": [],
      "skipped": [],
      "duration": 0,
      "root": true,
      "rootEmpty": true,
      "_timeout": 2000
    }
  ],
  "meta": {
    "mocha": {
      "version": "8.2.1"
    },
    "mochawesome": {
      "options": {
        "quiet": false,
        "reportFilename": "mochawesome",
        "saveHtml": false,
        "saveJson": true,
        "consoleReporter": "spec",
        "useInlineDiffs": false,
        "code": true
      },
      "version": "6.2.1"
    },
    "marge": {
      "options": {
        "id": "default",
        "reportDir": "cypress/reports",
        "overwrite": false,
        "html": false,
        "json": true
      },
      "version": "5.1.0"
    }
  }
}