{"total": {"lines":{"total":719,"covered":146,"skipped":0,"pct":20.31},"statements":{"total":810,"covered":146,"skipped":0,"pct":18.02},"functions":{"total":308,"covered":1,"skipped":0,"pct":0.32},"branches":{"total":194,"covered":0,"skipped":0,"pct":0}}
,"/home/rafael/Documents/projects/sd-011-project-recipes-app/src/App.js": {"lines":{"total":3,"covered":1,"skipped":0,"pct":33.33},"functions":{"total":3,"covered":1,"skipped":0,"pct":33.33},"statements":{"total":3,"covered":1,"skipped":0,"pct":33.33},"branches":{"total":0,"covered":0,"skipped":0,"pct":100}}
,"/home/rafael/Documents/projects/sd-011-project-recipes-app/src/components/DrinkCard.js": {"lines":{"total":3,"covered":1,"skipped":0,"pct":33.33},"functions":{"total":1,"covered":0,"skipped":0,"pct":0},"statements":{"total":3,"covered":1,"skipped":0,"pct":33.33},"branches":{"total":0,"covered":0,"skipped":0,"pct":100}}
,"/home/rafael/Documents/projects/sd-011-project-recipes-app/src/components/DrinkCards.js": {"lines":{"total":5,"covered":2,"skipped":0,"pct":40},"functions":{"total":3,"covered":0,"skipped":0,"pct":0},"statements":{"total":6,"covered":2,"skipped":0,"pct":33.33},"branches":{"total":0,"covered":0,"skipped":0,"pct":100}}
,"/home/rafael/Documents/projects/sd-011-project-recipes-app/src/components/DrinkCategories.js": {"lines":{"total":20,"covered":3,"skipped":0,"pct":15},"functions":{"total":11,"covered":0,"skipped":0,"pct":0},"statements":{"total":22,"covered":3,"skipped":0,"pct":13.64},"branches":{"total":2,"covered":0,"skipped":0,"pct":0}}
,"/home/rafael/Documents/projects/sd-011-project-recipes-app/src/components/DrinkDetailsCard.js": {"lines":{"total":13,"covered":2,"skipped":0,"pct":15.38},"functions":{"total":9,"covered":0,"skipped":0,"pct":0},"statements":{"total":18,"covered":2,"skipped":0,"pct":11.11},"branches":{"total":4,"covered":0,"skipped":0,"pct":0}}
,"/home/rafael/Documents/projects/sd-011-project-recipes-app/src/components/DrinkFavoriteButton.js": {"lines":{"total":31,"covered":2,"skipped":0,"pct":6.45},"functions":{"total":13,"covered":0,"skipped":0,"pct":0},"statements":{"total":34,"covered":2,"skipped":0,"pct":5.88},"branches":{"total":16,"covered":0,"skipped":0,"pct":0}}
,"/home/rafael/Documents/projects/sd-011-project-recipes-app/src/components/DrinkRecomendation.js": {"lines":{"total":4,"covered":2,"skipped":0,"pct":50},"functions":{"total":2,"covered":0,"skipped":0,"pct":0},"statements":{"total":5,"covered":2,"skipped":0,"pct":40},"branches":{"total":24,"covered":0,"skipped":0,"pct":0}}
,"/home/rafael/Documents/projects/sd-011-project-recipes-app/src/components/DrinkShareButton.js": {"lines":{"total":11,"covered":2,"skipped":0,"pct":18.18},"functions":{"total":4,"covered":0,"skipped":0,"pct":0},"statements":{"total":11,"covered":2,"skipped":0,"pct":18.18},"branches":{"total":2,"covered":0,"skipped":0,"pct":0}}
,"/home/rafael/Documents/projects/sd-011-project-recipes-app/src/components/DrinkStartRecipe.js": {"lines":{"total":10,"covered":1,"skipped":0,"pct":10},"functions":{"total":3,"covered":0,"skipped":0,"pct":0},"statements":{"total":11,"covered":1,"skipped":0,"pct":9.09},"branches":{"total":8,"covered":0,"skipped":0,"pct":0}}
,"/home/rafael/Documents/projects/sd-011-project-recipes-app/src/components/FavoriteButton.js": {"lines":{"total":31,"covered":2,"skipped":0,"pct":6.45},"functions":{"total":14,"covered":0,"skipped":0,"pct":0},"statements":{"total":35,"covered":2,"skipped":0,"pct":5.71},"branches":{"total":15,"covered":0,"skipped":0,"pct":0}}
,"/home/rafael/Documents/projects/sd-011-project-recipes-app/src/components/FoodCard.js": {"lines":{"total":3,"covered":1,"skipped":0,"pct":33.33},"functions":{"total":1,"covered":0,"skipped":0,"pct":0},"statements":{"total":3,"covered":1,"skipped":0,"pct":33.33},"branches":{"total":0,"covered":0,"skipped":0,"pct":100}}
,"/home/rafael/Documents/projects/sd-011-project-recipes-app/src/components/FoodCards.js": {"lines":{"total":5,"covered":2,"skipped":0,"pct":40},"functions":{"total":3,"covered":0,"skipped":0,"pct":0},"statements":{"total":6,"covered":2,"skipped":0,"pct":33.33},"branches":{"total":0,"covered":0,"skipped":0,"pct":100}}
,"/home/rafael/Documents/projects/sd-011-project-recipes-app/src/components/FoodCategories.js": {"lines":{"total":20,"covered":3,"skipped":0,"pct":15},"functions":{"total":11,"covered":0,"skipped":0,"pct":0},"statements":{"total":22,"covered":3,"skipped":0,"pct":13.64},"branches":{"total":2,"covered":0,"skipped":0,"pct":0}}
,"/home/rafael/Documents/projects/sd-011-project-recipes-app/src/components/FoodDetailsCard.js": {"lines":{"total":13,"covered":2,"skipped":0,"pct":15.38},"functions":{"total":9,"covered":0,"skipped":0,"pct":0},"statements":{"total":18,"covered":2,"skipped":0,"pct":11.11},"branches":{"total":4,"covered":0,"skipped":0,"pct":0}}
,"/home/rafael/Documents/projects/sd-011-project-recipes-app/src/components/FoodRecomendation.js": {"lines":{"total":4,"covered":2,"skipped":0,"pct":50},"functions":{"total":2,"covered":0,"skipped":0,"pct":0},"statements":{"total":5,"covered":2,"skipped":0,"pct":40},"branches":{"total":24,"covered":0,"skipped":0,"pct":0}}
,"/home/rafael/Documents/projects/sd-011-project-recipes-app/src/components/Footer.js": {"lines":{"total":1,"covered":0,"skipped":0,"pct":0},"functions":{"total":1,"covered":0,"skipped":0,"pct":0},"statements":{"total":1,"covered":0,"skipped":0,"pct":0},"branches":{"total":0,"covered":0,"skipped":0,"pct":100}}
,"/home/rafael/Documents/projects/sd-011-project-recipes-app/src/components/Header.js": {"lines":{"total":9,"covered":1,"skipped":0,"pct":11.11},"functions":{"total":5,"covered":0,"skipped":0,"pct":0},"statements":{"total":10,"covered":1,"skipped":0,"pct":10},"branches":{"total":4,"covered":0,"skipped":0,"pct":0}}
,"/home/rafael/Documents/projects/sd-011-project-recipes-app/src/components/SearchBar.js": {"lines":{"total":47,"covered":3,"skipped":0,"pct":6.38},"functions":{"total":19,"covered":0,"skipped":0,"pct":0},"statements":{"total":49,"covered":3,"skipped":0,"pct":6.12},"branches":{"total":14,"covered":0,"skipped":0,"pct":0}}
,"/home/rafael/Documents/projects/sd-011-project-recipes-app/src/components/ShareButton.js": {"lines":{"total":11,"covered":2,"skipped":0,"pct":18.18},"functions":{"total":4,"covered":0,"skipped":0,"pct":0},"statements":{"total":11,"covered":2,"skipped":0,"pct":18.18},"branches":{"total":2,"covered":0,"skipped":0,"pct":0}}
,"/home/rafael/Documents/projects/sd-011-project-recipes-app/src/components/StartRecipe.js": {"lines":{"total":10,"covered":1,"skipped":0,"pct":10},"functions":{"total":3,"covered":0,"skipped":0,"pct":0},"statements":{"total":11,"covered":1,"skipped":0,"pct":9.09},"branches":{"total":8,"covered":0,"skipped":0,"pct":0}}
,"/home/rafael/Documents/projects/sd-011-project-recipes-app/src/pages/DoneRecipes.js": {"lines":{"total":17,"covered":0,"skipped":0,"pct":0},"functions":{"total":10,"covered":0,"skipped":0,"pct":0},"statements":{"total":17,"covered":0,"skipped":0,"pct":0},"branches":{"total":4,"covered":0,"skipped":0,"pct":0}}
,"/home/rafael/Documents/projects/sd-011-project-recipes-app/src/pages/DrinkDetails.js": {"lines":{"total":9,"covered":2,"skipped":0,"pct":22.22},"functions":{"total":5,"covered":0,"skipped":0,"pct":0},"statements":{"total":10,"covered":2,"skipped":0,"pct":20},"branches":{"total":0,"covered":0,"skipped":0,"pct":100}}
,"/home/rafael/Documents/projects/sd-011-project-recipes-app/src/pages/DrinkInProgress.js": {"lines":{"total":1,"covered":0,"skipped":0,"pct":0},"functions":{"total":1,"covered":0,"skipped":0,"pct":0},"statements":{"total":1,"covered":0,"skipped":0,"pct":0},"branches":{"total":0,"covered":0,"skipped":0,"pct":100}}
,"/home/rafael/Documents/projects/sd-011-project-recipes-app/src/pages/Drinks.js": {"lines":{"total":14,"covered":3,"skipped":0,"pct":21.43},"functions":{"total":8,"covered":0,"skipped":0,"pct":0},"statements":{"total":16,"covered":3,"skipped":0,"pct":18.75},"branches":{"total":2,"covered":0,"skipped":0,"pct":0}}
,"/home/rafael/Documents/projects/sd-011-project-recipes-app/src/pages/Explore.js": {"lines":{"total":1,"covered":0,"skipped":0,"pct":0},"functions":{"total":1,"covered":0,"skipped":0,"pct":0},"statements":{"total":1,"covered":0,"skipped":0,"pct":0},"branches":{"total":0,"covered":0,"skipped":0,"pct":100}}
,"/home/rafael/Documents/projects/sd-011-project-recipes-app/src/pages/ExploreDrinks.js": {"lines":{"total":9,"covered":2,"skipped":0,"pct":22.22},"functions":{"total":5,"covered":0,"skipped":0,"pct":0},"statements":{"total":10,"covered":2,"skipped":0,"pct":20},"branches":{"total":0,"covered":0,"skipped":0,"pct":100}}
,"/home/rafael/Documents/projects/sd-011-project-recipes-app/src/pages/ExploreDrinksIngredients.js": {"lines":{"total":14,"covered":3,"skipped":0,"pct":21.43},"functions":{"total":9,"covered":0,"skipped":0,"pct":0},"statements":{"total":16,"covered":3,"skipped":0,"pct":18.75},"branches":{"total":0,"covered":0,"skipped":0,"pct":100}}
,"/home/rafael/Documents/projects/sd-011-project-recipes-app/src/pages/ExploreFoodByArea.js": {"lines":{"total":12,"covered":3,"skipped":0,"pct":25},"functions":{"total":8,"covered":0,"skipped":0,"pct":0},"statements":{"total":14,"covered":3,"skipped":0,"pct":21.43},"branches":{"total":4,"covered":0,"skipped":0,"pct":0}}
,"/home/rafael/Documents/projects/sd-011-project-recipes-app/src/pages/ExploreFoodIngredients.js": {"lines":{"total":14,"covered":3,"skipped":0,"pct":21.43},"functions":{"total":9,"covered":0,"skipped":0,"pct":0},"statements":{"total":16,"covered":3,"skipped":0,"pct":18.75},"branches":{"total":0,"covered":0,"skipped":0,"pct":100}}
,"/home/rafael/Documents/projects/sd-011-project-recipes-app/src/pages/ExploreFoods.js": {"lines":{"total":9,"covered":2,"skipped":0,"pct":22.22},"functions":{"total":5,"covered":0,"skipped":0,"pct":0},"statements":{"total":10,"covered":2,"skipped":0,"pct":20},"branches":{"total":0,"covered":0,"skipped":0,"pct":100}}
,"/home/rafael/Documents/projects/sd-011-project-recipes-app/src/pages/FavoriteRecipes.js": {"lines":{"total":20,"covered":3,"skipped":0,"pct":15},"functions":{"total":12,"covered":0,"skipped":0,"pct":0},"statements":{"total":22,"covered":3,"skipped":0,"pct":13.64},"branches":{"total":4,"covered":0,"skipped":0,"pct":0}}
,"/home/rafael/Documents/projects/sd-011-project-recipes-app/src/pages/FoodDetails.js": {"lines":{"total":9,"covered":2,"skipped":0,"pct":22.22},"functions":{"total":5,"covered":0,"skipped":0,"pct":0},"statements":{"total":10,"covered":2,"skipped":0,"pct":20},"branches":{"total":0,"covered":0,"skipped":0,"pct":100}}
,"/home/rafael/Documents/projects/sd-011-project-recipes-app/src/pages/FoodInProgress.js": {"lines":{"total":1,"covered":0,"skipped":0,"pct":0},"functions":{"total":1,"covered":0,"skipped":0,"pct":0},"statements":{"total":1,"covered":0,"skipped":0,"pct":0},"branches":{"total":0,"covered":0,"skipped":0,"pct":100}}
,"/home/rafael/Documents/projects/sd-011-project-recipes-app/src/pages/Foods.js": {"lines":{"total":16,"covered":3,"skipped":0,"pct":18.75},"functions":{"total":9,"covered":0,"skipped":0,"pct":0},"statements":{"total":18,"covered":3,"skipped":0,"pct":16.67},"branches":{"total":2,"covered":0,"skipped":0,"pct":0}}
,"/home/rafael/Documents/projects/sd-011-project-recipes-app/src/pages/Login.js": {"lines":{"total":24,"covered":1,"skipped":0,"pct":4.17},"functions":{"total":6,"covered":0,"skipped":0,"pct":0},"statements":{"total":24,"covered":1,"skipped":0,"pct":4.17},"branches":{"total":4,"covered":0,"skipped":0,"pct":0}}
,"/home/rafael/Documents/projects/sd-011-project-recipes-app/src/pages/NotFound.js": {"lines":{"total":1,"covered":0,"skipped":0,"pct":0},"functions":{"total":1,"covered":0,"skipped":0,"pct":0},"statements":{"total":1,"covered":0,"skipped":0,"pct":0},"branches":{"total":0,"covered":0,"skipped":0,"pct":100}}
,"/home/rafael/Documents/projects/sd-011-project-recipes-app/src/pages/Profile.js": {"lines":{"total":6,"covered":0,"skipped":0,"pct":0},"functions":{"total":2,"covered":0,"skipped":0,"pct":0},"statements":{"total":6,"covered":0,"skipped":0,"pct":0},"branches":{"total":2,"covered":0,"skipped":0,"pct":0}}
,"/home/rafael/Documents/projects/sd-011-project-recipes-app/src/redux/actions/drinkActions.js": {"lines":{"total":59,"covered":28,"skipped":0,"pct":47.46},"functions":{"total":30,"covered":0,"skipped":0,"pct":0},"statements":{"total":78,"covered":28,"skipped":0,"pct":35.9},"branches":{"total":4,"covered":0,"skipped":0,"pct":0}}
,"/home/rafael/Documents/projects/sd-011-project-recipes-app/src/redux/actions/foodActions.js": {"lines":{"total":64,"covered":31,"skipped":0,"pct":48.44},"functions":{"total":33,"covered":0,"skipped":0,"pct":0},"statements":{"total":85,"covered":31,"skipped":0,"pct":36.47},"branches":{"total":4,"covered":0,"skipped":0,"pct":0}}
,"/home/rafael/Documents/projects/sd-011-project-recipes-app/src/redux/actions/searchBarActions.js": {"lines":{"total":29,"covered":8,"skipped":0,"pct":27.59},"functions":{"total":7,"covered":0,"skipped":0,"pct":0},"statements":{"total":34,"covered":8,"skipped":0,"pct":23.53},"branches":{"total":8,"covered":0,"skipped":0,"pct":0}}
,"/home/rafael/Documents/projects/sd-011-project-recipes-app/src/redux/reducers/drinkReducer.js": {"lines":{"total":13,"covered":0,"skipped":0,"pct":0},"functions":{"total":1,"covered":0,"skipped":0,"pct":0},"statements":{"total":13,"covered":0,"skipped":0,"pct":0},"branches":{"total":10,"covered":0,"skipped":0,"pct":0}}
,"/home/rafael/Documents/projects/sd-011-project-recipes-app/src/redux/reducers/foodReducer.js": {"lines":{"total":15,"covered":0,"skipped":0,"pct":0},"functions":{"total":1,"covered":0,"skipped":0,"pct":0},"statements":{"total":15,"covered":0,"skipped":0,"pct":0},"branches":{"total":12,"covered":0,"skipped":0,"pct":0}}
,"/home/rafael/Documents/projects/sd-011-project-recipes-app/src/redux/reducers/searchBarReducer.js": {"lines":{"total":6,"covered":0,"skipped":0,"pct":0},"functions":{"total":1,"covered":0,"skipped":0,"pct":0},"statements":{"total":6,"covered":0,"skipped":0,"pct":0},"branches":{"total":5,"covered":0,"skipped":0,"pct":0}}
,"/home/rafael/Documents/projects/sd-011-project-recipes-app/src/services/fetchAPIDrink.js": {"lines":{"total":48,"covered":8,"skipped":0,"pct":16.67},"functions":{"total":8,"covered":0,"skipped":0,"pct":0},"statements":{"total":48,"covered":8,"skipped":0,"pct":16.67},"branches":{"total":0,"covered":0,"skipped":0,"pct":100}}
,"/home/rafael/Documents/projects/sd-011-project-recipes-app/src/services/fetchAPIFood.js": {"lines":{"total":54,"covered":9,"skipped":0,"pct":16.67},"functions":{"total":9,"covered":0,"skipped":0,"pct":0},"statements":{"total":54,"covered":9,"skipped":0,"pct":16.67},"branches":{"total":0,"covered":0,"skipped":0,"pct":100}}
}
